converted_baiano_f0003001 2

converted_baiano_f0003002 2

converted_baiano_f0003003 2

converted_baiano_f0003004 2

converted_baiano_f0003005 2

converted_baiano_f0003006 2

converted_baiano_f0003007 2

converted_baiano_f0003008 2

converted_baiano_f0003009 2

converted_baiano_f0003010 2

converted_baiano_f0003011 2

converted_baiano_f0003012 2

converted_baiano_f0003013 2

converted_baiano_f0003014 2

converted_baiano_f0003015 2

converted_baiano_f0003016 2

converted_baiano_f0003017 2

converted_baiano_f0003018 2

converted_baiano_f0003019 2

converted_baiano_f0003020 2

converted_baiano_f0003021 2

converted_baiano_f0003022 2

converted_baiano_f0003023 2

converted_baiano_f0003024 2

converted_baiano_f0003025 2

converted_baiano_f0003026 2

converted_baiano_f0003027 2

converted_baiano_f0003028 2

converted_baiano_f0003029 2

converted_baiano_f0003030 2

converted_baiano_f0003031 2

converted_baiano_f0003032 2

converted_baiano_f0003033 2

converted_baiano_f0003034 2

converted_baiano_f0003035 2

converted_baiano_f0003036 2

converted_baiano_f0003037 2

converted_baiano_f0003038 2

converted_baiano_f0003039 2

converted_baiano_f0003040 2

converted_baiano_f0003041 2

converted_baiano_f0003042 2

converted_baiano_f0003043 2

converted_baiano_f0003044 2

converted_baiano_f0003045 2

converted_baiano_f0003046 2

converted_baiano_f0003047 2

converted_baiano_f0003048 2

converted_baiano_f0003049 2

converted_baiano_f0003050 2

converted_baiano_f0003051 2

converted_baiano_f0003052 2

converted_baiano_f0003053 2

converted_baiano_f0003054 2

converted_baiano_f0003055 2

converted_baiano_f0003056 2

converted_baiano_f0003057 2

converted_baiano_f0003058 2

converted_baiano_f0003059 2

converted_baiano_f0003060 2

converted_baiano_f0003061 2

converted_baiano_f0003062 2

converted_baiano_f0003063 2

converted_baiano_f0003064 2

converted_baiano_f0003065 2

converted_baiano_f0003066 2

converted_baiano_f0003067 2

converted_baiano_f0003068 2

converted_baiano_f0003069 2

converted_baiano_f0003070 2

converted_baiano_f0003071 2

converted_baiano_f0003072 2

converted_baiano_f0003073 2

converted_baiano_f0003074 2

converted_baiano_f0003075 2

converted_baiano_f0003076 2

converted_baiano_f0003077 2

converted_baiano_f0003078 2

converted_baiano_f0003079 2

converted_baiano_f0003080 2

converted_baiano_f0003081 2

converted_baiano_f0003082 2

converted_baiano_f0003083 2

converted_baiano_f0003084 2

converted_baiano_f0003085 2

converted_fluminense_m0026001 3

converted_fluminense_m0026002 3

converted_fluminense_m0026003 3

converted_fluminense_m0026004 3

converted_fluminense_m0026005 3

converted_fluminense_m0026006 3

converted_fluminense_m0026007 3

converted_fluminense_m0026008 3

converted_fluminense_m0026009 3

converted_fluminense_m0026010 3

converted_fluminense_m0026011 3

converted_fluminense_m0026012 3

converted_fluminense_m0026013 3

converted_fluminense_m0026014 3

converted_fluminense_m0026015 3

converted_fluminense_m0026016 3

converted_fluminense_m0026017 3

converted_fluminense_m0026018 3

converted_fluminense_m0026019 3

converted_fluminense_m0026020 3

converted_fluminense_m0026021 3

converted_fluminense_m0026022 3

converted_fluminense_m0026023 3

converted_fluminense_m0026024 3

converted_fluminense_m0026025 3

converted_fluminense_m0026026 3

converted_fluminense_m0026027 3

converted_fluminense_m0026028 3

converted_fluminense_m0026029 3

converted_fluminense_m0026030 3

converted_fluminense_m0026031 3

converted_fluminense_m0026032 3

converted_fluminense_m0026033 3

converted_fluminense_m0026034 3

converted_fluminense_m0026035 3

converted_fluminense_m0026036 3

converted_fluminense_m0026037 3

converted_fluminense_m0026038 3

converted_fluminense_m0026039 3

converted_fluminense_m0026040 3

converted_fluminense_m0026041 3

converted_fluminense_m0026042 3

converted_fluminense_m0026043 3

converted_fluminense_m0026044 3

converted_fluminense_m0026045 3

converted_fluminense_m0026046 3

converted_fluminense_m0026047 3

converted_fluminense_m0026048 3

converted_fluminense_m0026049 3

converted_fluminense_m0026050 3

converted_fluminense_m0026051 3

converted_fluminense_m0026052 3

converted_fluminense_m0026053 3

converted_fluminense_m0026054 3

converted_fluminense_m0026055 3

converted_fluminense_m0026056 3

converted_fluminense_m0026057 3

converted_fluminense_m0026058 3

converted_fluminense_m0026059 3

converted_fluminense_m0026060 3

converted_fluminense_m0026061 3

converted_fluminense_m0026062 3

converted_fluminense_m0026063 3

converted_fluminense_m0026064 3

converted_fluminense_m0026065 3

converted_fluminense_m0026066 3

converted_fluminense_m0026067 3

converted_fluminense_m0026068 3

converted_fluminense_m0026069 3

converted_fluminense_m0026070 3

converted_fluminense_m0026071 3

converted_fluminense_m0026072 3

converted_fluminense_m0026073 3

converted_fluminense_m0026074 3

converted_fluminense_m0026075 3

converted_fluminense_m0026076 3

converted_fluminense_m0026077 3

converted_fluminense_m0034001 3

converted_fluminense_m0034002 3

converted_fluminense_m0034003 3

converted_fluminense_m0034004 3

converted_fluminense_m0034005 3

converted_fluminense_m0034006 3

converted_fluminense_m0034007 3

converted_fluminense_m0034008 3

converted_fluminense_m0034009 3

converted_fluminense_m0034010 3

converted_fluminense_m0034011 3

converted_fluminense_m0034012 3

converted_fluminense_m0034013 3

converted_fluminense_m0034014 3

converted_fluminense_m0034015 3

converted_fluminense_m0034016 3

converted_fluminense_m0034017 3

converted_fluminense_m0034018 3

converted_fluminense_m0034019 3

converted_fluminense_m0034020 3

converted_fluminense_m0034021 3

converted_fluminense_m0034022 3

converted_fluminense_m0034023 3

converted_fluminense_m0034024 3

converted_fluminense_m0034025 3

converted_fluminense_m0034026 3

converted_fluminense_m0034027 3

converted_fluminense_m0034028 3

converted_fluminense_m0034029 3

converted_fluminense_m0034030 3

converted_fluminense_m0034031 3

converted_fluminense_m0034032 3

converted_fluminense_m0034033 3

converted_fluminense_m0034034 3

converted_fluminense_m0034035 3

converted_fluminense_m0034036 3

converted_fluminense_m0034037 3

converted_fluminense_m0034038 3

converted_fluminense_m0034039 3

converted_fluminense_m0034040 3

converted_fluminense_m0034041 3

converted_fluminense_m0034042 3

converted_fluminense_m0034043 3

converted_fluminense_m0034044 3

converted_fluminense_m0034045 3

converted_fluminense_m0034046 3

converted_fluminense_m0034047 3

converted_fluminense_m0034048 3

converted_fluminense_m0034049 3

converted_fluminense_m0034050 3

converted_fluminense_m0034051 3

converted_fluminense_m0034052 3

converted_fluminense_m0034053 3

converted_fluminense_m0034054 3

converted_fluminense_m0034055 3

converted_fluminense_m0034056 3

converted_fluminense_m0034057 3

converted_fluminense_m0034058 3

converted_fluminense_m0034059 3

converted_fluminense_m0034060 3

converted_fluminense_m0034061 3

converted_fluminense_m0034062 3

converted_fluminense_m0034063 3

converted_fluminense_m0034064 3

converted_fluminense_m0034065 3

converted_fluminense_m0034066 3

converted_fluminense_m0034067 3

converted_fluminense_m0034068 3

converted_fluminense_m0034069 3

converted_fluminense_m0034070 3

converted_fluminense_m0034071 3

converted_fluminense_m0035001 3

converted_fluminense_m0035002 3

converted_fluminense_m0035003 3

converted_fluminense_m0035004 3

converted_fluminense_m0035005 3

converted_fluminense_m0035006 3

converted_fluminense_m0035007 3

converted_mineiro_m0015001 4

converted_mineiro_m0015002 4

converted_mineiro_m0015003 4

converted_mineiro_m0015004 4

converted_mineiro_m0015005 4

converted_mineiro_m0015006 4

converted_mineiro_m0015007 4

converted_mineiro_m0015008 4

converted_mineiro_m0015009 4

converted_mineiro_m0015010 4

converted_mineiro_m0015011 4

converted_mineiro_m0015012 4

converted_mineiro_m0015013 4

converted_mineiro_m0015014 4

converted_mineiro_m0015015 4

converted_mineiro_m0015016 4

converted_mineiro_m0015017 4

converted_mineiro_m0015018 4

converted_mineiro_m0015019 4

converted_mineiro_m0015020 4

converted_mineiro_m0015021 4

converted_mineiro_m0015022 4

converted_mineiro_m0015023 4

converted_mineiro_m0015024 4

converted_mineiro_m0015025 4

converted_mineiro_m0015026 4

converted_mineiro_m0015027 4

converted_mineiro_m0015028 4

converted_mineiro_m0015029 4

converted_mineiro_m0015030 4

converted_mineiro_m0015031 4

converted_mineiro_m0015032 4

converted_mineiro_m0015033 4

converted_mineiro_m0015034 4

converted_mineiro_m0015035 4

converted_mineiro_m0015036 4

converted_mineiro_m0015037 4

converted_mineiro_m0015038 4

converted_mineiro_m0015039 4

converted_mineiro_m0015040 4

converted_mineiro_m0015041 4

converted_mineiro_m0015042 4

converted_mineiro_m0015043 4

converted_mineiro_m0015044 4

converted_mineiro_m0015045 4

converted_mineiro_m0015046 4

converted_mineiro_m0015047 4

converted_mineiro_m0015048 4

converted_mineiro_m0015049 4

converted_mineiro_m0015050 4

converted_mineiro_m0015051 4

converted_mineiro_m0015052 4

converted_mineiro_m0015053 4

converted_mineiro_m0015054 4

converted_mineiro_m0015055 4

converted_mineiro_m0015056 4

converted_mineiro_m0015057 4

converted_mineiro_m0015058 4

converted_mineiro_m0015059 4

converted_mineiro_m0015060 4

converted_mineiro_m0015061 4

converted_mineiro_m0015062 4

converted_mineiro_m0015063 4

converted_mineiro_m0015064 4

converted_mineiro_m0015065 4

converted_mineiro_m0015066 4

converted_mineiro_m0015067 4

converted_mineiro_m0015068 4

converted_mineiro_m0015069 4

converted_mineiro_m0015070 4

converted_mineiro_m0015071 4

converted_mineiro_m0015072 4

converted_mineiro_m0015073 4

converted_mineiro_m0015074 4

converted_mineiro_m0015075 4

converted_mineiro_m0015076 4

converted_mineiro_m0015077 4

converted_mineiro_m0015078 4

converted_mineiro_m0015079 4

converted_mineiro_m0015080 4

converted_mineiro_m0015081 4

converted_mineiro_m0015082 4

converted_mineiro_m0015083 4

converted_mineiro_m0015084 4

converted_mineiro_m0015085 4

converted_mineiro_m0015086 4

converted_mineiro_m0021001 4

converted_mineiro_m0021002 4

converted_mineiro_m0021003 4

converted_mineiro_m0021004 4

converted_mineiro_m0021005 4

converted_mineiro_m0021006 4

converted_mineiro_m0021007 4

converted_mineiro_m0021008 4

converted_mineiro_m0021009 4

converted_mineiro_m0021010 4

converted_mineiro_m0021011 4

converted_mineiro_m0021012 4

converted_mineiro_m0021013 4

converted_mineiro_m0021014 4

converted_mineiro_m0021015 4

converted_mineiro_m0021016 4

converted_mineiro_m0021017 4

converted_mineiro_m0021018 4

converted_mineiro_m0021019 4

converted_mineiro_m0021020 4

converted_mineiro_m0021021 4

converted_mineiro_m0021022 4

converted_mineiro_m0021023 4

converted_mineiro_m0021024 4

converted_mineiro_m0021025 4

converted_mineiro_m0021026 4

converted_mineiro_m0021027 4

converted_mineiro_m0021028 4

converted_mineiro_m0021029 4

converted_mineiro_m0021030 4

converted_mineiro_m0021031 4

converted_mineiro_m0021032 4

converted_mineiro_m0021033 4

converted_mineiro_m0021034 4

converted_mineiro_m0021035 4

converted_mineiro_m0021036 4

converted_mineiro_m0021037 4

converted_mineiro_m0021038 4

converted_mineiro_m0021039 4

converted_mineiro_m0021040 4

converted_mineiro_m0021041 4

converted_mineiro_m0021042 4

converted_mineiro_m0021043 4

converted_mineiro_m0021044 4

converted_mineiro_m0021045 4

converted_mineiro_m0021046 4

converted_mineiro_m0021047 4

converted_mineiro_m0021048 4

converted_mineiro_m0021049 4

converted_mineiro_m0021050 4

converted_mineiro_m0021051 4

converted_mineiro_m0021052 4

converted_mineiro_m0021053 4

converted_mineiro_m0021054 4

converted_mineiro_m0021055 4

converted_mineiro_m0021056 4

converted_mineiro_m0021057 4

converted_mineiro_m0021058 4

converted_mineiro_m0021059 4

converted_mineiro_m0021060 4

converted_mineiro_m0021061 4

converted_mineiro_m0021062 4

converted_mineiro_m0021063 4

converted_mineiro_m0021064 4

converted_mineiro_m0021065 4

converted_mineiro_m0021066 4

converted_mineiro_m0021067 4

converted_mineiro_m0021068 4

converted_mineiro_m0021069 4

converted_mineiro_m0021070 4

converted_mineiro_m0021071 4

converted_mineiro_m0021072 4

converted_mineiro_m0021073 4

converted_mineiro_m0021074 4

converted_mineiro_m0021075 4

converted_mineiro_m0021076 4

converted_mineiro_m0021077 4

converted_mineiro_m0021078 4

converted_mineiro_m0021079 4

converted_mineiro_m0021080 4

converted_mineiro_m0021081 4

converted_mineiro_m0021082 4

converted_mineiro_m0021083 4

converted_mineiro_m0021084 4

converted_mineiro_m0021085 4

converted_mineiro_m0021086 4

converted_mineiro_m0021087 4

converted_mineiro_m0021088 4

converted_mineiro_m0021089 4

converted_mineiro_m0030001 4

converted_mineiro_m0030002 4

converted_mineiro_m0030003 4

converted_mineiro_m0030004 4

converted_mineiro_m0030005 4

converted_mineiro_m0030006 4

converted_mineiro_m0030007 4

converted_mineiro_m0030008 4

converted_mineiro_m0030009 4

converted_mineiro_m0030010 4

converted_mineiro_m0030011 4

converted_mineiro_m0030012 4

converted_mineiro_m0030013 4

converted_mineiro_m0030014 4

converted_mineiro_m0030015 4

converted_mineiro_m0030016 4

converted_mineiro_m0030017 4

converted_mineiro_m0030018 4

converted_mineiro_m0030019 4

converted_mineiro_m0030020 4

converted_mineiro_m0030021 4

converted_mineiro_m0030022 4

converted_mineiro_m0030023 4

converted_mineiro_m0030024 4

converted_mineiro_m0030025 4

converted_mineiro_m0030026 4

converted_mineiro_m0030027 4

converted_mineiro_m0030028 4

converted_mineiro_m0030029 4

converted_mineiro_m0030030 4

converted_mineiro_m0030031 4

converted_mineiro_m0030032 4

converted_mineiro_m0030033 4

converted_mineiro_m0030034 4

converted_mineiro_m0030035 4

converted_mineiro_m0030036 4

converted_mineiro_m0030037 4

converted_mineiro_m0030038 4

converted_mineiro_m0030039 4

converted_mineiro_m0030040 4

converted_mineiro_m0030041 4

converted_mineiro_m0030042 4

converted_mineiro_m0030043 4

converted_mineiro_m0030044 4

converted_mineiro_m0030045 4

converted_mineiro_m0030046 4

converted_mineiro_m0030047 4

converted_mineiro_m0030048 4

converted_mineiro_m0030049 4

converted_mineiro_m0030050 4

converted_mineiro_m0030051 4

converted_mineiro_m0030052 4

converted_mineiro_m0030053 4

converted_mineiro_m0030054 4

converted_mineiro_m0030055 4

converted_mineiro_m0030056 4

converted_mineiro_m0030057 4

converted_mineiro_m0030058 4

converted_mineiro_m0030059 4

converted_mineiro_m0030060 4

converted_mineiro_m0030061 4

converted_mineiro_m0030062 4

converted_mineiro_m0030063 4

converted_mineiro_m0030064 4

converted_mineiro_m0030065 4

converted_mineiro_m0030066 4

converted_mineiro_m0030067 4

converted_mineiro_m0030068 4

converted_mineiro_m0030069 4

converted_mineiro_m0030070 4

converted_mineiro_m0030071 4

converted_mineiro_m0030072 4

converted_mineiro_m0030073 4

converted_mineiro_m0030074 4

converted_mineiro_m0030075 4

converted_mineiro_m0030076 4

converted_mineiro_m0030077 4

converted_mineiro_m0031001 4

converted_mineiro_m0031002 4

converted_mineiro_m0031003 4

converted_mineiro_m0031004 4

converted_mineiro_m0031005 4

converted_mineiro_m0031006 4

converted_mineiro_m0031007 4

converted_mineiro_m0031008 4

converted_mineiro_m0031009 4

converted_mineiro_m0031010 4

converted_mineiro_m0031011 4

converted_mineiro_m0031012 4

converted_mineiro_m0031013 4

converted_mineiro_m0031014 4

converted_mineiro_m0031015 4

converted_mineiro_m0031016 4

converted_mineiro_m0031017 4

converted_mineiro_m0031018 4

converted_mineiro_m0031019 4

converted_mineiro_m0031020 4

converted_mineiro_m0031021 4

converted_mineiro_m0031022 4

converted_mineiro_m0031023 4

converted_mineiro_m0031024 4

converted_mineiro_m0031025 4

converted_mineiro_m0031026 4

converted_mineiro_m0031027 4

converted_mineiro_m0031028 4

converted_mineiro_m0031029 4

converted_mineiro_m0031030 4

converted_mineiro_m0031031 4

converted_mineiro_m0031032 4

converted_mineiro_m0031033 4

converted_mineiro_m0031034 4

converted_mineiro_m0031035 4

converted_mineiro_m0031036 4

converted_mineiro_m0031037 4

converted_mineiro_m0031038 4

converted_mineiro_m0031039 4

converted_mineiro_m0031040 4

converted_mineiro_m0031041 4

converted_mineiro_m0031042 4

converted_mineiro_m0031043 4

converted_mineiro_m0031044 4

converted_mineiro_m0031045 4

converted_mineiro_m0031046 4

converted_mineiro_m0031047 4

converted_mineiro_m0031048 4

converted_mineiro_m0031049 4

converted_mineiro_m0031050 4

converted_mineiro_m0031051 4

converted_mineiro_m0031052 4

converted_mineiro_m0031053 4

converted_mineiro_m0031054 4

converted_mineiro_m0031055 4

converted_mineiro_m0031056 4

converted_mineiro_m0031057 4

converted_mineiro_m0031058 4

converted_mineiro_m0031059 4

converted_mineiro_m0031060 4

converted_mineiro_m0031061 4

converted_mineiro_m0031062 4

converted_mineiro_m0031063 4

converted_mineiro_m0031064 4

converted_mineiro_m0031065 4

converted_nordestino_m0004011 6

converted_nordestino_m0004012 6

converted_nordestino_m0004013 6

converted_nordestino_m0004014 6

converted_nordestino_m0004015 6

converted_nordestino_m0004016 6

converted_nordestino_m0004017 6

converted_nordestino_m0004018 6

converted_nordestino_m0004019 6

converted_nordestino_m0004020 6

converted_nordestino_m0004021 6

converted_nordestino_m0004022 6

converted_nordestino_m0004023 6

converted_nordestino_m0004024 6

converted_nordestino_m0004025 6

converted_nordestino_m0004026 6

converted_nordestino_m0004027 6

converted_nordestino_m0004028 6

converted_nordestino_m0004029 6

converted_nordestino_m0004030 6

converted_nordestino_m0004031 6

converted_nordestino_m0004032 6

converted_nordestino_m0004033 6

converted_nordestino_m0004034 6

converted_nordestino_m0004035 6

converted_nordestino_m0004036 6

converted_nordestino_m0004037 6

converted_nordestino_m0004038 6

converted_nordestino_m0004039 6

converted_nordestino_m0004040 6

converted_nordestino_m0004041 6

converted_nordestino_m0004042 6

converted_nordestino_m0004043 6

converted_nordestino_m0004044 6

converted_nordestino_m0004045 6

converted_nordestino_m0004046 6

converted_nordestino_m0004047 6

converted_nordestino_m0004048 6

converted_nordestino_m0004049 6

converted_nordestino_m0004050 6

converted_nordestino_m0004051 6

converted_nordestino_m0004052 6

converted_nordestino_m0004053 6

converted_nordestino_m0004054 6

converted_nordestino_m0004055 6

converted_nordestino_m0004056 6

converted_nordestino_m0004057 6

converted_nordestino_m0004058 6

converted_nordestino_m0004059 6

converted_nordestino_m0004060 6

converted_nordestino_m0004061 6

converted_nordestino_m0004062 6

converted_nordestino_m0004063 6

converted_nordestino_m0004064 6

converted_nordestino_m0004065 6

converted_nordestino_m0004066 6

converted_nordestino_m0004067 6

converted_nordestino_m0004068 6

converted_nordestino_m0004069 6

converted_nordestino_m0004070 6

converted_nordestino_m0004071 6

converted_nordestino_m0004072 6

converted_nordestino_m0004073 6

converted_nordestino_m0004074 6

converted_nordestino_m0004075 6

converted_nordestino_m0004076 6

converted_nordestino_m0004077 6

converted_nordestino_m0004078 6

converted_nordestino_m0004079 6

converted_nordestino_m0004080 6

converted_nordestino_m0006001 6

converted_nordestino_m0006002 6

converted_nordestino_m0006003 6

converted_nordestino_m0006004 6

converted_nordestino_m0006005 6

converted_nordestino_m0006006 6

converted_nordestino_m0006007 6

converted_nordestino_m0006008 6

converted_nordestino_m0006009 6

converted_nordestino_m0006010 6

converted_nordestino_m0006011 6

converted_nordestino_m0006012 6

converted_nordestino_m0006013 6

converted_nordestino_m0006014 6

converted_nordestino_m0006015 6

converted_nordestino_m0006016 6

converted_nordestino_m0006017 6

converted_nordestino_m0006018 6

converted_nordestino_m0006019 6

converted_nordestino_m0006020 6

converted_nordestino_m0006021 6

converted_nordestino_m0006022 6

converted_nordestino_m0006023 6

converted_nordestino_m0006024 6

converted_nordestino_m0006025 6

converted_nordestino_m0006026 6

converted_nordestino_m0006027 6

converted_nordestino_m0006028 6

converted_nordestino_m0006029 6

converted_nordestino_m0006030 6

converted_nordestino_m0006031 6

converted_nordestino_m0006032 6

converted_nordestino_m0006033 6

converted_nordestino_m0006034 6

converted_nordestino_m0006035 6

converted_nordestino_m0006036 6

converted_nordestino_m0006037 6

converted_nordestino_m0006038 6

converted_nordestino_m0006039 6

converted_nordestino_m0006040 6

converted_nordestino_m0006041 6

converted_nordestino_m0006042 6

converted_nordestino_m0006043 6

converted_nordestino_m0006044 6

converted_nordestino_m0006045 6

converted_nordestino_m0006046 6

converted_nordestino_m0006047 6

converted_nordestino_m0006048 6

converted_nordestino_m0006049 6

converted_nordestino_m0006050 6

converted_nordestino_m0006051 6

converted_nordestino_m0006052 6

converted_nordestino_m0006053 6

converted_nordestino_m0006054 6

converted_nordestino_m0006055 6

converted_sulista_m0001011 7

converted_sulista_m0001012 7

converted_sulista_m0001013 7

converted_sulista_m0001014 7

converted_sulista_m0001015 7

converted_sulista_m0001016 7

converted_sulista_m0001017 7

converted_sulista_m0001018 7

converted_sulista_m0001019 7

converted_sulista_m0001020 7

converted_sulista_m0001021 7

converted_sulista_m0001022 7

converted_sulista_m0001023 7

converted_sulista_m0001024 7

converted_sulista_m0001025 7

converted_sulista_m0001026 7

converted_sulista_m0001027 7

converted_sulista_m0001028 7

converted_sulista_m0001029 7

converted_sulista_m0001030 7

converted_sulista_m0001031 7

converted_sulista_m0001032 7

converted_sulista_m0001033 7

converted_sulista_m0001034 7

converted_sulista_m0001035 7

converted_sulista_m0001036 7

converted_sulista_m0001037 7

converted_sulista_m0001038 7

converted_sulista_m0001039 7

converted_sulista_m0001040 7

converted_sulista_m0001041 7

converted_sulista_m0001042 7

converted_sulista_m0001043 7

converted_sulista_m0001044 7

converted_sulista_m0001045 7

converted_sulista_m0001046 7

converted_sulista_m0001047 7

converted_sulista_m0001048 7

converted_sulista_m0001049 7

converted_sulista_m0001050 7

converted_sulista_m0001051 7

converted_sulista_m0001052 7

converted_sulista_m0001053 7

converted_sulista_m0001054 7

converted_sulista_m0001055 7

converted_sulista_m0001056 7

converted_sulista_m0001057 7

converted_sulista_m0001058 7

converted_sulista_m0001059 7

converted_sulista_m0001060 7

converted_sulista_m0001061 7

converted_sulista_m0001062 7

converted_sulista_m0001063 7

converted_sulista_m0001064 7

converted_sulista_m0001065 7

converted_sulista_m0001066 7

converted_sulista_m0001067 7

converted_sulista_m0001068 7

converted_sulista_m0001069 7

converted_sulista_m0001070 7

converted_sulista_m0001071 7

converted_sulista_m0001072 7

converted_sulista_m0001073 7

converted_sulista_m0001074 7

converted_sulista_m0001075 7

converted_sulista_m0001076 7

converted_sulista_m0001077 7

converted_sulista_m0002001 7

converted_sulista_m0002002 7

converted_sulista_m0002003 7

converted_sulista_m0002004 7

converted_sulista_m0002005 7

converted_sulista_m0002006 7

converted_sulista_m0002007 7

converted_sulista_m0002008 7

converted_sulista_m0002009 7

converted_sulista_m0002010 7

converted_sulista_m0002011 7

converted_sulista_m0002012 7

converted_sulista_m0002013 7

converted_sulista_m0002014 7

converted_sulista_m0002015 7

converted_sulista_m0002016 7

converted_sulista_m0002017 7

converted_sulista_m0002018 7

converted_sulista_m0002019 7

converted_sulista_m0002020 7

converted_sulista_m0002021 7

converted_sulista_m0002022 7

converted_sulista_m0002023 7

converted_sulista_m0002024 7

converted_sulista_m0002025 7

converted_sulista_m0002026 7

converted_sulista_m0002027 7

converted_sulista_m0002028 7

converted_sulista_m0002029 7

converted_sulista_m0002030 7

converted_sulista_m0002031 7

converted_sulista_m0002032 7

converted_sulista_m0002033 7

converted_sulista_m0002034 7

converted_sulista_m0002035 7

converted_sulista_m0002036 7

converted_sulista_m0002037 7

converted_sulista_m0002038 7

converted_sulista_m0002039 7

converted_sulista_m0002040 7

converted_sulista_m0002041 7

converted_sulista_m0002042 7

converted_sulista_m0002043 7

converted_sulista_m0002044 7

converted_sulista_m0002045 7

converted_sulista_m0002046 7

converted_sulista_m0002047 7

converted_sulista_m0002048 7

converted_sulista_m0002049 7

converted_sulista_m0002050 7

converted_sulista_m0002051 7

converted_sulista_m0002052 7

converted_sulista_m0002053 7

converted_sulista_m0002054 7

converted_sulista_m0002055 7

converted_sulista_m0002056 7

converted_sulista_m0002057 7

converted_sulista_m0002058 7

converted_sulista_m0002059 7

converted_sulista_m0002060 7

converted_sulista_m0002061 7

converted_sulista_m0002062 7

converted_sulista_m0002063 7

converted_sulista_m0002064 7

converted_sulista_m0002065 7

converted_sulista_m0002066 7

converted_sulista_m0002067 7

converted_sulista_m0002068 7

converted_sulista_m0002069 7

converted_sulista_m0002070 7

converted_sulista_m0002071 7

converted_sulista_m0002072 7

converted_sulista_m0002073 7

converted_sulista_m0002074 7

converted_sulista_m0002075 7

converted_sulista_m0002076 7

converted_sulista_m0002077 7

converted_sulista_m0002078 7

converted_sulista_m0002079 7

converted_sulista_m0002080 7

converted_sulista_m0002081 7

converted_sulista_m0002082 7

converted_sulista_m0002083 7

converted_sulista_m0002084 7

converted_sulista_m0002085 7

converted_sulista_m0002086 7

converted_sulista_m0003001 7

converted_sulista_m0003002 7

converted_sulista_m0003003 7

converted_sulista_m0003004 7

converted_sulista_m0003005 7

converted_sulista_m0003006 7

converted_sulista_m0003007 7

converted_sulista_m0003008 7

converted_sulista_m0003009 7

converted_sulista_m0003010 7

converted_sulista_m0003011 7

converted_sulista_m0003012 7

converted_sulista_m0003013 7

converted_sulista_m0003014 7

converted_sulista_m0003015 7

converted_sulista_m0003016 7

converted_sulista_m0003017 7

converted_sulista_m0003018 7

converted_sulista_m0003019 7

converted_sulista_m0003020 7

converted_sulista_m0003021 7

converted_sulista_m0003022 7

converted_sulista_m0003023 7

converted_sulista_m0003024 7

converted_sulista_m0003025 7

converted_sulista_m0003026 7

converted_sulista_m0003027 7

converted_sulista_m0003028 7

converted_sulista_m0003029 7

converted_sulista_m0003030 7

converted_sulista_m0003031 7

converted_sulista_m0003032 7

converted_sulista_m0003033 7

converted_sulista_m0003034 7

converted_sulista_m0003035 7

converted_sulista_m0003036 7

converted_sulista_m0003037 7

converted_sulista_m0003038 7

converted_sulista_m0003039 7

converted_sulista_m0003040 7

converted_sulista_m0003041 7

converted_sulista_m0003042 7

converted_sulista_m0003043 7

converted_sulista_m0003044 7

converted_sulista_m0003045 7

converted_sulista_m0003046 7

converted_sulista_m0003047 7

converted_sulista_m0003048 7

converted_sulista_m0003049 7

converted_sulista_m0003050 7

converted_sulista_m0003051 7

converted_sulista_m0003052 7

converted_sulista_m0003053 7

converted_sulista_m0003054 7

converted_sulista_m0003055 7

converted_sulista_m0003056 7

converted_sulista_m0003057 7

converted_sulista_m0003058 7

converted_sulista_m0003059 7

converted_sulista_m0003060 7

converted_sulista_m0003061 7

converted_sulista_m0003062 7

converted_sulista_m0003063 7

converted_sulista_m0003064 7

converted_sulista_m0003065 7

converted_sulista_m0003066 7

converted_sulista_m0003067 7

converted_sulista_m0003068 7

converted_sulista_m0003069 7

converted_sulista_m0003070 7

converted_sulista_m0003071 7

converted_sulista_m0003072 7

converted_sulista_m0003073 7

converted_sulista_m0003074 7

converted_sulista_m0003075 7

converted_sulista_m0003076 7

converted_sulista_m0003077 7

converted_sulista_m0003078 7

converted_sulista_m0003079 7

converted_sulista_m0003080 7

converted_sulista_m0003081 7

converted_sulista_m0003082 7

converted_sulista_m0003083 7

converted_sulista_m0005031 7

converted_sulista_m0005032 7

converted_sulista_m0005033 7

converted_sulista_m0005034 7

converted_sulista_m0005035 7

converted_sulista_m0005036 7

converted_sulista_m0005037 7

converted_sulista_m0005038 7

converted_sulista_m0005039 7

converted_sulista_m0005040 7

converted_sulista_m0005041 7

converted_sulista_m0005042 7

converted_sulista_m0005043 7

converted_sulista_m0005044 7

converted_sulista_m0005045 7

converted_sulista_m0005046 7

converted_sulista_m0005047 7

converted_sulista_m0005048 7

converted_sulista_m0005049 7

converted_sulista_m0005050 7

converted_sulista_m0005051 7

converted_sulista_m0005052 7

converted_sulista_m0005053 7

converted_sulista_m0005054 7

converted_sulista_m0005055 7

converted_sulista_m0005056 7

converted_sulista_m0005057 7

converted_sulista_m0005058 7

converted_sulista_m0005059 7

converted_sulista_m0005060 7

converted_sulista_m0005061 7

converted_sulista_m0005062 7

converted_sulista_m0005063 7

converted_sulista_m0005064 7

converted_sulista_m0005065 7

converted_sulista_m0005066 7

converted_sulista_m0005067 7

converted_sulista_m0005068 7

converted_sulista_m0005069 7

converted_sulista_m0005070 7

converted_sulista_m0005071 7

converted_sulista_m0005072 7

converted_sulista_m0005073 7

converted_sulista_m0005074 7

converted_sulista_m0005076 7

converted_sulista_m0007001 7

converted_sulista_m0007002 7

converted_sulista_m0007003 7

converted_sulista_m0007004 7

converted_sulista_m0007005 7

converted_sulista_m0007006 7

converted_sulista_m0007007 7

converted_sulista_m0007008 7

converted_sulista_m0007009 7

converted_sulista_m0007010 7

converted_sulista_m0007011 7

converted_sulista_m0007012 7

converted_sulista_m0007013 7

converted_sulista_m0007014 7

converted_sulista_m0007015 7

converted_sulista_m0007016 7

converted_sulista_m0007017 7

converted_sulista_m0007018 7

converted_sulista_m0007019 7

converted_sulista_m0007020 7

converted_sulista_m0007021 7

converted_sulista_m0007022 7

converted_sulista_m0007023 7

converted_sulista_m0007024 7

converted_sulista_m0007025 7

converted_sulista_m0007026 7

converted_sulista_m0007027 7

converted_sulista_m0007028 7

converted_sulista_m0007029 7

converted_sulista_m0007030 7

converted_sulista_m0007031 7

converted_sulista_m0007032 7

converted_sulista_m0007033 7

converted_sulista_m0007034 7

converted_sulista_m0007035 7

converted_sulista_m0007036 7

converted_sulista_m0007037 7

converted_sulista_m0007038 7

converted_sulista_m0007039 7

converted_sulista_m0007040 7

converted_sulista_m0007041 7

converted_sulista_m0007042 7

converted_sulista_m0007043 7

converted_sulista_m0007044 7

converted_sulista_m0007045 7

converted_sulista_m0007046 7

converted_sulista_m0007047 7

converted_sulista_m0007048 7

converted_sulista_m0007049 7

converted_sulista_m0007050 7

converted_sulista_m0007051 7

converted_sulista_m0007052 7

converted_sulista_m0007053 7

converted_sulista_m0007054 7

converted_sulista_m0007055 7

converted_sulista_m0007056 7

converted_sulista_m0007057 7

converted_sulista_m0007058 7

converted_sulista_m0007059 7

converted_sulista_m0007060 7

converted_sulista_m0007061 7

converted_sulista_m0007062 7

converted_sulista_m0007063 7

converted_sulista_m0007064 7

converted_sulista_m0007065 7

converted_sulista_m0007066 7

converted_sulista_m0007067 7

converted_sulista_m0007068 7

converted_sulista_m0007069 7

converted_sulista_m0007070 7

converted_sulista_m0007071 7

converted_sulista_m0007072 7

converted_sulista_m0007073 7

converted_sulista_m0007074 7

converted_sulista_m0007075 7

converted_sulista_m0007076 7

converted_sulista_m0008001 7

converted_sulista_m0008002 7

converted_sulista_m0008003 7

converted_sulista_m0008004 7

converted_sulista_m0008005 7

converted_sulista_m0008006 7

converted_sulista_m0008007 7

converted_sulista_m0008008 7

converted_sulista_m0008009 7

converted_sulista_m0008010 7

converted_sulista_m0008011 7

converted_sulista_m0008012 7

converted_sulista_m0008013 7

converted_sulista_m0008014 7

converted_sulista_m0008015 7

converted_sulista_m0008016 7

converted_sulista_m0008017 7

converted_sulista_m0008018 7

converted_sulista_m0008019 7

converted_sulista_m0008020 7

converted_sulista_m0008021 7

converted_sulista_m0008022 7

converted_sulista_m0008023 7

converted_sulista_m0008024 7

converted_sulista_m0008025 7

converted_sulista_m0008026 7

converted_sulista_m0008027 7

converted_sulista_m0008028 7

converted_sulista_m0008029 7

converted_sulista_m0008030 7

converted_sulista_m0008031 7

converted_sulista_m0008032 7

converted_sulista_m0008033 7

converted_sulista_m0008034 7

converted_sulista_m0008035 7

converted_sulista_m0008036 7

converted_sulista_m0008037 7

converted_sulista_m0008038 7

converted_sulista_m0008039 7

converted_sulista_m0008040 7

converted_sulista_m0008041 7

converted_sulista_m0008042 7

converted_sulista_m0008043 7

converted_sulista_m0008044 7

converted_sulista_m0008045 7

converted_sulista_m0008046 7

converted_sulista_m0008047 7

converted_sulista_m0008048 7

converted_sulista_m0008049 7

converted_sulista_m0008050 7

converted_sulista_m0008051 7

converted_sulista_m0008052 7

converted_sulista_m0008053 7

converted_sulista_m0008054 7

converted_sulista_m0008055 7

converted_sulista_m0008056 7

converted_sulista_m0008057 7

converted_sulista_m0008058 7

converted_sulista_m0008059 7

converted_sulista_m0008060 7

converted_sulista_m0008061 7

converted_sulista_m0008062 7

converted_sulista_m0008063 7

converted_sulista_m0008064 7

converted_sulista_m0008065 7

converted_sulista_m0008066 7

converted_sulista_m0008067 7

converted_sulista_m0008068 7

converted_sulista_m0008069 7

converted_sulista_m0008070 7

converted_sulista_m0008071 7

converted_sulista_m0008072 7

converted_sulista_m0008073 7

converted_sulista_m0008074 7

converted_sulista_m0008075 7

converted_sulista_m0008076 7

converted_sulista_m0008077 7

converted_sulista_m0008078 7

converted_sulista_m0008079 7

converted_sulista_m0008080 7

converted_sulista_m0008081 7

converted_sulista_m0008082 7

converted_sulista_m0008083 7

converted_sulista_m0008084 7

converted_sulista_m0008085 7

converted_sulista_m0008086 7

converted_sulista_m0009001 7

converted_sulista_m0009002 7

converted_sulista_m0009003 7

converted_sulista_m0009004 7

converted_sulista_m0009005 7

converted_sulista_m0009006 7

converted_sulista_m0009007 7

converted_sulista_m0009008 7

converted_sulista_m0009009 7

converted_sulista_m0009010 7

converted_sulista_m0009011 7

converted_sulista_m0009012 7

converted_sulista_m0009013 7

converted_sulista_m0009014 7

converted_sulista_m0009015 7

converted_sulista_m0009016 7

converted_sulista_m0009017 7

converted_sulista_m0009018 7

converted_sulista_m0009019 7

converted_sulista_m0009020 7

converted_sulista_m0009021 7

converted_sulista_m0009022 7

converted_sulista_m0009023 7

converted_sulista_m0009024 7

converted_sulista_m0009025 7

converted_sulista_m0009026 7

converted_sulista_m0009027 7

converted_sulista_m0009028 7

converted_sulista_m0009029 7

converted_sulista_m0009030 7

converted_sulista_m0009031 7

converted_sulista_m0009032 7

converted_sulista_m0009033 7

converted_sulista_m0009034 7

converted_sulista_m0009035 7

converted_sulista_m0009036 7

converted_sulista_m0009037 7

converted_sulista_m0009038 7

converted_sulista_m0009039 7

converted_sulista_m0009040 7

converted_sulista_m0009041 7

converted_sulista_m0009042 7

converted_sulista_m0009043 7

converted_sulista_m0009044 7

converted_sulista_m0009045 7

converted_sulista_m0009046 7

converted_sulista_m0009047 7

converted_sulista_m0009048 7

converted_sulista_m0009049 7

converted_sulista_m0009050 7

converted_sulista_m0009051 7

converted_sulista_m0009052 7

converted_sulista_m0009053 7

converted_sulista_m0009054 7

converted_sulista_m0009055 7

converted_sulista_m0009056 7

converted_sulista_m0009057 7

converted_sulista_m0009058 7

converted_sulista_m0009059 7

converted_sulista_m0009060 7

converted_sulista_m0009061 7

converted_sulista_m0009062 7

converted_sulista_m0009063 7

converted_sulista_m0009064 7

converted_sulista_m0009065 7

converted_sulista_m0009066 7

converted_sulista_m0009067 7

converted_sulista_m0009068 7

converted_sulista_m0009069 7

converted_sulista_m0009070 7

converted_sulista_m0009071 7

converted_sulista_m0009072 7

converted_sulista_m0009073 7

converted_sulista_m0009074 7

converted_sulista_m0009075 7

converted_sulista_m0009076 7

converted_sulista_m0009077 7

converted_sulista_m0009078 7

converted_sulista_m0009079 7

converted_sulista_m0009080 7

converted_sulista_m0009081 7

converted_sulista_m0009082 7

converted_sulista_m0009083 7

converted_sulista_m0010001 7

converted_sulista_m0010002 7

converted_sulista_m0010003 7

converted_sulista_m0010004 7

converted_sulista_m0010005 7

converted_sulista_m0010006 7

converted_sulista_m0010007 7

converted_sulista_m0010008 7

converted_sulista_m0010009 7

converted_sulista_m0010010 7

converted_sulista_m0010011 7

converted_sulista_m0010012 7

converted_sulista_m0010013 7

converted_sulista_m0010014 7

converted_sulista_m0010015 7

converted_sulista_m0010016 7

converted_sulista_m0010017 7

converted_sulista_m0010018 7

converted_sulista_m0010019 7

converted_sulista_m0010020 7

converted_sulista_m0010021 7

converted_sulista_m0010022 7

converted_sulista_m0010023 7

converted_sulista_m0010024 7

converted_sulista_m0010025 7

converted_sulista_m0010026 7

converted_sulista_m0010027 7

converted_sulista_m0010028 7

converted_sulista_m0010029 7

converted_sulista_m0010030 7

converted_sulista_m0010031 7

converted_sulista_m0010032 7

converted_sulista_m0010033 7

converted_sulista_m0010034 7

converted_sulista_m0010035 7

converted_sulista_m0010036 7

converted_sulista_m0010037 7

converted_sulista_m0010038 7

converted_sulista_m0010039 7

converted_sulista_m0010040 7

converted_sulista_m0010041 7

converted_sulista_m0010042 7

converted_sulista_m0010043 7

converted_sulista_m0010044 7

converted_sulista_m0010045 7

converted_sulista_m0010046 7

converted_sulista_m0010047 7

converted_sulista_m0010048 7

converted_sulista_m0010049 7

converted_sulista_m0010050 7

converted_sulista_m0010051 7

converted_sulista_m0010052 7

converted_sulista_m0010053 7

converted_sulista_m0010054 7

converted_sulista_m0010055 7

converted_sulista_m0010056 7

converted_sulista_m0010057 7

converted_sulista_m0010058 7

converted_sulista_m0010059 7

converted_sulista_m0010060 7

converted_sulista_m0010061 7

converted_sulista_m0010062 7

converted_sulista_m0010063 7

converted_sulista_m0010064 7

converted_sulista_m0010065 7

converted_sulista_m0010066 7

converted_sulista_m0010067 7

converted_sulista_m0010068 7

converted_sulista_m0010069 7

converted_sulista_m0010070 7

converted_sulista_m0010071 7

converted_sulista_m0010072 7

converted_sulista_m0010073 7

converted_sulista_m0010074 7

converted_sulista_m0010075 7

converted_sulista_m0010076 7

converted_sulista_m0010077 7

converted_sulista_m0011001 7

converted_sulista_m0011002 7

converted_sulista_m0011003 7

converted_sulista_m0011004 7

converted_sulista_m0011005 7

converted_sulista_m0011006 7

converted_sulista_m0011007 7

converted_sulista_m0011008 7

converted_sulista_m0011009 7

converted_sulista_m0011010 7

converted_sulista_m0011011 7

converted_sulista_m0011012 7

converted_sulista_m0011013 7

converted_sulista_m0011014 7

converted_sulista_m0011015 7

converted_sulista_m0011016 7

converted_sulista_m0011017 7

converted_sulista_m0011018 7

converted_sulista_m0011019 7

converted_sulista_m0011020 7

converted_sulista_m0011021 7

converted_sulista_m0011022 7

converted_sulista_m0011023 7

converted_sulista_m0011024 7

converted_sulista_m0011025 7

converted_sulista_m0011026 7

converted_sulista_m0011027 7

converted_sulista_m0011028 7

converted_sulista_m0011029 7

converted_sulista_m0011030 7

converted_sulista_m0011031 7

converted_sulista_m0011032 7

converted_sulista_m0011033 7

converted_sulista_m0011034 7

converted_sulista_m0011035 7

converted_sulista_m0011036 7

converted_sulista_m0011037 7

converted_sulista_m0011038 7

converted_sulista_m0011039 7

converted_sulista_m0011040 7

converted_sulista_m0011041 7

converted_sulista_m0011042 7

converted_sulista_m0011043 7

converted_sulista_m0011044 7

converted_sulista_m0011045 7

converted_sulista_m0011046 7

converted_sulista_m0011047 7

converted_sulista_m0011048 7

converted_sulista_m0011049 7

converted_sulista_m0011050 7

converted_sulista_m0011051 7

converted_sulista_m0011052 7

converted_sulista_m0011053 7

converted_sulista_m0011054 7

converted_sulista_m0011055 7

converted_sulista_m0011056 7

converted_sulista_m0011057 7

converted_sulista_m0011058 7

converted_sulista_m0011059 7

converted_sulista_m0011060 7

converted_sulista_m0011061 7

converted_sulista_m0011062 7

converted_sulista_m0011063 7

converted_sulista_m0011064 7

converted_sulista_m0011065 7

converted_sulista_m0011066 7

converted_sulista_m0011067 7

converted_sulista_m0011068 7

converted_sulista_m0011069 7

converted_sulista_m0011070 7

converted_sulista_m0011071 7

converted_sulista_m0011072 7

converted_sulista_m0011073 7

converted_sulista_m0011074 7

converted_sulista_m0011075 7

converted_sulista_m0011076 7

converted_sulista_m0011077 7

converted_sulista_m0012001 7

converted_sulista_m0012002 7

converted_sulista_m0012003 7

converted_sulista_m0012004 7

converted_sulista_m0012005 7

converted_sulista_m0012006 7

converted_sulista_m0012007 7

converted_sulista_m0012008 7

converted_sulista_m0012009 7

converted_sulista_m0012010 7

converted_sulista_m0012011 7

converted_sulista_m0012012 7

converted_sulista_m0012013 7

converted_sulista_m0012014 7

converted_sulista_m0012015 7

converted_sulista_m0012016 7

converted_sulista_m0012017 7

converted_sulista_m0012018 7

converted_sulista_m0012019 7

converted_sulista_m0012020 7

converted_sulista_m0012021 7

converted_sulista_m0012022 7

converted_sulista_m0012023 7

converted_sulista_m0012024 7

converted_sulista_m0012025 7

converted_sulista_m0012026 7

converted_sulista_m0012027 7

converted_sulista_m0012028 7

converted_sulista_m0012029 7

converted_sulista_m0012030 7

converted_sulista_m0012031 7

converted_sulista_m0012032 7

converted_sulista_m0012033 7

converted_sulista_m0012034 7

converted_sulista_m0012035 7

converted_sulista_m0012036 7

converted_sulista_m0012037 7

converted_sulista_m0012038 7

converted_sulista_m0012039 7

converted_sulista_m0012040 7

converted_sulista_m0012041 7

converted_sulista_m0012042 7

converted_sulista_m0012043 7

converted_sulista_m0012044 7

converted_sulista_m0012045 7

converted_sulista_m0012046 7

converted_sulista_m0012047 7

converted_sulista_m0012048 7

converted_sulista_m0012049 7

converted_sulista_m0012050 7

converted_sulista_m0012051 7

converted_sulista_m0012052 7

converted_sulista_m0012053 7

converted_sulista_m0012054 7

converted_sulista_m0012055 7

converted_sulista_m0012056 7

converted_sulista_m0012057 7

converted_sulista_m0012058 7

converted_sulista_m0012059 7

converted_sulista_m0012060 7

converted_sulista_m0012061 7

converted_sulista_m0012062 7

converted_sulista_m0012063 7

converted_sulista_m0012064 7

converted_sulista_m0012065 7

converted_sulista_m0012066 7

converted_sulista_m0012067 7

converted_sulista_m0012068 7

converted_sulista_m0012069 7

converted_sulista_m0012070 7

converted_sulista_m0012071 7

converted_sulista_m0012072 7

converted_sulista_m0012073 7

converted_sulista_m0012074 7

converted_sulista_m0012075 7

converted_sulista_m0012076 7

converted_sulista_m0012077 7

converted_sulista_m0013001 7

converted_sulista_m0013002 7

converted_sulista_m0013003 7

converted_sulista_m0013004 7

converted_sulista_m0013005 7

converted_sulista_m0013006 7

converted_sulista_m0013007 7

converted_sulista_m0013008 7

converted_sulista_m0013009 7

converted_sulista_m0013010 7

converted_sulista_m0013011 7

converted_sulista_m0013012 7

converted_sulista_m0013013 7

converted_sulista_m0013014 7

converted_sulista_m0013015 7

converted_sulista_m0013016 7

converted_sulista_m0013017 7

converted_sulista_m0013018 7

converted_sulista_m0013019 7

converted_sulista_m0013020 7

converted_sulista_m0013021 7

converted_sulista_m0013022 7

converted_sulista_m0013023 7

converted_sulista_m0013024 7

converted_sulista_m0013025 7

converted_sulista_m0013026 7

converted_sulista_m0013027 7

converted_sulista_m0013028 7

converted_sulista_m0013029 7

converted_sulista_m0013030 7

converted_sulista_m0013031 7

converted_sulista_m0013032 7

converted_sulista_m0013033 7

converted_sulista_m0013034 7

converted_sulista_m0013035 7

converted_sulista_m0013036 7

converted_sulista_m0013037 7

converted_sulista_m0013038 7

converted_sulista_m0013039 7

converted_sulista_m0013040 7

converted_sulista_m0013041 7

converted_sulista_m0013042 7

converted_sulista_m0013043 7

converted_sulista_m0013044 7

converted_sulista_m0013045 7

converted_sulista_m0013046 7

converted_sulista_m0013047 7

converted_sulista_m0013048 7

converted_sulista_m0013049 7

converted_sulista_m0013050 7

converted_sulista_m0013051 7

converted_sulista_m0013052 7

converted_sulista_m0013053 7

converted_sulista_m0013054 7

converted_sulista_m0013055 7

converted_sulista_m0013056 7

converted_sulista_m0013057 7

converted_sulista_m0013058 7

converted_sulista_m0013059 7

converted_sulista_m0013060 7

converted_sulista_m0013061 7

converted_sulista_m0013062 7

converted_sulista_m0013063 7

converted_sulista_m0013064 7

converted_sulista_m0013065 7

converted_sulista_m0013066 7

converted_sulista_m0013067 7

converted_sulista_m0013068 7

converted_sulista_m0013069 7

converted_sulista_m0013070 7

converted_sulista_m0013071 7

converted_sulista_m0013072 7

converted_sulista_m0013073 7

converted_sulista_m0013074 7

converted_sulista_m0013075 7

converted_sulista_m0013076 7

converted_sulista_m0013077 7

converted_sulista_m0014001 7

converted_sulista_m0014002 7

converted_sulista_m0014003 7

converted_sulista_m0014004 7

converted_sulista_m0014005 7

converted_sulista_m0014006 7

converted_sulista_m0014007 7

converted_sulista_m0014008 7

converted_sulista_m0014009 7

converted_sulista_m0014010 7

converted_sulista_m0014011 7

converted_sulista_m0014012 7

converted_sulista_m0014013 7

converted_sulista_m0014014 7

converted_sulista_m0014015 7

converted_sulista_m0014016 7

converted_sulista_m0014017 7

converted_sulista_m0014018 7

converted_sulista_m0014019 7

converted_sulista_m0014020 7

converted_sulista_m0014021 7

converted_sulista_m0014022 7

converted_sulista_m0014023 7

converted_sulista_m0014024 7

converted_sulista_m0014025 7

converted_sulista_m0014026 7

converted_sulista_m0014027 7

converted_sulista_m0014028 7

converted_sulista_m0014029 7

converted_sulista_m0014030 7

converted_sulista_m0014031 7

converted_sulista_m0014032 7

converted_sulista_m0014033 7

converted_sulista_m0014034 7

converted_sulista_m0014035 7

converted_sulista_m0014036 7

converted_sulista_m0014037 7

converted_sulista_m0014038 7

converted_sulista_m0014039 7

converted_sulista_m0014040 7

converted_sulista_m0014041 7

converted_sulista_m0014042 7

converted_sulista_m0014043 7

converted_sulista_m0014044 7

converted_sulista_m0014045 7

converted_sulista_m0014046 7

converted_sulista_m0014047 7

converted_sulista_m0014048 7

converted_sulista_m0014049 7

converted_sulista_m0014050 7

converted_sulista_m0014051 7

converted_sulista_m0014052 7

converted_sulista_m0014053 7

converted_sulista_m0014054 7

converted_sulista_m0014055 7

converted_sulista_m0014056 7

converted_sulista_m0014057 7

converted_sulista_m0014058 7

converted_sulista_m0014059 7

converted_sulista_m0014060 7

converted_sulista_m0014061 7

converted_sulista_m0014062 7

converted_sulista_m0014063 7

converted_sulista_m0014064 7

converted_sulista_m0014065 7

converted_sulista_m0014066 7

converted_sulista_m0014067 7

converted_sulista_m0014068 7

converted_sulista_m0014069 7

converted_sulista_m0014070 7

converted_sulista_m0014071 7

converted_sulista_m0014072 7

converted_sulista_m0014073 7

converted_sulista_m0014074 7

converted_sulista_m0014075 7

converted_sulista_m0014076 7

converted_sulista_m0014077 7

converted_sulista_m0016001 7

converted_sulista_m0016002 7

converted_sulista_m0016003 7

converted_sulista_m0016004 7

converted_sulista_m0016005 7

converted_sulista_m0016006 7

converted_sulista_m0016007 7

converted_sulista_m0016008 7

converted_sulista_m0016009 7

converted_sulista_m0016010 7

converted_sulista_m0016011 7

converted_sulista_m0016012 7

converted_sulista_m0016013 7

converted_sulista_m0016014 7

converted_sulista_m0016015 7

converted_sulista_m0016016 7

converted_sulista_m0016017 7

converted_sulista_m0016018 7

converted_sulista_m0016019 7

converted_sulista_m0016020 7

converted_sulista_m0016021 7

converted_sulista_m0016022 7

converted_sulista_m0016023 7

converted_sulista_m0016024 7

converted_sulista_m0016025 7

converted_sulista_m0016026 7

converted_sulista_m0016027 7

converted_sulista_m0016028 7

converted_sulista_m0016029 7

converted_sulista_m0016030 7

converted_sulista_m0016031 7

converted_sulista_m0016032 7

converted_sulista_m0016033 7

converted_sulista_m0016034 7

converted_sulista_m0016035 7

converted_sulista_m0016036 7

converted_sulista_m0016037 7

converted_sulista_m0016038 7

converted_sulista_m0016039 7

converted_sulista_m0016040 7

converted_sulista_m0016041 7

converted_sulista_m0016042 7

converted_sulista_m0016043 7

converted_sulista_m0016044 7

converted_sulista_m0016045 7

converted_sulista_m0016046 7

converted_sulista_m0016047 7

converted_sulista_m0016048 7

converted_sulista_m0016049 7

converted_sulista_m0016050 7

converted_sulista_m0016051 7

converted_sulista_m0016052 7

converted_sulista_m0016053 7

converted_sulista_m0016054 7

converted_sulista_m0016055 7

converted_sulista_m0016056 7

converted_sulista_m0016057 7

converted_sulista_m0016058 7

converted_sulista_m0016059 7

converted_sulista_m0016060 7

converted_sulista_m0016061 7

converted_sulista_m0016062 7

converted_sulista_m0016063 7

converted_sulista_m0016064 7

converted_sulista_m0016065 7

converted_sulista_m0016066 7

converted_sulista_m0016067 7

converted_sulista_m0016068 7

converted_sulista_m0016069 7

converted_sulista_m0016070 7

converted_sulista_m0016071 7

converted_sulista_m0016072 7

converted_sulista_m0016073 7

converted_sulista_m0016074 7

converted_sulista_m0016075 7

converted_sulista_m0016076 7

converted_sulista_m0016077 7

converted_sulista_m0016078 7

converted_sulista_m0016079 7

converted_sulista_m0016080 7

converted_sulista_m0016081 7

converted_sulista_m0016082 7

converted_sulista_m0016083 7

converted_sulista_m0017001 7

converted_sulista_m0017002 7

converted_sulista_m0017003 7

converted_sulista_m0017004 7

converted_sulista_m0017005 7

converted_sulista_m0017006 7

converted_sulista_m0017007 7

converted_sulista_m0017008 7

converted_sulista_m0017009 7

converted_sulista_m0017010 7

converted_sulista_m0017011 7

converted_sulista_m0017012 7

converted_sulista_m0017013 7

converted_sulista_m0017014 7

converted_sulista_m0017015 7

converted_sulista_m0017016 7

converted_sulista_m0017017 7

converted_sulista_m0017018 7

converted_sulista_m0017019 7

converted_sulista_m0017020 7

converted_sulista_m0017021 7

converted_sulista_m0017022 7

converted_sulista_m0017023 7

converted_sulista_m0017024 7

converted_sulista_m0017025 7

converted_sulista_m0017026 7

converted_sulista_m0017027 7

converted_sulista_m0017028 7

converted_sulista_m0017029 7

converted_sulista_m0017030 7

converted_sulista_m0017031 7

converted_sulista_m0017032 7

converted_sulista_m0017033 7

converted_sulista_m0017034 7

converted_sulista_m0017035 7

converted_sulista_m0017036 7

converted_sulista_m0017037 7

converted_sulista_m0017038 7

converted_sulista_m0017039 7

converted_sulista_m0017040 7

converted_sulista_m0017041 7

converted_sulista_m0017042 7

converted_sulista_m0017043 7

converted_sulista_m0017044 7

converted_sulista_m0017045 7

converted_sulista_m0017046 7

converted_sulista_m0017047 7

converted_sulista_m0017048 7

converted_sulista_m0017049 7

converted_sulista_m0017050 7

converted_sulista_m0017051 7

converted_sulista_m0017052 7

converted_sulista_m0017053 7

converted_sulista_m0017054 7

converted_sulista_m0017055 7

converted_sulista_m0017056 7

converted_sulista_m0017057 7

converted_sulista_m0017058 7

converted_sulista_m0017059 7

converted_sulista_m0017060 7

converted_sulista_m0017061 7

converted_sulista_m0017062 7

converted_sulista_m0017063 7

converted_sulista_m0017064 7

converted_sulista_m0017065 7

converted_sulista_m0017066 7

converted_sulista_m0017067 7

converted_sulista_m0017068 7

converted_sulista_m0017069 7

converted_sulista_m0017070 7

converted_sulista_m0017071 7

converted_sulista_m0017072 7

converted_sulista_m0017073 7

converted_sulista_m0017074 7

converted_sulista_m0017075 7

converted_sulista_m0017076 7

converted_sulista_m0017077 7

converted_sulista_m0017078 7

converted_sulista_m0017079 7

converted_sulista_m0017080 7

converted_sulista_m0019001 7

converted_sulista_m0019002 7

converted_sulista_m0019003 7

converted_sulista_m0019004 7

converted_sulista_m0019005 7

converted_sulista_m0019006 7

converted_sulista_m0019007 7

converted_sulista_m0019008 7

converted_sulista_m0019009 7

converted_sulista_m0019010 7

converted_sulista_m0019011 7

converted_sulista_m0019012 7

converted_sulista_m0019013 7

converted_sulista_m0019014 7

converted_sulista_m0019015 7

converted_sulista_m0019016 7

converted_sulista_m0019017 7

converted_sulista_m0019018 7

converted_sulista_m0019019 7

converted_sulista_m0019020 7

converted_sulista_m0019021 7

converted_sulista_m0019022 7

converted_sulista_m0019023 7

converted_sulista_m0019024 7

converted_sulista_m0019025 7

converted_sulista_m0019026 7

converted_sulista_m0019027 7

converted_sulista_m0019028 7

converted_sulista_m0019029 7

converted_sulista_m0019030 7

converted_sulista_m0019031 7

converted_sulista_m0019032 7

converted_sulista_m0019033 7

converted_sulista_m0019034 7

converted_sulista_m0019035 7

converted_sulista_m0019036 7

converted_sulista_m0019037 7

converted_sulista_m0019038 7

converted_sulista_m0019039 7

converted_sulista_m0019040 7

converted_sulista_m0019041 7

converted_sulista_m0019042 7

converted_sulista_m0019043 7

converted_sulista_m0019044 7

converted_sulista_m0019045 7

converted_sulista_m0019046 7

converted_sulista_m0019047 7

converted_sulista_m0019048 7

converted_sulista_m0019049 7

converted_sulista_m0019050 7

converted_sulista_m0019051 7

converted_sulista_m0019052 7

converted_sulista_m0019053 7

converted_sulista_m0019054 7

converted_sulista_m0019055 7

converted_sulista_m0019056 7

converted_sulista_m0019057 7

converted_sulista_m0019058 7

converted_sulista_m0019059 7

converted_sulista_m0019060 7

converted_sulista_m0019061 7

converted_sulista_m0019062 7

converted_sulista_m0019063 7

converted_sulista_m0019064 7

converted_sulista_m0019065 7

converted_sulista_m0019066 7

converted_sulista_m0019067 7

converted_sulista_m0019068 7

converted_sulista_m0019069 7

converted_sulista_m0019070 7

converted_sulista_m0019071 7

converted_sulista_m0019072 7

converted_sulista_m0019073 7

converted_sulista_m0019074 7

converted_sulista_m0019075 7

converted_sulista_m0019076 7

converted_sulista_m0019077 7

converted_sulista_m0019078 7

converted_sulista_m0019079 7

converted_sulista_m0019080 7

converted_sulista_m0020001 7

converted_sulista_m0020002 7

converted_sulista_m0020003 7

converted_sulista_m0020004 7

converted_sulista_m0020005 7

converted_sulista_m0020006 7

converted_sulista_m0020007 7

converted_sulista_m0020008 7

converted_sulista_m0020009 7

converted_sulista_m0020010 7

converted_sulista_m0020011 7

converted_sulista_m0020012 7

converted_sulista_m0020013 7

converted_sulista_m0020014 7

converted_sulista_m0020015 7

converted_sulista_m0020016 7

converted_sulista_m0020017 7

converted_sulista_m0020018 7

converted_sulista_m0020019 7

converted_sulista_m0020020 7

converted_sulista_m0020021 7

converted_sulista_m0020022 7

converted_sulista_m0020023 7

converted_sulista_m0020024 7

converted_sulista_m0020025 7

converted_sulista_m0020026 7

converted_sulista_m0020027 7

converted_sulista_m0020028 7

converted_sulista_m0020029 7

converted_sulista_m0020030 7

converted_sulista_m0020031 7

converted_sulista_m0020032 7

converted_sulista_m0020033 7

converted_sulista_m0020034 7

converted_sulista_m0020035 7

converted_sulista_m0020036 7

converted_sulista_m0020037 7

converted_sulista_m0020038 7

converted_sulista_m0020039 7

converted_sulista_m0020040 7

converted_sulista_m0020041 7

converted_sulista_m0020042 7

converted_sulista_m0020043 7

converted_sulista_m0020044 7

converted_sulista_m0020045 7

converted_sulista_m0020046 7

converted_sulista_m0020047 7

converted_sulista_m0020048 7

converted_sulista_m0020049 7

converted_sulista_m0020050 7

converted_sulista_m0020051 7

converted_sulista_m0020052 7

converted_sulista_m0020053 7

converted_sulista_m0020054 7

converted_sulista_m0020055 7

converted_sulista_m0020056 7

converted_sulista_m0020057 7

converted_sulista_m0020058 7

converted_sulista_m0020059 7

converted_sulista_m0020060 7

converted_sulista_m0020061 7

converted_sulista_m0020062 7

converted_sulista_m0020063 7

converted_sulista_m0020064 7

converted_sulista_m0020065 7

converted_sulista_m0020066 7

converted_sulista_m0020067 7

converted_sulista_m0020068 7

converted_sulista_m0020069 7

converted_sulista_m0020070 7

converted_sulista_m0020071 7

converted_sulista_m0020072 7

converted_sulista_m0020073 7

converted_sulista_m0020074 7

converted_sulista_m0020075 7

converted_sulista_m0020076 7

converted_sulista_m0020077 7

converted_sulista_m0020078 7

converted_sulista_m0020079 7

converted_sulista_m0020080 7

converted_sulista_m0020081 7

converted_sulista_m0020082 7

converted_sulista_m0020083 7

converted_sulista_m0020084 7

converted_sulista_m0020085 7

converted_sulista_m0020086 7

converted_sulista_m0020087 7

converted_sulista_m0020088 7

converted_sulista_m0020089 7

converted_sulista_m0020090 7

converted_sulista_m0022001 7

converted_sulista_m0022002 7

converted_sulista_m0022003 7

converted_sulista_m0022004 7

converted_sulista_m0022005 7

converted_sulista_m0022006 7

converted_sulista_m0022007 7

converted_sulista_m0022008 7

converted_sulista_m0022009 7

converted_sulista_m0022010 7

converted_sulista_m0022011 7

converted_sulista_m0022012 7

converted_sulista_m0022013 7

converted_sulista_m0022014 7

converted_sulista_m0022015 7

converted_sulista_m0022016 7

converted_sulista_m0022017 7

converted_sulista_m0022018 7

converted_sulista_m0022019 7

converted_sulista_m0022020 7

converted_sulista_m0022021 7

converted_sulista_m0022022 7

converted_sulista_m0022023 7

converted_sulista_m0022024 7

converted_sulista_m0022025 7

converted_sulista_m0022026 7

converted_sulista_m0022027 7

converted_sulista_m0022028 7

converted_sulista_m0022029 7

converted_sulista_m0022030 7

converted_sulista_m0022031 7

converted_sulista_m0022032 7

converted_sulista_m0022033 7

converted_sulista_m0022034 7

converted_sulista_m0022035 7

converted_sulista_m0022036 7

converted_sulista_m0022037 7

converted_sulista_m0022038 7

converted_sulista_m0022039 7

converted_sulista_m0022040 7

converted_sulista_m0022041 7

converted_sulista_m0022042 7

converted_sulista_m0022043 7

converted_sulista_m0022044 7

converted_sulista_m0022045 7

converted_sulista_m0022046 7

converted_sulista_m0022047 7

converted_sulista_m0022048 7

converted_sulista_m0022049 7

converted_sulista_m0022050 7

converted_sulista_m0022051 7

converted_sulista_m0022052 7

converted_sulista_m0022053 7

converted_sulista_m0022054 7

converted_sulista_m0022055 7

converted_sulista_m0022056 7

converted_sulista_m0022057 7

converted_sulista_m0022058 7

converted_sulista_m0022059 7

converted_sulista_m0022060 7

converted_sulista_m0022061 7

converted_sulista_m0022062 7

converted_sulista_m0022063 7

converted_sulista_m0022064 7

converted_sulista_m0022065 7

converted_sulista_m0022066 7

converted_sulista_m0022067 7

converted_sulista_m0022068 7

converted_sulista_m0022069 7

converted_sulista_m0022070 7

converted_sulista_m0022071 7

converted_sulista_m0022072 7

converted_sulista_m0022073 7

converted_sulista_m0022074 7

converted_sulista_m0022075 7

converted_sulista_m0022076 7

converted_sulista_m0023001 7

converted_sulista_m0023002 7

converted_sulista_m0023003 7

converted_sulista_m0023004 7

converted_sulista_m0023005 7

converted_sulista_m0023006 7

converted_sulista_m0023007 7

converted_sulista_m0023008 7

converted_sulista_m0023009 7

converted_sulista_m0023010 7

converted_sulista_m0023011 7

converted_sulista_m0023012 7

converted_sulista_m0023013 7

converted_sulista_m0023014 7

converted_sulista_m0023015 7

converted_sulista_m0023016 7

converted_sulista_m0023017 7

converted_sulista_m0023018 7

converted_sulista_m0023019 7

converted_sulista_m0023020 7

converted_sulista_m0023021 7

converted_sulista_m0023022 7

converted_sulista_m0023023 7

converted_sulista_m0023024 7

converted_sulista_m0023025 7

converted_sulista_m0023026 7

converted_sulista_m0023027 7

converted_sulista_m0023028 7

converted_sulista_m0023029 7

converted_sulista_m0023030 7

converted_sulista_m0023031 7

converted_sulista_m0023032 7

converted_sulista_m0023033 7

converted_sulista_m0023034 7

converted_sulista_m0023035 7

converted_sulista_m0023036 7

converted_sulista_m0023037 7

converted_sulista_m0023038 7

converted_sulista_m0023039 7

converted_sulista_m0023040 7

converted_sulista_m0023041 7

converted_sulista_m0023042 7

converted_sulista_m0023043 7

converted_sulista_m0023044 7

converted_sulista_m0023045 7

converted_sulista_m0023046 7

converted_sulista_m0023047 7

converted_sulista_m0023048 7

converted_sulista_m0023049 7

converted_sulista_m0023050 7

converted_sulista_m0023051 7

converted_sulista_m0023052 7

converted_sulista_m0023053 7

converted_sulista_m0023054 7

converted_sulista_m0023055 7

converted_sulista_m0023056 7

converted_sulista_m0023057 7

converted_sulista_m0023058 7

converted_sulista_m0023059 7

converted_sulista_m0023060 7

converted_sulista_m0023061 7

converted_sulista_m0023062 7

converted_sulista_m0023063 7

converted_sulista_m0023064 7

converted_sulista_m0023065 7

converted_sulista_m0023066 7

converted_sulista_m0023067 7

converted_sulista_m0023068 7

converted_sulista_m0023069 7

converted_sulista_m0023070 7

converted_sulista_m0023071 7

converted_sulista_m0023072 7

converted_sulista_m0023073 7

converted_sulista_m0023074 7

converted_sulista_m0023075 7

converted_sulista_m0023076 7

converted_sulista_m0023077 7

converted_sulista_m0023078 7

converted_sulista_m0023079 7

converted_sulista_m0023080 7

converted_sulista_m0023081 7

converted_sulista_m0023082 7

converted_sulista_m0023083 7

converted_sulista_m0023084 7

converted_sulista_m0023085 7

converted_sulista_m0023086 7

converted_sulista_m0024001 7

converted_sulista_m0024002 7

converted_sulista_m0024003 7

converted_sulista_m0024004 7

converted_sulista_m0024005 7

converted_sulista_m0024006 7

converted_sulista_m0024007 7

converted_sulista_m0024008 7

converted_sulista_m0024009 7

converted_sulista_m0024010 7

converted_sulista_m0024011 7

converted_sulista_m0024012 7

converted_sulista_m0024013 7

converted_sulista_m0024014 7

converted_sulista_m0024015 7

converted_sulista_m0024016 7

converted_sulista_m0024017 7

converted_sulista_m0024018 7

converted_sulista_m0024019 7

converted_sulista_m0024020 7

converted_sulista_m0024021 7

converted_sulista_m0024022 7

converted_sulista_m0024023 7

converted_sulista_m0024024 7

converted_sulista_m0024025 7

converted_sulista_m0024026 7

converted_sulista_m0024027 7

converted_sulista_m0024028 7

converted_sulista_m0024029 7

converted_sulista_m0024030 7

converted_sulista_m0024031 7

converted_sulista_m0024032 7

converted_sulista_m0024033 7

converted_sulista_m0024034 7

converted_sulista_m0024035 7

converted_sulista_m0024036 7

converted_sulista_m0024037 7

converted_sulista_m0024038 7

converted_sulista_m0024039 7

converted_sulista_m0024040 7

converted_sulista_m0024041 7

converted_sulista_m0024042 7

converted_sulista_m0024043 7

converted_sulista_m0024044 7

converted_sulista_m0024045 7

converted_sulista_m0024046 7

converted_sulista_m0024047 7

converted_sulista_m0024048 7

converted_sulista_m0024049 7

converted_sulista_m0024050 7

converted_sulista_m0024051 7

converted_sulista_m0024052 7

converted_sulista_m0024053 7

converted_sulista_m0024054 7

converted_sulista_m0024055 7

converted_sulista_m0024056 7

converted_sulista_m0024057 7

converted_sulista_m0024058 7

converted_sulista_m0024059 7

converted_sulista_m0024060 7

converted_sulista_m0024061 7

converted_sulista_m0024062 7

converted_sulista_m0024063 7

converted_sulista_m0024064 7

converted_sulista_m0024065 7

converted_sulista_m0024066 7

converted_sulista_m0024067 7

converted_sulista_m0024068 7

converted_sulista_m0024069 7

converted_sulista_m0024070 7

converted_sulista_m0024071 7

converted_sulista_m0024072 7

converted_sulista_m0024073 7

converted_sulista_m0024074 7

converted_sulista_m0024075 7

converted_sulista_m0024076 7

converted_sulista_m0024077 7

converted_sulista_m0024078 7

converted_sulista_m0024079 7

converted_sulista_m0024080 7

converted_sulista_m0024081 7

converted_sulista_m0024082 7

converted_sulista_m0025001 7

converted_sulista_m0025002 7

converted_sulista_m0025003 7

converted_sulista_m0025004 7

converted_sulista_m0025005 7

converted_sulista_m0025006 7

converted_sulista_m0025007 7

converted_sulista_m0025008 7

converted_sulista_m0025009 7

converted_sulista_m0025010 7

converted_sulista_m0025011 7

converted_sulista_m0025012 7

converted_sulista_m0025013 7

converted_sulista_m0025014 7

converted_sulista_m0025015 7

converted_sulista_m0025016 7

converted_sulista_m0025017 7

converted_sulista_m0025018 7

converted_sulista_m0025019 7

converted_sulista_m0025020 7

converted_sulista_m0025021 7

converted_sulista_m0025022 7

converted_sulista_m0025023 7

converted_sulista_m0025024 7

converted_sulista_m0025025 7

converted_sulista_m0025026 7

converted_sulista_m0025027 7

converted_sulista_m0025028 7

converted_sulista_m0025029 7

converted_sulista_m0025030 7

converted_sulista_m0025031 7

converted_sulista_m0025032 7

converted_sulista_m0025033 7

converted_sulista_m0025034 7

converted_sulista_m0025035 7

converted_sulista_m0025036 7

converted_sulista_m0025037 7

converted_sulista_m0025038 7

converted_sulista_m0025039 7

converted_sulista_m0025040 7

converted_sulista_m0025041 7

converted_sulista_m0025042 7

converted_sulista_m0025043 7

converted_sulista_m0025044 7

converted_sulista_m0025045 7

converted_sulista_m0025046 7

converted_sulista_m0025047 7

converted_sulista_m0025048 7

converted_sulista_m0025049 7

converted_sulista_m0025050 7

converted_sulista_m0025051 7

converted_sulista_m0025052 7

converted_sulista_m0025053 7

converted_sulista_m0025054 7

converted_sulista_m0025055 7

converted_sulista_m0025056 7

converted_sulista_m0025057 7

converted_sulista_m0025058 7

converted_sulista_m0025059 7

converted_sulista_m0025060 7

converted_sulista_m0025061 7

converted_sulista_m0025062 7

converted_sulista_m0025063 7

converted_sulista_m0025064 7

converted_sulista_m0025065 7

converted_sulista_m0025066 7

converted_sulista_m0025067 7

converted_sulista_m0025068 7

converted_sulista_m0025069 7

converted_sulista_m0025070 7

converted_sulista_m0025071 7

converted_sulista_m0025072 7

converted_sulista_m0025073 7

converted_sulista_m0025074 7

converted_sulista_m0025075 7

converted_sulista_m0025076 7

converted_sulista_m0025077 7

converted_sulista_m0027001 7

converted_sulista_m0027002 7

converted_sulista_m0027003 7

converted_sulista_m0027004 7

converted_sulista_m0027005 7

converted_sulista_m0027006 7

converted_sulista_m0027007 7

converted_sulista_m0027008 7

converted_sulista_m0027009 7

converted_sulista_m0027010 7

converted_sulista_m0027011 7

converted_sulista_m0027012 7

converted_sulista_m0027013 7

converted_sulista_m0027014 7

converted_sulista_m0027015 7

converted_sulista_m0027016 7

converted_sulista_m0027017 7

converted_sulista_m0027018 7

converted_sulista_m0027019 7

converted_sulista_m0027020 7

converted_sulista_m0027021 7

converted_sulista_m0027022 7

converted_sulista_m0027023 7

converted_sulista_m0027024 7

converted_sulista_m0027025 7

converted_sulista_m0027026 7

converted_sulista_m0027027 7

converted_sulista_m0027028 7

converted_sulista_m0027029 7

converted_sulista_m0027030 7

converted_sulista_m0027031 7

converted_sulista_m0027032 7

converted_sulista_m0027033 7

converted_sulista_m0027034 7

converted_sulista_m0027035 7

converted_sulista_m0027036 7

converted_sulista_m0027037 7

converted_sulista_m0027038 7

converted_sulista_m0027039 7

converted_sulista_m0027040 7

converted_sulista_m0027041 7

converted_sulista_m0027042 7

converted_sulista_m0027043 7

converted_sulista_m0027044 7

converted_sulista_m0027045 7

converted_sulista_m0027046 7

converted_sulista_m0027047 7

converted_sulista_m0027048 7

converted_sulista_m0027049 7

converted_sulista_m0027050 7

converted_sulista_m0027051 7

converted_sulista_m0027052 7

converted_sulista_m0027053 7

converted_sulista_m0027054 7

converted_sulista_m0027055 7

converted_sulista_m0027056 7

converted_sulista_m0027057 7

converted_sulista_m0027058 7

converted_sulista_m0027059 7

converted_sulista_m0027060 7

converted_sulista_m0027061 7

converted_sulista_m0027062 7

converted_sulista_m0027063 7

converted_sulista_m0027064 7

converted_sulista_m0027065 7

converted_sulista_m0027066 7

converted_sulista_m0027067 7

converted_sulista_m0027068 7

converted_sulista_m0027069 7

converted_sulista_m0027070 7

converted_sulista_m0027071 7

converted_sulista_m0027072 7

converted_sulista_m0027073 7

converted_sulista_m0027074 7

converted_sulista_m0027075 7

converted_sulista_m0027076 7

converted_sulista_m0027077 7

converted_sulista_m0027078 7

converted_sulista_m0027079 7

converted_sulista_m0027080 7

converted_sulista_m0027081 7

converted_sulista_m0027082 7

converted_sulista_m0027083 7

converted_sulista_m0028001 7

converted_sulista_m0028002 7

converted_sulista_m0028003 7

converted_sulista_m0028004 7

converted_sulista_m0028005 7

converted_sulista_m0028006 7

converted_sulista_m0028007 7

converted_sulista_m0028008 7

converted_sulista_m0028009 7

converted_sulista_m0028010 7

converted_sulista_m0028011 7

converted_sulista_m0028012 7

converted_sulista_m0028013 7

converted_sulista_m0028014 7

converted_sulista_m0028015 7

converted_sulista_m0028016 7

converted_sulista_m0028017 7

converted_sulista_m0028018 7

converted_sulista_m0028019 7

converted_sulista_m0028020 7

converted_sulista_m0028021 7

converted_sulista_m0028022 7

converted_sulista_m0028023 7

converted_sulista_m0028024 7

converted_sulista_m0028025 7

converted_sulista_m0028026 7

converted_sulista_m0028027 7

converted_sulista_m0028028 7

converted_sulista_m0028029 7

converted_sulista_m0028030 7

converted_sulista_m0028031 7

converted_sulista_m0028032 7

converted_sulista_m0028033 7

converted_sulista_m0028034 7

converted_sulista_m0028035 7

converted_sulista_m0028036 7

converted_sulista_m0028037 7

converted_sulista_m0028038 7

converted_sulista_m0028039 7

converted_sulista_m0028040 7

converted_sulista_m0028041 7

converted_sulista_m0028042 7

converted_sulista_m0028043 7

converted_sulista_m0028044 7

converted_sulista_m0028045 7

converted_sulista_m0028046 7

converted_sulista_m0028047 7

converted_sulista_m0028048 7

converted_sulista_m0028049 7

converted_sulista_m0028050 7

converted_sulista_m0028051 7

converted_sulista_m0028052 7

converted_sulista_m0028053 7

converted_sulista_m0028054 7

converted_sulista_m0028055 7

converted_sulista_m0028056 7

converted_sulista_m0028057 7

converted_sulista_m0028058 7

converted_sulista_m0028059 7

converted_sulista_m0028060 7

converted_sulista_m0028061 7

converted_sulista_m0028062 7

converted_sulista_m0028063 7

converted_sulista_m0028064 7

converted_sulista_m0028065 7

converted_sulista_m0028066 7

converted_sulista_m0028067 7

converted_sulista_m0028068 7

converted_sulista_m0028069 7

converted_sulista_m0028070 7

converted_sulista_m0028071 7

converted_sulista_m0028072 7

converted_sulista_m0028073 7

converted_sulista_m0028074 7

converted_sulista_m0028075 7

converted_sulista_m0028076 7

converted_sulista_m0028077 7

converted_sulista_m0028078 7

converted_sulista_m0028079 7

converted_sulista_m0028080 7

converted_sulista_m0029001 7

converted_sulista_m0029002 7

converted_sulista_m0029003 7

converted_sulista_m0029004 7

converted_sulista_m0029005 7

converted_sulista_m0029006 7

converted_sulista_m0029007 7

converted_sulista_m0029008 7

converted_sulista_m0029009 7

converted_sulista_m0029010 7

converted_sulista_m0029011 7

converted_sulista_m0029012 7

converted_sulista_m0029013 7

converted_sulista_m0029014 7

converted_sulista_m0029015 7

converted_sulista_m0029016 7

converted_sulista_m0029017 7

converted_sulista_m0029018 7

converted_sulista_m0029019 7

converted_sulista_m0029020 7

converted_sulista_m0029021 7

converted_sulista_m0029022 7

converted_sulista_m0029023 7

converted_sulista_m0029024 7

converted_sulista_m0029025 7

converted_sulista_m0029026 7

converted_sulista_m0029027 7

converted_sulista_m0029028 7

converted_sulista_m0029029 7

converted_sulista_m0029030 7

converted_sulista_m0029031 7

converted_sulista_m0029032 7

converted_sulista_m0029033 7

converted_sulista_m0029034 7

converted_sulista_m0029035 7

converted_sulista_m0029036 7

converted_sulista_m0029037 7

converted_sulista_m0029038 7

converted_sulista_m0029039 7

converted_sulista_m0029040 7

converted_sulista_m0029041 7

converted_sulista_m0029042 7

converted_sulista_m0029043 7

converted_sulista_m0029044 7

converted_sulista_m0029045 7

converted_sulista_m0029046 7

converted_sulista_m0029047 7

converted_sulista_m0029048 7

converted_sulista_m0029049 7

converted_sulista_m0029050 7

converted_sulista_m0029051 7

converted_sulista_m0029052 7

converted_sulista_m0029053 7

converted_sulista_m0029054 7

converted_sulista_m0029055 7

converted_sulista_m0029056 7

converted_sulista_m0029057 7

converted_sulista_m0029058 7

converted_sulista_m0029059 7

converted_sulista_m0029060 7

converted_sulista_m0029061 7

converted_sulista_m0029062 7

converted_sulista_m0029063 7

converted_sulista_m0029064 7

converted_sulista_m0029065 7

converted_sulista_m0029066 7

converted_sulista_m0029067 7

converted_sulista_m0029068 7

converted_sulista_m0029069 7

converted_sulista_m0029070 7

converted_sulista_m0029071 7

converted_sulista_m0029072 7

converted_sulista_m0029073 7

converted_sulista_m0029074 7

converted_sulista_m0029075 7

converted_sulista_m0029076 7

converted_sulista_m0029077 7

converted_sulista_m0032001 7

converted_sulista_m0032002 7

converted_sulista_m0032003 7

converted_sulista_m0032004 7

converted_sulista_m0032005 7

converted_sulista_m0032006 7

converted_sulista_m0032007 7

converted_sulista_m0032008 7

converted_sulista_m0032009 7

converted_sulista_m0032010 7

converted_sulista_m0032011 7

converted_sulista_m0032012 7

converted_sulista_m0032013 7

converted_sulista_m0032014 7

converted_sulista_m0032015 7

converted_sulista_m0032016 7

converted_sulista_m0032017 7

converted_sulista_m0032018 7

converted_sulista_m0032019 7

converted_sulista_m0032020 7

converted_sulista_m0032021 7

converted_sulista_m0032022 7

converted_sulista_m0032023 7

converted_sulista_m0032024 7

converted_sulista_m0032025 7

converted_sulista_m0032026 7

converted_sulista_m0032027 7

converted_sulista_m0032028 7

converted_sulista_m0032029 7

converted_sulista_m0032030 7

converted_sulista_m0032031 7

converted_sulista_m0032032 7

converted_sulista_m0032033 7

converted_sulista_m0032034 7

converted_sulista_m0032035 7

converted_sulista_m0032036 7

converted_sulista_m0032037 7

converted_sulista_m0032038 7

converted_sulista_m0032039 7

converted_sulista_m0032040 7

converted_sulista_m0032041 7

converted_sulista_m0032042 7

converted_sulista_m0032043 7

converted_sulista_m0032044 7

converted_sulista_m0032045 7

converted_sulista_m0032046 7

converted_sulista_m0032047 7

converted_sulista_m0032048 7

converted_sulista_m0032049 7

converted_sulista_m0032050 7

converted_sulista_m0032051 7

converted_sulista_m0032052 7

converted_sulista_m0032053 7

converted_sulista_m0032054 7

converted_sulista_m0032055 7

converted_sulista_m0032056 7

converted_sulista_m0032057 7

converted_sulista_m0032058 7

converted_sulista_m0032059 7

converted_sulista_m0032060 7

converted_sulista_m0032061 7

converted_sulista_m0032062 7

converted_sulista_m0032063 7

converted_sulista_m0032064 7

converted_sulista_m0032065 7

converted_sulista_m0032066 7

converted_sulista_m0032067 7

converted_sulista_m0032068 7

converted_sulista_m0032069 7

converted_sulista_m0032070 7

converted_sulista_m0032071 7

converted_sulista_m0032072 7

converted_sulista_m0033001 7

converted_sulista_m0033002 7

converted_sulista_m0033003 7

converted_sulista_m0033004 7

converted_sulista_m0033005 7

converted_sulista_m0033006 7

converted_sulista_m0033007 7

converted_sulista_m0033008 7

converted_sulista_m0033009 7

converted_sulista_m0033010 7

converted_sulista_m0033011 7

converted_sulista_m0033012 7

converted_sulista_m0033013 7

converted_sulista_m0033014 7

converted_sulista_m0033015 7

converted_sulista_m0033016 7

converted_sulista_m0033017 7

converted_sulista_m0033018 7

converted_sulista_m0033019 7

converted_sulista_m0033020 7

converted_sulista_m0033021 7

converted_sulista_m0033022 7

converted_sulista_m0033023 7

converted_sulista_m0033024 7

converted_sulista_m0033025 7

converted_sulista_m0033026 7

converted_sulista_m0033027 7

converted_sulista_m0033028 7

converted_sulista_m0033029 7

converted_sulista_m0033030 7

converted_sulista_m0033031 7

converted_sulista_m0033032 7

converted_sulista_m0033033 7

converted_sulista_m0033034 7

converted_sulista_m0033035 7

converted_sulista_m0033036 7

converted_sulista_m0033037 7

converted_sulista_m0033038 7

converted_sulista_m0033039 7

converted_sulista_m0033040 7

converted_sulista_m0033041 7

converted_sulista_m0033042 7

converted_sulista_m0033043 7

converted_sulista_m0033044 7

converted_sulista_m0033045 7

converted_sulista_m0033046 7

converted_sulista_m0033047 7

converted_sulista_m0033048 7

converted_sulista_m0033049 7

converted_sulista_m0033050 7

converted_sulista_m0033051 7

converted_sulista_m0033052 7

converted_sulista_m0033053 7

converted_sulista_m0033054 7

converted_sulista_m0033055 7

converted_sulista_m0033056 7

converted_sulista_m0033057 7

converted_sulista_m0033058 7

converted_sulista_m0033059 7

converted_sulista_m0033060 7

converted_sulista_m0033061 7

converted_sulista_m0033062 7

converted_sulista_m0033063 7

converted_sulista_m0033064 7

converted_sulista_m0033065 7

converted_sulista_m0033066 7

converted_sulista_m0033067 7

converted_sulista_m0033068 7

converted_sulista_m0033069 7

converted_sulista_m0033070 7

converted_sulista_m0033071 7

converted_sulista_m0033072 7

converted_sulista_m0033073 7

converted_sulista_m0033074 7

converted_sulista_m0033075 7

converted_sulista_m0033076 7

converted_sulista_m0033077 7

converted_sulista_m0033078 7

converted_sulista_m0033079 7

converted_sulista_m0033080 7

converted_sulista_m0033081 7

converted_sulista_m0033082 7

converted_sulista_m0033083 7

converted_sulista_m0033084 7

converted_sulista_m0036001 7

converted_sulista_m0036002 7

converted_sulista_m0036003 7

converted_sulista_m0036004 7

converted_sulista_m0036005 7

converted_sulista_m0036006 7

converted_sulista_m0036007 7

converted_sulista_m0036008 7

converted_sulista_m0036009 7

converted_sulista_m0036010 7

converted_sulista_m0036011 7

converted_sulista_m0036012 7

converted_sulista_m0036013 7

converted_sulista_m0036014 7

converted_sulista_m0036015 7

converted_sulista_m0036016 7

converted_sulista_m0036017 7

converted_sulista_m0036018 7

converted_sulista_m0036019 7

converted_sulista_m0036020 7

converted_sulista_m0036021 7

converted_sulista_m0036022 7

converted_sulista_m0036023 7

converted_sulista_m0036024 7

converted_sulista_m0036025 7

converted_sulista_m0036026 7

converted_sulista_m0036027 7

converted_sulista_m0036028 7

converted_sulista_m0036029 7

converted_sulista_m0036030 7

converted_sulista_m0036031 7

converted_sulista_m0036032 7

converted_sulista_m0036033 7

converted_sulista_m0036034 7

converted_sulista_m0036035 7

converted_sulista_m0036036 7

converted_sulista_m0036037 7

converted_sulista_m0036038 7

converted_sulista_m0036039 7

converted_sulista_m0036040 7

converted_sulista_m0036041 7

converted_sulista_m0036042 7

converted_sulista_m0036043 7

converted_sulista_m0036044 7

converted_sulista_m0036045 7

converted_sulista_m0036046 7

converted_sulista_m0036047 7

converted_sulista_m0036048 7

converted_sulista_m0036049 7

converted_sulista_m0036050 7

converted_sulista_m0036051 7

converted_sulista_m0036052 7

converted_sulista_m0036053 7

converted_sulista_m0036054 7

converted_sulista_m0036055 7

converted_sulista_m0036056 7

converted_sulista_m0036057 7

converted_sulista_m0036058 7

converted_sulista_m0036059 7

converted_sulista_m0036060 7

converted_sulista_m0036061 7

converted_sulista_m0036062 7

converted_sulista_m0036063 7

converted_sulista_m0036064 7

converted_sulista_m0036065 7

converted_sulista_m0036066 7

converted_sulista_m0036067 7

converted_sulista_m0036068 7

converted_sulista_m0036069 7

converted_sulista_m0036070 7

converted_sulista_m0036071 7

converted_sulista_m0036072 7

converted_sulista_m0037001 7

converted_sulista_m0037002 7

converted_sulista_m0037003 7

converted_sulista_m0037004 7

converted_sulista_m0037005 7

converted_sulista_m0037006 7

converted_sulista_m0037007 7

converted_sulista_m0037008 7

converted_sulista_m0037009 7

converted_sulista_m0037010 7

converted_sulista_m0037011 7

converted_sulista_m0037012 7

converted_sulista_m0037013 7

converted_sulista_m0037014 7

converted_sulista_m0037015 7

converted_sulista_m0037016 7

converted_sulista_m0037017 7

converted_sulista_m0037018 7

converted_sulista_m0037019 7

converted_sulista_m0037020 7

converted_sulista_m0037021 7

converted_sulista_m0037022 7

converted_sulista_m0037023 7

converted_sulista_m0037024 7

converted_sulista_m0037025 7

converted_sulista_m0037026 7

converted_sulista_m0037027 7

converted_sulista_m0037028 7

converted_sulista_m0037029 7

converted_sulista_m0037030 7

converted_sulista_m0037031 7

converted_sulista_m0037032 7

converted_sulista_m0037033 7

converted_sulista_m0037034 7

converted_sulista_m0037035 7

converted_sulista_m0037036 7

converted_sulista_m0037037 7

converted_sulista_m0037038 7

converted_sulista_m0037039 7

converted_sulista_m0037040 7

converted_sulista_m0037041 7

converted_sulista_m0037042 7

converted_sulista_m0037043 7

converted_sulista_m0037044 7

converted_sulista_m0037045 7

converted_sulista_m0037046 7

converted_sulista_m0037047 7

converted_sulista_m0037048 7

converted_sulista_m0037049 7

converted_sulista_m0037050 7

converted_sulista_m0037051 7

converted_sulista_m0037052 7

converted_sulista_m0037053 7

converted_sulista_m0037054 7

converted_sulista_m0037055 7

converted_sulista_m0037056 7

converted_sulista_m0037057 7

converted_sulista_m0037058 7

converted_sulista_m0037059 7

converted_sulista_m0037060 7

converted_sulista_m0037061 7

converted_sulista_m0037062 7

converted_sulista_m0037063 7

converted_sulista_m0037064 7

converted_sulista_m0037065 7

converted_sulista_m0037066 7

converted_sulista_m0037067 7

converted_sulista_m0037068 7

converted_sulista_m0037069 7

converted_sulista_m0037070 7

converted_sulista_m0037071 7

converted_sulista_m0037072 7

converted_sulista_m0038001 7

converted_sulista_m0038002 7

converted_sulista_m0038003 7

converted_sulista_m0038004 7

converted_sulista_m0038005 7
