converted_53y2suqwm_frase_5_1992-11-27_25_MontesClaros_MinasGerais_Masculino_EnsinoSuperiorIncompleto  2

converted_53y2suqwm_frase_6_1992-11-27_25_MontesClaros_MinasGerais_Masculino_EnsinoSuperiorIncompleto  2

converted_53y2suqwm_frase_7_1992-11-27_25_MontesClaros_MinasGerais_Masculino_EnsinoSuperiorIncompleto  2

converted_53y2suqwm_frase_8_1992-11-27_25_MontesClaros_MinasGerais_Masculino_EnsinoSuperiorIncompleto  2

converted_53y2suqwm_frase_9_1992-11-27_25_MontesClaros_MinasGerais_Masculino_EnsinoSuperiorIncompleto  2

converted_6cl0xknze_frase_10_2017-12-12_29_Aracaju_Sergipe_Feminino_EnsinoSuperiorCompleto 2

converted_6cl0xknze_frase_11_2017-12-12_29_Aracaju_Sergipe_Feminino_EnsinoSuperiorCompleto 2

converted_6cl0xknze_frase_1_2017-12-12_29_Aracaju_Sergipe_Feminino_EnsinoSuperiorCompleto  2

converted_6cl0xknze_frase_12_2017-12-12_29_Aracaju_Sergipe_Feminino_EnsinoSuperiorCompleto 2

converted_6cl0xknze_frase_13_2017-12-12_29_Aracaju_Sergipe_Feminino_EnsinoSuperiorCompleto 2

converted_6cl0xknze_frase_14_2017-12-12_29_Aracaju_Sergipe_Feminino_EnsinoSuperiorCompleto 2

converted_6cl0xknze_frase_15_2017-12-12_29_Aracaju_Sergipe_Feminino_EnsinoSuperiorCompleto 2

converted_6cl0xknze_frase_16_2017-12-12_29_Aracaju_Sergipe_Feminino_EnsinoSuperiorCompleto 2

converted_6cl0xknze_frase_2_2017-12-12_29_Aracaju_Sergipe_Feminino_EnsinoSuperiorCompleto  2

converted_6cl0xknze_frase_3_2017-12-12_29_Aracaju_Sergipe_Feminino_EnsinoSuperiorCompleto  2

converted_6cl0xknze_frase_4_2017-12-12_29_Aracaju_Sergipe_Feminino_EnsinoSuperiorCompleto  2

converted_6cl0xknze_frase_5_2017-12-12_29_Aracaju_Sergipe_Feminino_EnsinoSuperiorCompleto  2

converted_6cl0xknze_frase_6_2017-12-12_29_Aracaju_Sergipe_Feminino_EnsinoSuperiorCompleto  2

converted_6cl0xknze_frase_8_2017-12-12_29_Aracaju_Sergipe_Feminino_EnsinoSuperiorCompleto  2

converted_6cl0xknze_frase_9_2017-12-12_29_Aracaju_Sergipe_Feminino_EnsinoSuperiorCompleto  2

converted_prdog3qm3_frase_10_2017-11-17_21_MontesClaros_MinasGerais_Feminino_EnsinoSuperiorIncompleto 2

converted_prdog3qm3_frase_11_2017-11-17_21_MontesClaros_MinasGerais_Feminino_EnsinoSuperiorIncompleto 2

converted_prdog3qm3_frase_1_2017-11-17_21_MontesClaros_MinasGerais_Feminino_EnsinoSuperiorIncompleto  2

converted_prdog3qm3_frase_12_2017-11-17_21_MontesClaros_MinasGerais_Feminino_EnsinoSuperiorIncompleto 2

converted_prdog3qm3_frase_13_2017-11-17_21_MontesClaros_MinasGerais_Feminino_EnsinoSuperiorIncompleto 2

converted_prdog3qm3_frase_14_2017-11-17_21_MontesClaros_MinasGerais_Feminino_EnsinoSuperiorIncompleto 2

converted_prdog3qm3_frase_15_2017-11-17_21_MontesClaros_MinasGerais_Feminino_EnsinoSuperiorIncompleto 2

converted_prdog3qm3_frase_16_2017-11-17_21_MontesClaros_MinasGerais_Feminino_EnsinoSuperiorIncompleto 2

converted_prdog3qm3_frase_2_2017-11-17_21_MontesClaros_MinasGerais_Feminino_EnsinoSuperiorIncompleto  2

converted_prdog3qm3_frase_3_2017-11-17_21_MontesClaros_MinasGerais_Feminino_EnsinoSuperiorIncompleto  2

converted_prdog3qm3_frase_4_2017-11-17_21_MontesClaros_MinasGerais_Feminino_EnsinoSuperiorIncompleto  2

converted_prdog3qm3_frase_5_2017-11-17_21_MontesClaros_MinasGerais_Feminino_EnsinoSuperiorIncompleto  2

converted_prdog3qm3_frase_6_2017-11-17_21_MontesClaros_MinasGerais_Feminino_EnsinoSuperiorIncompleto  2

converted_prdog3qm3_frase_7_2017-11-17_21_MontesClaros_MinasGerais_Feminino_EnsinoSuperiorIncompleto  2

converted_prdog3qm3_frase_8_2017-11-17_21_MontesClaros_MinasGerais_Feminino_EnsinoSuperiorIncompleto  2

converted_prdog3qm3_frase_9_2017-11-17_21_MontesClaros_MinasGerais_Feminino_EnsinoSuperiorIncompleto  2

converted_3zvs57idj_frase_3_2017-11-29_25_SaoMateus_EspiritoSanto_Feminino_Mestrado  3

converted_3zvs57idj_frase_4_2017-11-29_25_SaoMateus_EspiritoSanto_Feminino_Mestrado  3

converted_3zvs57idj_frase_5_2017-11-29_25_SaoMateus_EspiritoSanto_Feminino_Mestrado  3

converted_3zvs57idj_frase_6_2017-11-29_25_SaoMateus_EspiritoSanto_Feminino_Mestrado  3

converted_3zvs57idj_frase_8_2017-11-29_25_SaoMateus_EspiritoSanto_Feminino_Mestrado  3

converted_3zvs57idj_frase_9_2017-11-29_25_SaoMateus_EspiritoSanto_Feminino_Mestrado  3

converted_6gn66al4m_frase_1_1982-03-12_35_Ubatuba_SaoPaulo_Feminino_Mestrado 3

converted_6gn66al4m_frase_2_1982-03-12_35_Ubatuba_SaoPaulo_Feminino_Mestrado 3

converted_6gn66al4m_frase_3_1982-03-12_35_Ubatuba_SaoPaulo_Feminino_Mestrado 3

converted_6gn66al4m_frase_4_1982-03-12_35_Ubatuba_SaoPaulo_Feminino_Mestrado 3

converted_6gn66al4m_frase_5_1982-03-12_35_Ubatuba_SaoPaulo_Feminino_Mestrado 3

converted_jd6dmz93o_frase_10_2017-11-12_24_camposdosgoytacazes_RiodeJaneiro_Feminino_EnsinoSuperiorCompleto 3

converted_jd6dmz93o_frase_11_2017-11-12_24_camposdosgoytacazes_RiodeJaneiro_Feminino_EnsinoSuperiorCompleto 3

converted_jd6dmz93o_frase_1_2017-11-12_24_camposdosgoytacazes_RiodeJaneiro_Feminino_EnsinoSuperiorCompleto  3

converted_jd6dmz93o_frase_12_2017-11-12_24_camposdosgoytacazes_RiodeJaneiro_Feminino_EnsinoSuperiorCompleto 3

converted_jd6dmz93o_frase_14_2017-11-12_24_camposdosgoytacazes_RiodeJaneiro_Feminino_EnsinoSuperiorCompleto 3

converted_jd6dmz93o_frase_2_2017-11-12_24_camposdosgoytacazes_RiodeJaneiro_Feminino_EnsinoSuperiorCompleto  3

converted_jd6dmz93o_frase_3_2017-11-12_24_camposdosgoytacazes_RiodeJaneiro_Feminino_EnsinoSuperiorCompleto  3

converted_jd6dmz93o_frase_4_2017-11-12_24_camposdosgoytacazes_RiodeJaneiro_Feminino_EnsinoSuperiorCompleto  3

converted_jd6dmz93o_frase_6_2017-11-12_24_camposdosgoytacazes_RiodeJaneiro_Feminino_EnsinoSuperiorCompleto  3

converted_jd6dmz93o_frase_7_2017-11-12_24_camposdosgoytacazes_RiodeJaneiro_Feminino_EnsinoSuperiorCompleto  3

converted_jd6dmz93o_frase_9_2017-11-12_24_camposdosgoytacazes_RiodeJaneiro_Feminino_EnsinoSuperiorCompleto  3

converted_blrjazrs7_frase_10_2017-11-16_42_belohorizonte_MinasGerais_Masculino_EnsinoSuperiorCompleto 4

converted_blrjazrs7_frase_11_2017-11-16_42_belohorizonte_MinasGerais_Masculino_EnsinoSuperiorCompleto 4

converted_blrjazrs7_frase_1_2017-11-16_42_belohorizonte_MinasGerais_Masculino_EnsinoSuperiorCompleto  4

converted_blrjazrs7_frase_12_2017-11-16_42_belohorizonte_MinasGerais_Masculino_EnsinoSuperiorCompleto 4

converted_blrjazrs7_frase_13_2017-11-16_42_belohorizonte_MinasGerais_Masculino_EnsinoSuperiorCompleto 4

converted_blrjazrs7_frase_14_2017-11-16_42_belohorizonte_MinasGerais_Masculino_EnsinoSuperiorCompleto 4

converted_blrjazrs7_frase_15_2017-11-16_42_belohorizonte_MinasGerais_Masculino_EnsinoSuperiorCompleto 4

converted_blrjazrs7_frase_16_2017-11-16_42_belohorizonte_MinasGerais_Masculino_EnsinoSuperiorCompleto 4

converted_blrjazrs7_frase_2_2017-11-16_42_belohorizonte_MinasGerais_Masculino_EnsinoSuperiorCompleto  4

converted_blrjazrs7_frase_3_2017-11-16_42_belohorizonte_MinasGerais_Masculino_EnsinoSuperiorCompleto  4

converted_blrjazrs7_frase_4_2017-11-16_42_belohorizonte_MinasGerais_Masculino_EnsinoSuperiorCompleto  4

converted_blrjazrs7_frase_5_2017-11-16_42_belohorizonte_MinasGerais_Masculino_EnsinoSuperiorCompleto  4

converted_blrjazrs7_frase_6_2017-11-16_42_belohorizonte_MinasGerais_Masculino_EnsinoSuperiorCompleto  4

converted_blrjazrs7_frase_7_2017-11-16_42_belohorizonte_MinasGerais_Masculino_EnsinoSuperiorCompleto  4

converted_blrjazrs7_frase_8_2017-11-16_42_belohorizonte_MinasGerais_Masculino_EnsinoSuperiorCompleto  4

converted_blrjazrs7_frase_9_2017-11-16_42_belohorizonte_MinasGerais_Masculino_EnsinoSuperiorCompleto  4

converted_c9653hhw4_frase_10_2017-11-17_39_BeloHorizonte_MinasGerais_Masculino_EnsinoSuperiorCompleto  4

converted_c9653hhw4_frase_11_2017-11-17_39_BeloHorizonte_MinasGerais_Masculino_EnsinoSuperiorCompleto  4

converted_c9653hhw4_frase_1_2017-11-17_39_BeloHorizonte_MinasGerais_Masculino_EnsinoSuperiorCompleto   4

converted_c9653hhw4_frase_12_2017-11-17_39_BeloHorizonte_MinasGerais_Masculino_EnsinoSuperiorCompleto  4

converted_c9653hhw4_frase_13_2017-11-17_39_BeloHorizonte_MinasGerais_Masculino_EnsinoSuperiorCompleto  4

converted_c9653hhw4_frase_14_2017-11-17_39_BeloHorizonte_MinasGerais_Masculino_EnsinoSuperiorCompleto  4

converted_c9653hhw4_frase_15_2017-11-17_39_BeloHorizonte_MinasGerais_Masculino_EnsinoSuperiorCompleto  4

converted_c9653hhw4_frase_16_2017-11-17_39_BeloHorizonte_MinasGerais_Masculino_EnsinoSuperiorCompleto  4

converted_c9653hhw4_frase_2_2017-11-17_39_BeloHorizonte_MinasGerais_Masculino_EnsinoSuperiorCompleto   4

converted_c9653hhw4_frase_3_2017-11-17_39_BeloHorizonte_MinasGerais_Masculino_EnsinoSuperiorCompleto   4

converted_c9653hhw4_frase_4_2017-11-17_39_BeloHorizonte_MinasGerais_Masculino_EnsinoSuperiorCompleto   4

converted_c9653hhw4_frase_5_2017-11-17_39_BeloHorizonte_MinasGerais_Masculino_EnsinoSuperiorCompleto   4

converted_c9653hhw4_frase_6_2017-11-17_39_BeloHorizonte_MinasGerais_Masculino_EnsinoSuperiorCompleto   4

converted_c9653hhw4_frase_7_2017-11-17_39_BeloHorizonte_MinasGerais_Masculino_EnsinoSuperiorCompleto   4

converted_c9653hhw4_frase_8_2017-11-17_39_BeloHorizonte_MinasGerais_Masculino_EnsinoSuperiorCompleto   4

converted_c9653hhw4_frase_9_2017-11-17_39_BeloHorizonte_MinasGerais_Masculino_EnsinoSuperiorCompleto   4

converted_t5qzu9h1s_frase_10_2017-11-16_25_PatosdeMinas_MinasGerais_Masculino_EnsinoSuperiorCompleto 4

converted_t5qzu9h1s_frase_11_2017-11-16_25_PatosdeMinas_MinasGerais_Masculino_EnsinoSuperiorCompleto 4

converted_t5qzu9h1s_frase_1_2017-11-16_25_PatosdeMinas_MinasGerais_Masculino_EnsinoSuperiorCompleto  4

converted_t5qzu9h1s_frase_12_2017-11-16_25_PatosdeMinas_MinasGerais_Masculino_EnsinoSuperiorCompleto 4

converted_t5qzu9h1s_frase_13_2017-11-16_25_PatosdeMinas_MinasGerais_Masculino_EnsinoSuperiorCompleto 4

converted_t5qzu9h1s_frase_14_2017-11-16_25_PatosdeMinas_MinasGerais_Masculino_EnsinoSuperiorCompleto 4

converted_t5qzu9h1s_frase_15_2017-11-16_25_PatosdeMinas_MinasGerais_Masculino_EnsinoSuperiorCompleto 4

converted_t5qzu9h1s_frase_16_2017-11-16_25_PatosdeMinas_MinasGerais_Masculino_EnsinoSuperiorCompleto 4

converted_t5qzu9h1s_frase_2_2017-11-16_25_PatosdeMinas_MinasGerais_Masculino_EnsinoSuperiorCompleto  4

converted_t5qzu9h1s_frase_3_2017-11-16_25_PatosdeMinas_MinasGerais_Masculino_EnsinoSuperiorCompleto  4

converted_t5qzu9h1s_frase_4_2017-11-16_25_PatosdeMinas_MinasGerais_Masculino_EnsinoSuperiorCompleto  4

converted_t5qzu9h1s_frase_5_2017-11-16_25_PatosdeMinas_MinasGerais_Masculino_EnsinoSuperiorCompleto  4

converted_t5qzu9h1s_frase_6_2017-11-16_25_PatosdeMinas_MinasGerais_Masculino_EnsinoSuperiorCompleto  4

converted_t5qzu9h1s_frase_7_2017-11-16_25_PatosdeMinas_MinasGerais_Masculino_EnsinoSuperiorCompleto  4

converted_t5qzu9h1s_frase_8_2017-11-16_25_PatosdeMinas_MinasGerais_Masculino_EnsinoSuperiorCompleto  4

converted_t5qzu9h1s_frase_9_2017-11-16_25_PatosdeMinas_MinasGerais_Masculino_EnsinoSuperiorCompleto  4

converted_45r9i2thf_frase_9_2017-12-12_45_CampinaGrande_Paraiba_Masculino_Doutorado  6

converted_4og99qcvu_frase_10_2017-11-16_27_JuazeirodoNorte_Ceara_Masculino_EnsinoSuperiorCompleto 6

converted_4og99qcvu_frase_11_2017-11-16_27_JuazeirodoNorte_Ceara_Masculino_EnsinoSuperiorCompleto 6

converted_4og99qcvu_frase_1_2017-11-16_27_JuazeirodoNorte_Ceara_Masculino_EnsinoSuperiorCompleto  6

converted_4og99qcvu_frase_12_2017-11-16_27_JuazeirodoNorte_Ceara_Masculino_EnsinoSuperiorCompleto 6

converted_4og99qcvu_frase_13_2017-11-16_27_JuazeirodoNorte_Ceara_Masculino_EnsinoSuperiorCompleto 6

converted_4og99qcvu_frase_14_2017-11-16_27_JuazeirodoNorte_Ceara_Masculino_EnsinoSuperiorCompleto 6

converted_4og99qcvu_frase_15_2017-11-16_27_JuazeirodoNorte_Ceara_Masculino_EnsinoSuperiorCompleto 6

converted_4og99qcvu_frase_16_2017-11-16_27_JuazeirodoNorte_Ceara_Masculino_EnsinoSuperiorCompleto 6

converted_4og99qcvu_frase_2_2017-11-16_27_JuazeirodoNorte_Ceara_Masculino_EnsinoSuperiorCompleto  6

converted_4og99qcvu_frase_3_2017-11-16_27_JuazeirodoNorte_Ceara_Masculino_EnsinoSuperiorCompleto  6

converted_4og99qcvu_frase_4_2017-11-16_27_JuazeirodoNorte_Ceara_Masculino_EnsinoSuperiorCompleto  6

converted_4og99qcvu_frase_5_2017-11-16_27_JuazeirodoNorte_Ceara_Masculino_EnsinoSuperiorCompleto  6

converted_4og99qcvu_frase_6_2017-11-16_27_JuazeirodoNorte_Ceara_Masculino_EnsinoSuperiorCompleto  6

converted_4og99qcvu_frase_7_2017-11-16_27_JuazeirodoNorte_Ceara_Masculino_EnsinoSuperiorCompleto  6

converted_4og99qcvu_frase_8_2017-11-16_27_JuazeirodoNorte_Ceara_Masculino_EnsinoSuperiorCompleto  6

converted_4og99qcvu_frase_9_2017-11-16_27_JuazeirodoNorte_Ceara_Masculino_EnsinoSuperiorCompleto  6

converted_82reh86x0_frase_10_2018-03-08_23_Fortaleza_Ceara_Masculino_EnsinoSuperiorCompleto 6

converted_82reh86x0_frase_1_2018-03-08_23_Fortaleza_Ceara_Masculino_EnsinoSuperiorCompleto  6

converted_82reh86x0_frase_2_2018-03-08_23_Fortaleza_Ceara_Masculino_EnsinoSuperiorCompleto  6

converted_82reh86x0_frase_3_2018-03-08_23_Fortaleza_Ceara_Masculino_EnsinoSuperiorCompleto  6

converted_82reh86x0_frase_4_2018-03-08_23_Fortaleza_Ceara_Masculino_EnsinoSuperiorCompleto  6

converted_82reh86x0_frase_5_2018-03-08_23_Fortaleza_Ceara_Masculino_EnsinoSuperiorCompleto  6

converted_82reh86x0_frase_6_2018-03-08_23_Fortaleza_Ceara_Masculino_EnsinoSuperiorCompleto  6

converted_82reh86x0_frase_9_2018-03-08_23_Fortaleza_Ceara_Masculino_EnsinoSuperiorCompleto  6

converted_cj1fam4lv_frase_10_2017-11-16_24_CampinaGrande_Paraiba_Masculino_EnsinoSuperiorIncompleto 6

converted_cj1fam4lv_frase_11_2017-11-16_24_CampinaGrande_Paraiba_Masculino_EnsinoSuperiorIncompleto 6

converted_cj1fam4lv_frase_1_2017-11-16_24_CampinaGrande_Paraiba_Masculino_EnsinoSuperiorIncompleto  6

converted_cj1fam4lv_frase_12_2017-11-16_24_CampinaGrande_Paraiba_Masculino_EnsinoSuperiorIncompleto 6

converted_cj1fam4lv_frase_13_2017-11-16_24_CampinaGrande_Paraiba_Masculino_EnsinoSuperiorIncompleto 6

converted_cj1fam4lv_frase_14_2017-11-16_24_CampinaGrande_Paraiba_Masculino_EnsinoSuperiorIncompleto 6

converted_cj1fam4lv_frase_15_2017-11-16_24_CampinaGrande_Paraiba_Masculino_EnsinoSuperiorIncompleto 6

converted_cj1fam4lv_frase_16_2017-11-16_24_CampinaGrande_Paraiba_Masculino_EnsinoSuperiorIncompleto 6

converted_cj1fam4lv_frase_2_2017-11-16_24_CampinaGrande_Paraiba_Masculino_EnsinoSuperiorIncompleto  6

converted_cj1fam4lv_frase_3_2017-11-16_24_CampinaGrande_Paraiba_Masculino_EnsinoSuperiorIncompleto  6

converted_cj1fam4lv_frase_4_2017-11-16_24_CampinaGrande_Paraiba_Masculino_EnsinoSuperiorIncompleto  6

converted_cj1fam4lv_frase_5_2017-11-16_24_CampinaGrande_Paraiba_Masculino_EnsinoSuperiorIncompleto  6

converted_cj1fam4lv_frase_6_2017-11-16_24_CampinaGrande_Paraiba_Masculino_EnsinoSuperiorIncompleto  6

converted_cj1fam4lv_frase_7_2017-11-16_24_CampinaGrande_Paraiba_Masculino_EnsinoSuperiorIncompleto  6

converted_cj1fam4lv_frase_8_2017-11-16_24_CampinaGrande_Paraiba_Masculino_EnsinoSuperiorIncompleto  6

converted_cj1fam4lv_frase_9_2017-11-16_24_CampinaGrande_Paraiba_Masculino_EnsinoSuperiorIncompleto  6

converted_ext0fflgd_frase_10_1988-12-12_28_Natal_RioGrandedoNorte_Masculino_Mestrado 6

converted_ext0fflgd_frase_11_1988-12-12_28_Natal_RioGrandedoNorte_Masculino_Mestrado 6

converted_ext0fflgd_frase_1_1988-12-12_28_Natal_RioGrandedoNorte_Masculino_Mestrado  6

converted_ext0fflgd_frase_12_1988-12-12_28_Natal_RioGrandedoNorte_Masculino_Mestrado 6

converted_ext0fflgd_frase_13_1988-12-12_28_Natal_RioGrandedoNorte_Masculino_Mestrado 6

converted_ext0fflgd_frase_14_1988-12-12_28_Natal_RioGrandedoNorte_Masculino_Mestrado 6

converted_ext0fflgd_frase_15_1988-12-12_28_Natal_RioGrandedoNorte_Masculino_Mestrado 6

converted_ext0fflgd_frase_16_1988-12-12_28_Natal_RioGrandedoNorte_Masculino_Mestrado 6

converted_ext0fflgd_frase_2_1988-12-12_28_Natal_RioGrandedoNorte_Masculino_Mestrado  6

converted_ext0fflgd_frase_4_1988-12-12_28_Natal_RioGrandedoNorte_Masculino_Mestrado  6

converted_ext0fflgd_frase_5_1988-12-12_28_Natal_RioGrandedoNorte_Masculino_Mestrado  6

converted_ext0fflgd_frase_6_1988-12-12_28_Natal_RioGrandedoNorte_Masculino_Mestrado  6

converted_ext0fflgd_frase_7_1988-12-12_28_Natal_RioGrandedoNorte_Masculino_Mestrado  6

converted_ext0fflgd_frase_8_1988-12-12_28_Natal_RioGrandedoNorte_Masculino_Mestrado  6

converted_ext0fflgd_frase_9_1988-12-12_28_Natal_RioGrandedoNorte_Masculino_Mestrado  6

converted_g8mkyjkcn_frase_10_2017-11-16_26_Fortaleza_Ceara_Masculino_EnsinoSuperiorCompleto 6

converted_g8mkyjkcn_frase_11_2017-11-16_26_Fortaleza_Ceara_Masculino_EnsinoSuperiorCompleto 6

converted_g8mkyjkcn_frase_1_2017-11-16_26_Fortaleza_Ceara_Masculino_EnsinoSuperiorCompleto  6

converted_g8mkyjkcn_frase_12_2017-11-16_26_Fortaleza_Ceara_Masculino_EnsinoSuperiorCompleto 6

converted_g8mkyjkcn_frase_2_2017-11-16_26_Fortaleza_Ceara_Masculino_EnsinoSuperiorCompleto  6

converted_g8mkyjkcn_frase_3_2017-11-16_26_Fortaleza_Ceara_Masculino_EnsinoSuperiorCompleto  6

converted_g8mkyjkcn_frase_4_2017-11-16_26_Fortaleza_Ceara_Masculino_EnsinoSuperiorCompleto  6

converted_g8mkyjkcn_frase_5_2017-11-16_26_Fortaleza_Ceara_Masculino_EnsinoSuperiorCompleto  6

converted_g8mkyjkcn_frase_6_2017-11-16_26_Fortaleza_Ceara_Masculino_EnsinoSuperiorCompleto  6

converted_g8mkyjkcn_frase_7_2017-11-16_26_Fortaleza_Ceara_Masculino_EnsinoSuperiorCompleto  6

converted_g8mkyjkcn_frase_8_2017-11-16_26_Fortaleza_Ceara_Masculino_EnsinoSuperiorCompleto  6

converted_g8mkyjkcn_frase_9_2017-11-16_26_Fortaleza_Ceara_Masculino_EnsinoSuperiorCompleto  6

converted_umnmgb9w1_frase_10_2018-02-06_31_CampinaGrande_Paraiba_Masculino_EnsinoSuperiorCompleto 6

converted_umnmgb9w1_frase_1_2018-02-06_31_CampinaGrande_Paraiba_Masculino_EnsinoSuperiorCompleto  6

converted_umnmgb9w1_frase_2_2018-02-06_31_CampinaGrande_Paraiba_Masculino_EnsinoSuperiorCompleto  6

converted_umnmgb9w1_frase_3_2018-02-06_31_CampinaGrande_Paraiba_Masculino_EnsinoSuperiorCompleto  6

converted_umnmgb9w1_frase_4_2018-02-06_31_CampinaGrande_Paraiba_Masculino_EnsinoSuperiorCompleto  6

converted_umnmgb9w1_frase_5_2018-02-06_31_CampinaGrande_Paraiba_Masculino_EnsinoSuperiorCompleto  6

converted_umnmgb9w1_frase_6_2018-02-06_31_CampinaGrande_Paraiba_Masculino_EnsinoSuperiorCompleto  6

converted_umnmgb9w1_frase_8_2018-02-06_31_CampinaGrande_Paraiba_Masculino_EnsinoSuperiorCompleto  6

converted_umnmgb9w1_frase_9_2018-02-06_31_CampinaGrande_Paraiba_Masculino_EnsinoSuperiorCompleto  6

converted_uxlf9uawg_frase_1_1975-04-04_42_PauloAfonso_Bahia_Masculino_EnsinoMedioCompleto  6

converted_uxlf9uawg_frase_2_1975-04-04_42_PauloAfonso_Bahia_Masculino_EnsinoMedioCompleto  6

converted_uxlf9uawg_frase_3_1975-04-04_42_PauloAfonso_Bahia_Masculino_EnsinoMedioCompleto  6

converted_sj5yb1877_frase_10_2017-11-22_26_Imperatriz_Maranhao_Masculino_Doutorado 6

converted_sj5yb1877_frase_11_2017-11-22_26_Imperatriz_Maranhao_Masculino_Doutorado 6

converted_sj5yb1877_frase_1_2017-11-22_26_Imperatriz_Maranhao_Masculino_Doutorado  6

converted_sj5yb1877_frase_12_2017-11-22_26_Imperatriz_Maranhao_Masculino_Doutorado 6

converted_sj5yb1877_frase_13_2017-11-22_26_Imperatriz_Maranhao_Masculino_Doutorado 6

converted_sj5yb1877_frase_14_2017-11-22_26_Imperatriz_Maranhao_Masculino_Doutorado 6

converted_sj5yb1877_frase_15_2017-11-22_26_Imperatriz_Maranhao_Masculino_Doutorado 6

converted_sj5yb1877_frase_16_2017-11-22_26_Imperatriz_Maranhao_Masculino_Doutorado 6

converted_sj5yb1877_frase_2_2017-11-22_26_Imperatriz_Maranhao_Masculino_Doutorado  6

converted_sj5yb1877_frase_3_2017-11-22_26_Imperatriz_Maranhao_Masculino_Doutorado  6

converted_sj5yb1877_frase_4_2017-11-22_26_Imperatriz_Maranhao_Masculino_Doutorado  6

converted_sj5yb1877_frase_5_2017-11-22_26_Imperatriz_Maranhao_Masculino_Doutorado  6

converted_sj5yb1877_frase_6_2017-11-22_26_Imperatriz_Maranhao_Masculino_Doutorado  6

converted_sj5yb1877_frase_7_2017-11-22_26_Imperatriz_Maranhao_Masculino_Doutorado  6

converted_sj5yb1877_frase_8_2017-11-22_26_Imperatriz_Maranhao_Masculino_Doutorado  6

converted_sj5yb1877_frase_9_2017-11-22_26_Imperatriz_Maranhao_Masculino_Doutorado  6

converted_vy2pg5pak_frase_1_2017-12-12_26_CampinaGrande_Paraiba_Masculino_Mestrado 6

converted_vy2pg5pak_frase_2_2017-12-12_26_CampinaGrande_Paraiba_Masculino_Mestrado 6

converted_vy2pg5pak_frase_3_2017-12-12_26_CampinaGrande_Paraiba_Masculino_Mestrado 6

converted_y9tnecd40_frase_7_2017-11-20_27_Curitiba_Parana_Masculino_EnsinoMedioCompleto  7

converted_y9tnecd40_frase_8_2017-11-20_27_Curitiba_Parana_Masculino_EnsinoMedioCompleto  7

converted_y9tnecd40_frase_9_2017-11-20_27_Curitiba_Parana_Masculino_EnsinoMedioCompleto  7

converted_8ono0qlxy_frase_10_2017-11-16_23_SaoPaulo_SaoPaulo_Feminino_EnsinoSuperiorCompleto 7

converted_8ono0qlxy_frase_11_2017-11-16_23_SaoPaulo_SaoPaulo_Feminino_EnsinoSuperiorCompleto 7

converted_8ono0qlxy_frase_1_2017-11-16_23_SaoPaulo_SaoPaulo_Feminino_EnsinoSuperiorCompleto  7

converted_8ono0qlxy_frase_12_2017-11-16_23_SaoPaulo_SaoPaulo_Feminino_EnsinoSuperiorCompleto 7

converted_8ono0qlxy_frase_13_2017-11-16_23_SaoPaulo_SaoPaulo_Feminino_EnsinoSuperiorCompleto 7

converted_8ono0qlxy_frase_14_2017-11-16_23_SaoPaulo_SaoPaulo_Feminino_EnsinoSuperiorCompleto 7

converted_8ono0qlxy_frase_15_2017-11-16_23_SaoPaulo_SaoPaulo_Feminino_EnsinoSuperiorCompleto 7

converted_8ono0qlxy_frase_16_2017-11-16_23_SaoPaulo_SaoPaulo_Feminino_EnsinoSuperiorCompleto 7

converted_8ono0qlxy_frase_2_2017-11-16_23_SaoPaulo_SaoPaulo_Feminino_EnsinoSuperiorCompleto  7

converted_8ono0qlxy_frase_3_2017-11-16_23_SaoPaulo_SaoPaulo_Feminino_EnsinoSuperiorCompleto  7

converted_8ono0qlxy_frase_4_2017-11-16_23_SaoPaulo_SaoPaulo_Feminino_EnsinoSuperiorCompleto  7

converted_8ono0qlxy_frase_5_2017-11-16_23_SaoPaulo_SaoPaulo_Feminino_EnsinoSuperiorCompleto  7

converted_8ono0qlxy_frase_6_2017-11-16_23_SaoPaulo_SaoPaulo_Feminino_EnsinoSuperiorCompleto  7

converted_8ono0qlxy_frase_7_2017-11-16_23_SaoPaulo_SaoPaulo_Feminino_EnsinoSuperiorCompleto  7

converted_8ono0qlxy_frase_8_2017-11-16_23_SaoPaulo_SaoPaulo_Feminino_EnsinoSuperiorCompleto  7

converted_8ono0qlxy_frase_9_2017-11-16_23_SaoPaulo_SaoPaulo_Feminino_EnsinoSuperiorCompleto  7

converted_xf9ic30yo_frase_10_2017-11-20_31_Piracicaba_SaoPaulo_Feminino_EnsinoSuperiorCompleto 7

converted_xf9ic30yo_frase_11_2017-11-20_31_Piracicaba_SaoPaulo_Feminino_EnsinoSuperiorCompleto 7

converted_xf9ic30yo_frase_1_2017-11-20_31_Piracicaba_SaoPaulo_Feminino_EnsinoSuperiorCompleto  7

converted_xf9ic30yo_frase_12_2017-11-20_31_Piracicaba_SaoPaulo_Feminino_EnsinoSuperiorCompleto 7

converted_xf9ic30yo_frase_13_2017-11-20_31_Piracicaba_SaoPaulo_Feminino_EnsinoSuperiorCompleto 7

converted_xf9ic30yo_frase_14_2017-11-20_31_Piracicaba_SaoPaulo_Feminino_EnsinoSuperiorCompleto 7

converted_xf9ic30yo_frase_15_2017-11-20_31_Piracicaba_SaoPaulo_Feminino_EnsinoSuperiorCompleto 7

converted_xf9ic30yo_frase_16_2017-11-20_31_Piracicaba_SaoPaulo_Feminino_EnsinoSuperiorCompleto 7

converted_xf9ic30yo_frase_2_2017-11-20_31_Piracicaba_SaoPaulo_Feminino_EnsinoSuperiorCompleto  7

converted_xf9ic30yo_frase_3_2017-11-20_31_Piracicaba_SaoPaulo_Feminino_EnsinoSuperiorCompleto  7

converted_xf9ic30yo_frase_4_2017-11-20_31_Piracicaba_SaoPaulo_Feminino_EnsinoSuperiorCompleto  7

converted_xf9ic30yo_frase_5_2017-11-20_31_Piracicaba_SaoPaulo_Feminino_EnsinoSuperiorCompleto  7

converted_xf9ic30yo_frase_6_2017-11-20_31_Piracicaba_SaoPaulo_Feminino_EnsinoSuperiorCompleto  7

converted_xf9ic30yo_frase_7_2017-11-20_31_Piracicaba_SaoPaulo_Feminino_EnsinoSuperiorCompleto  7

converted_xf9ic30yo_frase_8_2017-11-20_31_Piracicaba_SaoPaulo_Feminino_EnsinoSuperiorCompleto  7

converted_xf9ic30yo_frase_9_2017-11-20_31_Piracicaba_SaoPaulo_Feminino_EnsinoSuperiorCompleto  7

converted_xz3knif6r_frase_10_1989-09-18_28_PocosdeCaldas_MinasGerais_Feminino_EnsinoSuperiorCompleto 7

converted_xz3knif6r_frase_11_1989-09-18_28_PocosdeCaldas_MinasGerais_Feminino_EnsinoSuperiorCompleto 7

converted_xz3knif6r_frase_1_1989-09-18_28_PocosdeCaldas_MinasGerais_Feminino_EnsinoSuperiorCompleto  7

converted_xz3knif6r_frase_12_1989-09-18_28_PocosdeCaldas_MinasGerais_Feminino_EnsinoSuperiorCompleto 7

converted_xz3knif6r_frase_13_1989-09-18_28_PocosdeCaldas_MinasGerais_Feminino_EnsinoSuperiorCompleto 7

converted_xz3knif6r_frase_14_1989-09-18_28_PocosdeCaldas_MinasGerais_Feminino_EnsinoSuperiorCompleto 7

converted_xz3knif6r_frase_15_1989-09-18_28_PocosdeCaldas_MinasGerais_Feminino_EnsinoSuperiorCompleto 7

converted_xz3knif6r_frase_16_1989-09-18_28_PocosdeCaldas_MinasGerais_Feminino_EnsinoSuperiorCompleto 7

converted_xz3knif6r_frase_2_1989-09-18_28_PocosdeCaldas_MinasGerais_Feminino_EnsinoSuperiorCompleto  7

converted_xz3knif6r_frase_3_1989-09-18_28_PocosdeCaldas_MinasGerais_Feminino_EnsinoSuperiorCompleto  7

converted_xz3knif6r_frase_4_1989-09-18_28_PocosdeCaldas_MinasGerais_Feminino_EnsinoSuperiorCompleto  7

converted_xz3knif6r_frase_5_1989-09-18_28_PocosdeCaldas_MinasGerais_Feminino_EnsinoSuperiorCompleto  7

converted_xz3knif6r_frase_6_1989-09-18_28_PocosdeCaldas_MinasGerais_Feminino_EnsinoSuperiorCompleto  7

converted_xz3knif6r_frase_7_1989-09-18_28_PocosdeCaldas_MinasGerais_Feminino_EnsinoSuperiorCompleto  7

converted_xz3knif6r_frase_8_1989-09-18_28_PocosdeCaldas_MinasGerais_Feminino_EnsinoSuperiorCompleto  7

converted_xz3knif6r_frase_9_1989-09-18_28_PocosdeCaldas_MinasGerais_Feminino_EnsinoSuperiorCompleto  7

converted_yyi5n7rky_frase_10_2017-12-11_25_INDAIATUBA_SaoPaulo_Feminino_EnsinoSuperiorCompleto 7

converted_yyi5n7rky_frase_11_2017-12-11_25_INDAIATUBA_SaoPaulo_Feminino_EnsinoSuperiorCompleto 7

converted_yyi5n7rky_frase_1_2017-12-11_25_INDAIATUBA_SaoPaulo_Feminino_EnsinoSuperiorCompleto  7

converted_yyi5n7rky_frase_12_2017-12-11_25_INDAIATUBA_SaoPaulo_Feminino_EnsinoSuperiorCompleto 7

converted_yyi5n7rky_frase_13_2017-12-11_25_INDAIATUBA_SaoPaulo_Feminino_EnsinoSuperiorCompleto 7

converted_yyi5n7rky_frase_14_2017-12-11_25_INDAIATUBA_SaoPaulo_Feminino_EnsinoSuperiorCompleto 7

converted_yyi5n7rky_frase_15_2017-12-11_25_INDAIATUBA_SaoPaulo_Feminino_EnsinoSuperiorCompleto 7

converted_yyi5n7rky_frase_16_2017-12-11_25_INDAIATUBA_SaoPaulo_Feminino_EnsinoSuperiorCompleto 7

converted_yyi5n7rky_frase_2_2017-12-11_25_INDAIATUBA_SaoPaulo_Feminino_EnsinoSuperiorCompleto  7

converted_yyi5n7rky_frase_3_2017-12-11_25_INDAIATUBA_SaoPaulo_Feminino_EnsinoSuperiorCompleto  7

converted_yyi5n7rky_frase_4_2017-12-11_25_INDAIATUBA_SaoPaulo_Feminino_EnsinoSuperiorCompleto  7

converted_yyi5n7rky_frase_5_2017-12-11_25_INDAIATUBA_SaoPaulo_Feminino_EnsinoSuperiorCompleto  7

converted_yyi5n7rky_frase_6_2017-12-11_25_INDAIATUBA_SaoPaulo_Feminino_EnsinoSuperiorCompleto  7

converted_yyi5n7rky_frase_7_2017-12-11_25_INDAIATUBA_SaoPaulo_Feminino_EnsinoSuperiorCompleto  7

converted_yyi5n7rky_frase_8_2017-12-11_25_INDAIATUBA_SaoPaulo_Feminino_EnsinoSuperiorCompleto  7

converted_yyi5n7rky_frase_9_2017-12-11_25_INDAIATUBA_SaoPaulo_Feminino_EnsinoSuperiorCompleto  7

converted_zjck9fi2p_frase_1_2018-04-24_20_SaoPaulo_SaoPaulo_Feminino_EnsinoSuperiorIncompleto  7

converted_23jp2a6uy_frase_10_2017-11-19_53_Paraisopolis_MinasGerais_Feminino_EnsinoSuperiorCompleto 7

converted_23jp2a6uy_frase_11_2017-11-19_53_Paraisopolis_MinasGerais_Feminino_EnsinoSuperiorCompleto 7

converted_23jp2a6uy_frase_1_2017-11-19_53_Paraisopolis_MinasGerais_Feminino_EnsinoSuperiorCompleto  7

converted_23jp2a6uy_frase_12_2017-11-19_53_Paraisopolis_MinasGerais_Feminino_EnsinoSuperiorCompleto 7

converted_23jp2a6uy_frase_13_2017-11-19_53_Paraisopolis_MinasGerais_Feminino_EnsinoSuperiorCompleto 7

converted_23jp2a6uy_frase_14_2017-11-19_53_Paraisopolis_MinasGerais_Feminino_EnsinoSuperiorCompleto 7

converted_23jp2a6uy_frase_15_2017-11-19_53_Paraisopolis_MinasGerais_Feminino_EnsinoSuperiorCompleto 7

converted_23jp2a6uy_frase_16_2017-11-19_53_Paraisopolis_MinasGerais_Feminino_EnsinoSuperiorCompleto 7

converted_23jp2a6uy_frase_2_2017-11-19_53_Paraisopolis_MinasGerais_Feminino_EnsinoSuperiorCompleto  7

converted_23jp2a6uy_frase_3_2017-11-19_53_Paraisopolis_MinasGerais_Feminino_EnsinoSuperiorCompleto  7

converted_23jp2a6uy_frase_4_2017-11-19_53_Paraisopolis_MinasGerais_Feminino_EnsinoSuperiorCompleto  7

converted_23jp2a6uy_frase_5_2017-11-19_53_Paraisopolis_MinasGerais_Feminino_EnsinoSuperiorCompleto  7

converted_23jp2a6uy_frase_6_2017-11-19_53_Paraisopolis_MinasGerais_Feminino_EnsinoSuperiorCompleto  7

converted_23jp2a6uy_frase_7_2017-11-19_53_Paraisopolis_MinasGerais_Feminino_EnsinoSuperiorCompleto  7

converted_23jp2a6uy_frase_8_2017-11-19_53_Paraisopolis_MinasGerais_Feminino_EnsinoSuperiorCompleto  7

converted_23jp2a6uy_frase_9_2017-11-19_53_Paraisopolis_MinasGerais_Feminino_EnsinoSuperiorCompleto  7

converted_qjl0splee_frase_10_2017-12-01_24_Goiania_Goias_Feminino_EnsinoSuperiorCompleto 7

converted_qjl0splee_frase_11_2017-12-01_24_Goiania_Goias_Feminino_EnsinoSuperiorCompleto 7

converted_qjl0splee_frase_1_2017-12-01_24_Goiania_Goias_Feminino_EnsinoSuperiorCompleto  7

converted_qjl0splee_frase_12_2017-12-01_24_Goiania_Goias_Feminino_EnsinoSuperiorCompleto 7

converted_qjl0splee_frase_13_2017-12-01_24_Goiania_Goias_Feminino_EnsinoSuperiorCompleto 7

converted_qjl0splee_frase_14_2017-12-01_24_Goiania_Goias_Feminino_EnsinoSuperiorCompleto 7

converted_qjl0splee_frase_15_2017-12-01_24_Goiania_Goias_Feminino_EnsinoSuperiorCompleto 7

converted_qjl0splee_frase_16_2017-12-01_24_Goiania_Goias_Feminino_EnsinoSuperiorCompleto 7

converted_qjl0splee_frase_2_2017-12-01_24_Goiania_Goias_Feminino_EnsinoSuperiorCompleto  7

converted_qjl0splee_frase_3_2017-12-01_24_Goiania_Goias_Feminino_EnsinoSuperiorCompleto  7

converted_qjl0splee_frase_4_2017-12-01_24_Goiania_Goias_Feminino_EnsinoSuperiorCompleto  7

converted_qjl0splee_frase_5_2017-12-01_24_Goiania_Goias_Feminino_EnsinoSuperiorCompleto  7

converted_qjl0splee_frase_6_2017-12-01_24_Goiania_Goias_Feminino_EnsinoSuperiorCompleto  7

converted_qjl0splee_frase_7_2017-12-01_24_Goiania_Goias_Feminino_EnsinoSuperiorCompleto  7

converted_qjl0splee_frase_8_2017-12-01_24_Goiania_Goias_Feminino_EnsinoSuperiorCompleto  7

converted_qjl0splee_frase_9_2017-12-01_24_Goiania_Goias_Feminino_EnsinoSuperiorCompleto  7

converted_t0m68h3c4_frase_10_1996-03-12_21_CAMPINAS_SaoPaulo_Feminino_EnsinoSuperiorIncompleto 7

converted_t0m68h3c4_frase_11_1996-03-12_21_CAMPINAS_SaoPaulo_Feminino_EnsinoSuperiorIncompleto 7

converted_t0m68h3c4_frase_1_1996-03-12_21_CAMPINAS_SaoPaulo_Feminino_EnsinoSuperiorIncompleto  7

converted_t0m68h3c4_frase_12_1996-03-12_21_CAMPINAS_SaoPaulo_Feminino_EnsinoSuperiorIncompleto 7

converted_t0m68h3c4_frase_13_1996-03-12_21_CAMPINAS_SaoPaulo_Feminino_EnsinoSuperiorIncompleto 7

converted_t0m68h3c4_frase_14_1996-03-12_21_CAMPINAS_SaoPaulo_Feminino_EnsinoSuperiorIncompleto 7

converted_t0m68h3c4_frase_15_1996-03-12_21_CAMPINAS_SaoPaulo_Feminino_EnsinoSuperiorIncompleto 7

converted_t0m68h3c4_frase_16_1996-03-12_21_CAMPINAS_SaoPaulo_Feminino_EnsinoSuperiorIncompleto 7

converted_t0m68h3c4_frase_2_1996-03-12_21_CAMPINAS_SaoPaulo_Feminino_EnsinoSuperiorIncompleto  7

converted_t0m68h3c4_frase_3_1996-03-12_21_CAMPINAS_SaoPaulo_Feminino_EnsinoSuperiorIncompleto  7

converted_t0m68h3c4_frase_4_1996-03-12_21_CAMPINAS_SaoPaulo_Feminino_EnsinoSuperiorIncompleto  7

converted_t0m68h3c4_frase_5_1996-03-12_21_CAMPINAS_SaoPaulo_Feminino_EnsinoSuperiorIncompleto  7

converted_t0m68h3c4_frase_6_1996-03-12_21_CAMPINAS_SaoPaulo_Feminino_EnsinoSuperiorIncompleto  7

converted_t0m68h3c4_frase_7_1996-03-12_21_CAMPINAS_SaoPaulo_Feminino_EnsinoSuperiorIncompleto  7

converted_t0m68h3c4_frase_8_1996-03-12_21_CAMPINAS_SaoPaulo_Feminino_EnsinoSuperiorIncompleto  7

converted_t0m68h3c4_frase_9_1996-03-12_21_CAMPINAS_SaoPaulo_Feminino_EnsinoSuperiorIncompleto  7

converted_uju2j6dep_frase_1_2018-04-25_24_Campinas_SaoPaulo_Feminino_EnsinoSuperiorCompleto    7

converted_uju2j6dep_frase_2_2018-04-25_24_Campinas_SaoPaulo_Feminino_EnsinoSuperiorCompleto    7

converted_uju2j6dep_frase_3_2018-04-25_24_Campinas_SaoPaulo_Feminino_EnsinoSuperiorCompleto    7

converted_uju2j6dep_frase_4_2018-04-25_24_Campinas_SaoPaulo_Feminino_EnsinoSuperiorCompleto    7

converted_uju2j6dep_frase_5_2018-04-25_24_Campinas_SaoPaulo_Feminino_EnsinoSuperiorCompleto    7

converted_o4jqu87zl_frase_10_2017-11-21_30_Campinas_SaoPaulo_Feminino_EnsinoSuperiorCompleto 7

converted_o4jqu87zl_frase_11_2017-11-21_30_Campinas_SaoPaulo_Feminino_EnsinoSuperiorCompleto 7

converted_o4jqu87zl_frase_1_2017-11-21_30_Campinas_SaoPaulo_Feminino_EnsinoSuperiorCompleto  7

converted_o4jqu87zl_frase_12_2017-11-21_30_Campinas_SaoPaulo_Feminino_EnsinoSuperiorCompleto 7

converted_o4jqu87zl_frase_13_2017-11-21_30_Campinas_SaoPaulo_Feminino_EnsinoSuperiorCompleto 7

converted_o4jqu87zl_frase_14_2017-11-21_30_Campinas_SaoPaulo_Feminino_EnsinoSuperiorCompleto 7

converted_o4jqu87zl_frase_15_2017-11-21_30_Campinas_SaoPaulo_Feminino_EnsinoSuperiorCompleto 7

converted_o4jqu87zl_frase_16_2017-11-21_30_Campinas_SaoPaulo_Feminino_EnsinoSuperiorCompleto 7

converted_o4jqu87zl_frase_2_2017-11-21_30_Campinas_SaoPaulo_Feminino_EnsinoSuperiorCompleto  7

converted_o4jqu87zl_frase_3_2017-11-21_30_Campinas_SaoPaulo_Feminino_EnsinoSuperiorCompleto  7

converted_o4jqu87zl_frase_4_2017-11-21_30_Campinas_SaoPaulo_Feminino_EnsinoSuperiorCompleto  7

converted_o4jqu87zl_frase_5_2017-11-21_30_Campinas_SaoPaulo_Feminino_EnsinoSuperiorCompleto  7

converted_o4jqu87zl_frase_6_2017-11-21_30_Campinas_SaoPaulo_Feminino_EnsinoSuperiorCompleto  7

converted_o4jqu87zl_frase_7_2017-11-21_30_Campinas_SaoPaulo_Feminino_EnsinoSuperiorCompleto  7

converted_o4jqu87zl_frase_8_2017-11-21_30_Campinas_SaoPaulo_Feminino_EnsinoSuperiorCompleto  7

converted_o4jqu87zl_frase_9_2017-11-21_30_Campinas_SaoPaulo_Feminino_EnsinoSuperiorCompleto  7

converted_o590a0sm2_frase_10_2018-04-24_20_SaoPaulo_SaoPaulo_Feminino_EnsinoSuperiorIncompleto 7

converted_o590a0sm2_frase_11_2018-04-24_20_SaoPaulo_SaoPaulo_Feminino_EnsinoSuperiorIncompleto 7

converted_o590a0sm2_frase_1_2018-04-24_20_SaoPaulo_SaoPaulo_Feminino_EnsinoSuperiorIncompleto  7

converted_o590a0sm2_frase_12_2018-04-24_20_SaoPaulo_SaoPaulo_Feminino_EnsinoSuperiorIncompleto 7

converted_o590a0sm2_frase_13_2018-04-24_20_SaoPaulo_SaoPaulo_Feminino_EnsinoSuperiorIncompleto 7

converted_o590a0sm2_frase_14_2018-04-24_20_SaoPaulo_SaoPaulo_Feminino_EnsinoSuperiorIncompleto 7

converted_o590a0sm2_frase_15_2018-04-24_20_SaoPaulo_SaoPaulo_Feminino_EnsinoSuperiorIncompleto 7

converted_o590a0sm2_frase_16_2018-04-24_20_SaoPaulo_SaoPaulo_Feminino_EnsinoSuperiorIncompleto 7

converted_o590a0sm2_frase_3_2018-04-24_20_SaoPaulo_SaoPaulo_Feminino_EnsinoSuperiorIncompleto  7

converted_o590a0sm2_frase_4_2018-04-24_20_SaoPaulo_SaoPaulo_Feminino_EnsinoSuperiorIncompleto  7

converted_o590a0sm2_frase_5_2018-04-24_20_SaoPaulo_SaoPaulo_Feminino_EnsinoSuperiorIncompleto  7

converted_o590a0sm2_frase_6_2018-04-24_20_SaoPaulo_SaoPaulo_Feminino_EnsinoSuperiorIncompleto  7

converted_o590a0sm2_frase_7_2018-04-24_20_SaoPaulo_SaoPaulo_Feminino_EnsinoSuperiorIncompleto  7

converted_o590a0sm2_frase_8_2018-04-24_20_SaoPaulo_SaoPaulo_Feminino_EnsinoSuperiorIncompleto  7

converted_o590a0sm2_frase_9_2018-04-24_20_SaoPaulo_SaoPaulo_Feminino_EnsinoSuperiorIncompleto  7

converted_mzr4l364l_frase_10_2018-04-24_26_Indaiatuba_SaoPaulo_Feminino_EnsinoSuperiorCompleto 7

converted_mzr4l364l_frase_11_2018-04-24_26_Indaiatuba_SaoPaulo_Feminino_EnsinoSuperiorCompleto 7

converted_mzr4l364l_frase_1_2018-04-24_26_Indaiatuba_SaoPaulo_Feminino_EnsinoSuperiorCompleto  7

converted_mzr4l364l_frase_12_2018-04-24_26_Indaiatuba_SaoPaulo_Feminino_EnsinoSuperiorCompleto 7

converted_mzr4l364l_frase_13_2018-04-24_26_Indaiatuba_SaoPaulo_Feminino_EnsinoSuperiorCompleto 7

converted_mzr4l364l_frase_14_2018-04-24_26_Indaiatuba_SaoPaulo_Feminino_EnsinoSuperiorCompleto 7

converted_mzr4l364l_frase_15_2018-04-24_26_Indaiatuba_SaoPaulo_Feminino_EnsinoSuperiorCompleto 7

converted_mzr4l364l_frase_16_2018-04-24_26_Indaiatuba_SaoPaulo_Feminino_EnsinoSuperiorCompleto 7

converted_mzr4l364l_frase_2_2018-04-24_26_Indaiatuba_SaoPaulo_Feminino_EnsinoSuperiorCompleto  7

converted_mzr4l364l_frase_3_2018-04-24_26_Indaiatuba_SaoPaulo_Feminino_EnsinoSuperiorCompleto  7

converted_mzr4l364l_frase_4_2018-04-24_26_Indaiatuba_SaoPaulo_Feminino_EnsinoSuperiorCompleto  7

converted_mzr4l364l_frase_5_2018-04-24_26_Indaiatuba_SaoPaulo_Feminino_EnsinoSuperiorCompleto  7

converted_mzr4l364l_frase_6_2018-04-24_26_Indaiatuba_SaoPaulo_Feminino_EnsinoSuperiorCompleto  7

converted_mzr4l364l_frase_7_2018-04-24_26_Indaiatuba_SaoPaulo_Feminino_EnsinoSuperiorCompleto  7

converted_mzr4l364l_frase_8_2018-04-24_26_Indaiatuba_SaoPaulo_Feminino_EnsinoSuperiorCompleto  7

converted_mzr4l364l_frase_9_2018-04-24_26_Indaiatuba_SaoPaulo_Feminino_EnsinoSuperiorCompleto  7

converted_k6u74f2mb_frase_10_2017-11-16_21_Salto_SaoPaulo_Feminino_EnsinoSuperiorIncompleto 7

converted_k6u74f2mb_frase_11_2017-11-16_21_Salto_SaoPaulo_Feminino_EnsinoSuperiorIncompleto 7

converted_k6u74f2mb_frase_1_2017-11-16_21_Salto_SaoPaulo_Feminino_EnsinoSuperiorIncompleto  7

converted_k6u74f2mb_frase_12_2017-11-16_21_Salto_SaoPaulo_Feminino_EnsinoSuperiorIncompleto 7

converted_k6u74f2mb_frase_13_2017-11-16_21_Salto_SaoPaulo_Feminino_EnsinoSuperiorIncompleto 7

converted_k6u74f2mb_frase_14_2017-11-16_21_Salto_SaoPaulo_Feminino_EnsinoSuperiorIncompleto 7

converted_k6u74f2mb_frase_15_2017-11-16_21_Salto_SaoPaulo_Feminino_EnsinoSuperiorIncompleto 7

converted_k6u74f2mb_frase_2_2017-11-16_21_Salto_SaoPaulo_Feminino_EnsinoSuperiorIncompleto  7

converted_k6u74f2mb_frase_3_2017-11-16_21_Salto_SaoPaulo_Feminino_EnsinoSuperiorIncompleto  7

converted_k6u74f2mb_frase_4_2017-11-16_21_Salto_SaoPaulo_Feminino_EnsinoSuperiorIncompleto  7

converted_k6u74f2mb_frase_5_2017-11-16_21_Salto_SaoPaulo_Feminino_EnsinoSuperiorIncompleto  7

converted_k6u74f2mb_frase_6_2017-11-16_21_Salto_SaoPaulo_Feminino_EnsinoSuperiorIncompleto  7

converted_k6u74f2mb_frase_7_2017-11-16_21_Salto_SaoPaulo_Feminino_EnsinoSuperiorIncompleto  7

converted_k6u74f2mb_frase_8_2017-11-16_21_Salto_SaoPaulo_Feminino_EnsinoSuperiorIncompleto  7

converted_k6u74f2mb_frase_9_2017-11-16_21_Salto_SaoPaulo_Feminino_EnsinoSuperiorIncompleto  7

converted_kdrpj02r6_frase_10_2017-11-17_21_Guarulhos_SaoPaulo_Feminino_EnsinoSuperiorIncompleto 7

converted_kdrpj02r6_frase_11_2017-11-17_21_Guarulhos_SaoPaulo_Feminino_EnsinoSuperiorIncompleto 7

converted_kdrpj02r6_frase_1_2017-11-17_21_Guarulhos_SaoPaulo_Feminino_EnsinoSuperiorIncompleto  7

converted_kdrpj02r6_frase_12_2017-11-17_21_Guarulhos_SaoPaulo_Feminino_EnsinoSuperiorIncompleto 7

converted_kdrpj02r6_frase_13_2017-11-17_21_Guarulhos_SaoPaulo_Feminino_EnsinoSuperiorIncompleto 7

converted_kdrpj02r6_frase_14_2017-11-17_21_Guarulhos_SaoPaulo_Feminino_EnsinoSuperiorIncompleto 7

converted_kdrpj02r6_frase_15_2017-11-17_21_Guarulhos_SaoPaulo_Feminino_EnsinoSuperiorIncompleto 7

converted_kdrpj02r6_frase_16_2017-11-17_21_Guarulhos_SaoPaulo_Feminino_EnsinoSuperiorIncompleto 7

converted_kdrpj02r6_frase_2_2017-11-17_21_Guarulhos_SaoPaulo_Feminino_EnsinoSuperiorIncompleto  7

converted_kdrpj02r6_frase_3_2017-11-17_21_Guarulhos_SaoPaulo_Feminino_EnsinoSuperiorIncompleto  7

converted_kdrpj02r6_frase_4_2017-11-17_21_Guarulhos_SaoPaulo_Feminino_EnsinoSuperiorIncompleto  7

converted_kdrpj02r6_frase_5_2017-11-17_21_Guarulhos_SaoPaulo_Feminino_EnsinoSuperiorIncompleto  7

converted_kdrpj02r6_frase_6_2017-11-17_21_Guarulhos_SaoPaulo_Feminino_EnsinoSuperiorIncompleto  7

converted_kdrpj02r6_frase_7_2017-11-17_21_Guarulhos_SaoPaulo_Feminino_EnsinoSuperiorIncompleto  7

converted_kdrpj02r6_frase_8_2017-11-17_21_Guarulhos_SaoPaulo_Feminino_EnsinoSuperiorIncompleto  7

converted_kdrpj02r6_frase_9_2017-11-17_21_Guarulhos_SaoPaulo_Feminino_EnsinoSuperiorIncompleto  7

converted_k1mr94ffe_frase_10_2017-12-22_21_Navegantes_SantaCatarina_Feminino_EnsinoSuperiorIncompleto 7

converted_k1mr94ffe_frase_11_2017-12-22_21_Navegantes_SantaCatarina_Feminino_EnsinoSuperiorIncompleto 7

converted_k1mr94ffe_frase_1_2017-12-22_21_Navegantes_SantaCatarina_Feminino_EnsinoSuperiorIncompleto  7

converted_k1mr94ffe_frase_12_2017-12-22_21_Navegantes_SantaCatarina_Feminino_EnsinoSuperiorIncompleto 7

converted_k1mr94ffe_frase_13_2017-12-22_21_Navegantes_SantaCatarina_Feminino_EnsinoSuperiorIncompleto 7

converted_k1mr94ffe_frase_14_2017-12-22_21_Navegantes_SantaCatarina_Feminino_EnsinoSuperiorIncompleto 7

converted_k1mr94ffe_frase_15_2017-12-22_21_Navegantes_SantaCatarina_Feminino_EnsinoSuperiorIncompleto 7

converted_k1mr94ffe_frase_16_2017-12-22_21_Navegantes_SantaCatarina_Feminino_EnsinoSuperiorIncompleto 7

converted_k1mr94ffe_frase_2_2017-12-22_21_Navegantes_SantaCatarina_Feminino_EnsinoSuperiorIncompleto  7

converted_k1mr94ffe_frase_3_2017-12-22_21_Navegantes_SantaCatarina_Feminino_EnsinoSuperiorIncompleto  7

converted_k1mr94ffe_frase_4_2017-12-22_21_Navegantes_SantaCatarina_Feminino_EnsinoSuperiorIncompleto  7

converted_k1mr94ffe_frase_5_2017-12-22_21_Navegantes_SantaCatarina_Feminino_EnsinoSuperiorIncompleto  7

converted_k1mr94ffe_frase_6_2017-12-22_21_Navegantes_SantaCatarina_Feminino_EnsinoSuperiorIncompleto  7

converted_k1mr94ffe_frase_7_2017-12-22_21_Navegantes_SantaCatarina_Feminino_EnsinoSuperiorIncompleto  7

converted_k1mr94ffe_frase_8_2017-12-22_21_Navegantes_SantaCatarina_Feminino_EnsinoSuperiorIncompleto  7

converted_k1mr94ffe_frase_9_2017-12-22_21_Navegantes_SantaCatarina_Feminino_EnsinoSuperiorIncompleto  7

converted_j7zhg401v_frase_10_2017-11-20_32_Estrela_RioGrandedoSul_Feminino_Mestrado 7

converted_j7zhg401v_frase_11_2017-11-20_32_Estrela_RioGrandedoSul_Feminino_Mestrado 7

converted_j7zhg401v_frase_1_2017-11-20_32_Estrela_RioGrandedoSul_Feminino_Mestrado  7

converted_j7zhg401v_frase_12_2017-11-20_32_Estrela_RioGrandedoSul_Feminino_Mestrado 7

converted_j7zhg401v_frase_13_2017-11-20_32_Estrela_RioGrandedoSul_Feminino_Mestrado 7

converted_j7zhg401v_frase_14_2017-11-20_32_Estrela_RioGrandedoSul_Feminino_Mestrado 7

converted_j7zhg401v_frase_15_2017-11-20_32_Estrela_RioGrandedoSul_Feminino_Mestrado 7

converted_j7zhg401v_frase_16_2017-11-20_32_Estrela_RioGrandedoSul_Feminino_Mestrado 7

converted_j7zhg401v_frase_2_2017-11-20_32_Estrela_RioGrandedoSul_Feminino_Mestrado  7

converted_j7zhg401v_frase_3_2017-11-20_32_Estrela_RioGrandedoSul_Feminino_Mestrado  7

converted_j7zhg401v_frase_4_2017-11-20_32_Estrela_RioGrandedoSul_Feminino_Mestrado  7

converted_j7zhg401v_frase_5_2017-11-20_32_Estrela_RioGrandedoSul_Feminino_Mestrado  7

converted_j7zhg401v_frase_6_2017-11-20_32_Estrela_RioGrandedoSul_Feminino_Mestrado  7

converted_j7zhg401v_frase_7_2017-11-20_32_Estrela_RioGrandedoSul_Feminino_Mestrado  7

converted_j7zhg401v_frase_8_2017-11-20_32_Estrela_RioGrandedoSul_Feminino_Mestrado  7

converted_j7zhg401v_frase_9_2017-11-20_32_Estrela_RioGrandedoSul_Feminino_Mestrado  7

converted_9a1atmzz5_frase_1_2017-11-17_23_Paulinia_SaoPaulo_Feminino_EnsinoSuperiorCompleto 7

converted_9a1atmzz5_frase_2_2017-11-17_23_Paulinia_SaoPaulo_Feminino_EnsinoSuperiorCompleto 7

converted_9a1atmzz5_frase_3_2017-11-17_23_Paulinia_SaoPaulo_Feminino_EnsinoSuperiorCompleto 7

converted_9a1atmzz5_frase_4_2017-11-17_23_Paulinia_SaoPaulo_Feminino_EnsinoSuperiorCompleto 7

converted_9a1atmzz5_frase_5_2017-11-17_23_Paulinia_SaoPaulo_Feminino_EnsinoSuperiorCompleto 7

converted_9a1atmzz5_frase_6_2017-11-17_23_Paulinia_SaoPaulo_Feminino_EnsinoSuperiorCompleto 7

converted_9xhz2m9f1_frase_10_2017-11-16_31_Campinas_SaoPaulo_Feminino_EnsinoSuperiorCompleto 7 

converted_9xhz2m9f1_frase_11_2017-11-16_31_Campinas_SaoPaulo_Feminino_EnsinoSuperiorCompleto 7

converted_9xhz2m9f1_frase_1_2017-11-16_31_Campinas_SaoPaulo_Feminino_EnsinoSuperiorCompleto  7

converted_9xhz2m9f1_frase_13_2017-11-16_31_Campinas_SaoPaulo_Feminino_EnsinoSuperiorCompleto 7

converted_9xhz2m9f1_frase_14_2017-11-16_31_Campinas_SaoPaulo_Feminino_EnsinoSuperiorCompleto 7

converted_9xhz2m9f1_frase_15_2017-11-16_31_Campinas_SaoPaulo_Feminino_EnsinoSuperiorCompleto 7

converted_9xhz2m9f1_frase_16_2017-11-16_31_Campinas_SaoPaulo_Feminino_EnsinoSuperiorCompleto 7

converted_9xhz2m9f1_frase_2_2017-11-16_31_Campinas_SaoPaulo_Feminino_EnsinoSuperiorCompleto  7

converted_9xhz2m9f1_frase_3_2017-11-16_31_Campinas_SaoPaulo_Feminino_EnsinoSuperiorCompleto  7

converted_9xhz2m9f1_frase_4_2017-11-16_31_Campinas_SaoPaulo_Feminino_EnsinoSuperiorCompleto  7

converted_9xhz2m9f1_frase_5_2017-11-16_31_Campinas_SaoPaulo_Feminino_EnsinoSuperiorCompleto  7

converted_9xhz2m9f1_frase_6_2017-11-16_31_Campinas_SaoPaulo_Feminino_EnsinoSuperiorCompleto  7

converted_9xhz2m9f1_frase_7_2017-11-16_31_Campinas_SaoPaulo_Feminino_EnsinoSuperiorCompleto  7

converted_9xhz2m9f1_frase_8_2017-11-16_31_Campinas_SaoPaulo_Feminino_EnsinoSuperiorCompleto  7

converted_9xhz2m9f1_frase_9_2017-11-16_31_Campinas_SaoPaulo_Feminino_EnsinoSuperiorCompleto  7

converted_azdi6jjey_frase_1_2018-04-25_19_saopaulo_SaoPaulo_Feminino_EnsinoSuperiorIncompleto 7

converted_azdi6jjey_frase_2_2018-04-25_19_saopaulo_SaoPaulo_Feminino_EnsinoSuperiorIncompleto 7

converted_azdi6jjey_frase_3_2018-04-25_19_saopaulo_SaoPaulo_Feminino_EnsinoSuperiorIncompleto 7

converted_azdi6jjey_frase_4_2018-04-25_19_saopaulo_SaoPaulo_Feminino_EnsinoSuperiorIncompleto 7

converted_azdi6jjey_frase_5_2018-04-25_19_saopaulo_SaoPaulo_Feminino_EnsinoSuperiorIncompleto 7

converted_azdi6jjey_frase_6_2018-04-25_19_saopaulo_SaoPaulo_Feminino_EnsinoSuperiorIncompleto 7

converted_azdi6jjey_frase_7_2018-04-25_19_saopaulo_SaoPaulo_Feminino_EnsinoSuperiorIncompleto 7

converted_bsvsnubj8_frase_10_2017-11-17_27_SaoJosedosCampos_SaoPaulo_Feminino_EnsinoSuperiorCompleto 7

converted_bsvsnubj8_frase_11_2017-11-17_27_SaoJosedosCampos_SaoPaulo_Feminino_EnsinoSuperiorCompleto 7

converted_bsvsnubj8_frase_1_2017-11-17_27_SaoJosedosCampos_SaoPaulo_Feminino_EnsinoSuperiorCompleto  7

converted_bsvsnubj8_frase_12_2017-11-17_27_SaoJosedosCampos_SaoPaulo_Feminino_EnsinoSuperiorCompleto 7

converted_bsvsnubj8_frase_13_2017-11-17_27_SaoJosedosCampos_SaoPaulo_Feminino_EnsinoSuperiorCompleto 7

converted_bsvsnubj8_frase_14_2017-11-17_27_SaoJosedosCampos_SaoPaulo_Feminino_EnsinoSuperiorCompleto 7

converted_bsvsnubj8_frase_15_2017-11-17_27_SaoJosedosCampos_SaoPaulo_Feminino_EnsinoSuperiorCompleto 7

converted_bsvsnubj8_frase_16_2017-11-17_27_SaoJosedosCampos_SaoPaulo_Feminino_EnsinoSuperiorCompleto 7

converted_bsvsnubj8_frase_2_2017-11-17_27_SaoJosedosCampos_SaoPaulo_Feminino_EnsinoSuperiorCompleto  7

converted_bsvsnubj8_frase_3_2017-11-17_27_SaoJosedosCampos_SaoPaulo_Feminino_EnsinoSuperiorCompleto  7

converted_bsvsnubj8_frase_4_2017-11-17_27_SaoJosedosCampos_SaoPaulo_Feminino_EnsinoSuperiorCompleto  7

converted_bsvsnubj8_frase_5_2017-11-17_27_SaoJosedosCampos_SaoPaulo_Feminino_EnsinoSuperiorCompleto  7

converted_bsvsnubj8_frase_6_2017-11-17_27_SaoJosedosCampos_SaoPaulo_Feminino_EnsinoSuperiorCompleto  7

converted_bsvsnubj8_frase_7_2017-11-17_27_SaoJosedosCampos_SaoPaulo_Feminino_EnsinoSuperiorCompleto  7

converted_bsvsnubj8_frase_8_2017-11-17_27_SaoJosedosCampos_SaoPaulo_Feminino_EnsinoSuperiorCompleto  7

converted_bsvsnubj8_frase_9_2017-11-17_27_SaoJosedosCampos_SaoPaulo_Feminino_EnsinoSuperiorCompleto  7

converted_bvtcd4wh2_frase_10_2017-11-18_25_RibeiraoPreto_SaoPaulo_Feminino_EnsinoSuperiorCompleto 7

converted_bvtcd4wh2_frase_11_2017-11-18_25_RibeiraoPreto_SaoPaulo_Feminino_EnsinoSuperiorCompleto 7

converted_bvtcd4wh2_frase_1_2017-11-18_25_RibeiraoPreto_SaoPaulo_Feminino_EnsinoSuperiorCompleto  7

converted_bvtcd4wh2_frase_12_2017-11-18_25_RibeiraoPreto_SaoPaulo_Feminino_EnsinoSuperiorCompleto 7

converted_bvtcd4wh2_frase_13_2017-11-18_25_RibeiraoPreto_SaoPaulo_Feminino_EnsinoSuperiorCompleto 7

converted_bvtcd4wh2_frase_14_2017-11-18_25_RibeiraoPreto_SaoPaulo_Feminino_EnsinoSuperiorCompleto 7

converted_bvtcd4wh2_frase_15_2017-11-18_25_RibeiraoPreto_SaoPaulo_Feminino_EnsinoSuperiorCompleto 7

converted_bvtcd4wh2_frase_16_2017-11-18_25_RibeiraoPreto_SaoPaulo_Feminino_EnsinoSuperiorCompleto 7

converted_bvtcd4wh2_frase_2_2017-11-18_25_RibeiraoPreto_SaoPaulo_Feminino_EnsinoSuperiorCompleto  7

converted_bvtcd4wh2_frase_3_2017-11-18_25_RibeiraoPreto_SaoPaulo_Feminino_EnsinoSuperiorCompleto  7

converted_bvtcd4wh2_frase_4_2017-11-18_25_RibeiraoPreto_SaoPaulo_Feminino_EnsinoSuperiorCompleto  7

converted_bvtcd4wh2_frase_5_2017-11-18_25_RibeiraoPreto_SaoPaulo_Feminino_EnsinoSuperiorCompleto  7

converted_bvtcd4wh2_frase_6_2017-11-18_25_RibeiraoPreto_SaoPaulo_Feminino_EnsinoSuperiorCompleto  7

converted_bvtcd4wh2_frase_7_2017-11-18_25_RibeiraoPreto_SaoPaulo_Feminino_EnsinoSuperiorCompleto  7

converted_bvtcd4wh2_frase_8_2017-11-18_25_RibeiraoPreto_SaoPaulo_Feminino_EnsinoSuperiorCompleto  7

converted_bvtcd4wh2_frase_9_2017-11-18_25_RibeiraoPreto_SaoPaulo_Feminino_EnsinoSuperiorCompleto  7

converted_dwgyf1n34_frase_10_2017-11-20_31_BragancaPaulista_SaoPaulo_Feminino_Mestrado 7

converted_dwgyf1n34_frase_11_2017-11-20_31_BragancaPaulista_SaoPaulo_Feminino_Mestrado 7

converted_dwgyf1n34_frase_1_2017-11-20_31_BragancaPaulista_SaoPaulo_Feminino_Mestrado  7

converted_dwgyf1n34_frase_12_2017-11-20_31_BragancaPaulista_SaoPaulo_Feminino_Mestrado 7

converted_dwgyf1n34_frase_13_2017-11-20_31_BragancaPaulista_SaoPaulo_Feminino_Mestrado 7

converted_dwgyf1n34_frase_14_2017-11-20_31_BragancaPaulista_SaoPaulo_Feminino_Mestrado 7

converted_dwgyf1n34_frase_15_2017-11-20_31_BragancaPaulista_SaoPaulo_Feminino_Mestrado 7

converted_dwgyf1n34_frase_16_2017-11-20_31_BragancaPaulista_SaoPaulo_Feminino_Mestrado 7

converted_dwgyf1n34_frase_2_2017-11-20_31_BragancaPaulista_SaoPaulo_Feminino_Mestrado  7

converted_dwgyf1n34_frase_3_2017-11-20_31_BragancaPaulista_SaoPaulo_Feminino_Mestrado  7

converted_dwgyf1n34_frase_4_2017-11-20_31_BragancaPaulista_SaoPaulo_Feminino_Mestrado  7

converted_dwgyf1n34_frase_5_2017-11-20_31_BragancaPaulista_SaoPaulo_Feminino_Mestrado  7

converted_dwgyf1n34_frase_6_2017-11-20_31_BragancaPaulista_SaoPaulo_Feminino_Mestrado  7

converted_dwgyf1n34_frase_7_2017-11-20_31_BragancaPaulista_SaoPaulo_Feminino_Mestrado  7

converted_dwgyf1n34_frase_8_2017-11-20_31_BragancaPaulista_SaoPaulo_Feminino_Mestrado  7

converted_dwgyf1n34_frase_9_2017-11-20_31_BragancaPaulista_SaoPaulo_Feminino_Mestrado  7

converted_g059zkxp4_frase_10_2017-11-17_19_Valinhos_SaoPaulo_Feminino_EnsinoSuperiorIncompleto 7

converted_g059zkxp4_frase_11_2017-11-17_19_Valinhos_SaoPaulo_Feminino_EnsinoSuperiorIncompleto 7

converted_g059zkxp4_frase_1_2017-11-17_19_Valinhos_SaoPaulo_Feminino_EnsinoSuperiorIncompleto  7

converted_g059zkxp4_frase_12_2017-11-17_19_Valinhos_SaoPaulo_Feminino_EnsinoSuperiorIncompleto 7

converted_g059zkxp4_frase_13_2017-11-17_19_Valinhos_SaoPaulo_Feminino_EnsinoSuperiorIncompleto 7

converted_g059zkxp4_frase_14_2017-11-17_19_Valinhos_SaoPaulo_Feminino_EnsinoSuperiorIncompleto 7

converted_g059zkxp4_frase_15_2017-11-17_19_Valinhos_SaoPaulo_Feminino_EnsinoSuperiorIncompleto 7

converted_g059zkxp4_frase_16_2017-11-17_19_Valinhos_SaoPaulo_Feminino_EnsinoSuperiorIncompleto 7

converted_g059zkxp4_frase_2_2017-11-17_19_Valinhos_SaoPaulo_Feminino_EnsinoSuperiorIncompleto  7

converted_g059zkxp4_frase_3_2017-11-17_19_Valinhos_SaoPaulo_Feminino_EnsinoSuperiorIncompleto  7

converted_g059zkxp4_frase_4_2017-11-17_19_Valinhos_SaoPaulo_Feminino_EnsinoSuperiorIncompleto  7

converted_g059zkxp4_frase_5_2017-11-17_19_Valinhos_SaoPaulo_Feminino_EnsinoSuperiorIncompleto  7

converted_g059zkxp4_frase_6_2017-11-17_19_Valinhos_SaoPaulo_Feminino_EnsinoSuperiorIncompleto  7

converted_g059zkxp4_frase_7_2017-11-17_19_Valinhos_SaoPaulo_Feminino_EnsinoSuperiorIncompleto  7

converted_g059zkxp4_frase_8_2017-11-17_19_Valinhos_SaoPaulo_Feminino_EnsinoSuperiorIncompleto  7

converted_g059zkxp4_frase_9_2017-11-17_19_Valinhos_SaoPaulo_Feminino_EnsinoSuperiorIncompleto  7

converted_gqkqap8j1_frase_10_2017-12-18_26_SaoPaulo_SaoPaulo_Feminino_EnsinoSuperiorIncompleto 7

converted_gqkqap8j1_frase_11_2017-12-18_26_SaoPaulo_SaoPaulo_Feminino_EnsinoSuperiorIncompleto 7

converted_gqkqap8j1_frase_1_2017-12-18_26_SaoPaulo_SaoPaulo_Feminino_EnsinoSuperiorIncompleto  7

converted_gqkqap8j1_frase_12_2017-12-18_26_SaoPaulo_SaoPaulo_Feminino_EnsinoSuperiorIncompleto 7

converted_gqkqap8j1_frase_13_2017-12-18_26_SaoPaulo_SaoPaulo_Feminino_EnsinoSuperiorIncompleto 7

converted_gqkqap8j1_frase_14_2017-12-18_26_SaoPaulo_SaoPaulo_Feminino_EnsinoSuperiorIncompleto 7

converted_gqkqap8j1_frase_15_2017-12-18_26_SaoPaulo_SaoPaulo_Feminino_EnsinoSuperiorIncompleto 7

converted_gqkqap8j1_frase_16_2017-12-18_26_SaoPaulo_SaoPaulo_Feminino_EnsinoSuperiorIncompleto 7

converted_gqkqap8j1_frase_2_2017-12-18_26_SaoPaulo_SaoPaulo_Feminino_EnsinoSuperiorIncompleto  7

converted_gqkqap8j1_frase_3_2017-12-18_26_SaoPaulo_SaoPaulo_Feminino_EnsinoSuperiorIncompleto  7

converted_gqkqap8j1_frase_4_2017-12-18_26_SaoPaulo_SaoPaulo_Feminino_EnsinoSuperiorIncompleto  7

converted_gqkqap8j1_frase_5_2017-12-18_26_SaoPaulo_SaoPaulo_Feminino_EnsinoSuperiorIncompleto  7

converted_gqkqap8j1_frase_6_2017-12-18_26_SaoPaulo_SaoPaulo_Feminino_EnsinoSuperiorIncompleto  7

converted_gqkqap8j1_frase_7_2017-12-18_26_SaoPaulo_SaoPaulo_Feminino_EnsinoSuperiorIncompleto  7

converted_gqkqap8j1_frase_8_2017-12-18_26_SaoPaulo_SaoPaulo_Feminino_EnsinoSuperiorIncompleto  7

converted_gqkqap8j1_frase_9_2017-12-18_26_SaoPaulo_SaoPaulo_Feminino_EnsinoSuperiorIncompleto  7

converted_hqcx94pn4_frase_1_2017-11-16_35_Campinas_SaoPaulo_Feminino_EnsinoSuperiorCompleto    7

converted_hqcx94pn4_frase_3_2017-11-16_35_Campinas_SaoPaulo_Feminino_EnsinoSuperiorCompleto    7

