converted_baiano_m0018019  2
converted_baiano_m0018020  2
converted_baiano_m0018021  2
converted_baiano_m0018022  2
converted_baiano_m0018023  2
converted_baiano_m0018024  2
converted_baiano_m0018025  2
converted_baiano_m0018026  2
converted_baiano_m0018027  2
converted_baiano_m0018028  2
converted_baiano_m0018029  2
converted_baiano_m0018030  2
converted_baiano_m0018061  2
converted_baiano_m0018062  2
converted_baiano_m0018063  2
converted_baiano_m0018064  2
converted_baiano_m0018065  2
converted_mineiro_m0030061  3
converted_mineiro_m0030062  3
converted_mineiro_m0030063  3
converted_mineiro_m0030064  3
converted_mineiro_m0030065  3
converted_mineiro_m0031001  3
converted_mineiro_m0031002  3
converted_mineiro_m0031003  3
converted_mineiro_m0031004  3
converted_mineiro_m0031005  3
converted_mineiro_m0031006  3
converted_mineiro_m0031007  3
converted_mineiro_m0031008  3
converted_mineiro_m0031009  3
converted_mineiro_m0031010  3
converted_mineiro_m0031011  3
converted_mineiro_m0031012  3
converted_mineiro_m0031013  3
converted_mineiro_m0031014  3
converted_mineiro_m0031015  3
converted_mineiro_m0031016  3
converted_mineiro_m0031017  3
converted_mineiro_m0031018  3
converted_mineiro_m0031019  3
converted_mineiro_m0031020  3
converted_mineiro_m0031061  3
converted_mineiro_m0031062  3
converted_mineiro_m0031063  3
converted_mineiro_m0031064  3
converted_mineiro_m0031065  3
converted_mineiro_m0040001  3
converted_mineiro_m0040002  3
converted_mineiro_m0040003  3
converted_mineiro_m0040004  3
converted_mineiro_m0040005  3
converted_mineiro_m0040006  3
converted_mineiro_m0040007  3
converted_mineiro_m0040008  3
converted_mineiro_m0040009  3
converted_mineiro_m0040010  3
converted_mineiro_m0040011  3
converted_mineiro_m0040012  3
converted_mineiro_m0040013  3
converted_mineiro_m0040014  3
converted_mineiro_m0040015  3
converted_mineiro_m0040016  3
converted_mineiro_m0040017  3
converted_mineiro_m0040018  3
converted_mineiro_m0040019  3
converted_mineiro_m0040020  3
converted_mineiro_m0040056  3
converted_mineiro_m0040057  3
converted_mineiro_m0040058  3
converted_mineiro_m0040059  3
converted_mineiro_m0040060  3
converted_mineiro_m0040061  3
converted_mineiro_m0049001  3
converted_mineiro_m0049002  3
converted_mineiro_m0049003  3
converted_mineiro_m0049005  3
converted_mineiro_m0049006  3
converted_mineiro_m0049007  3
converted_mineiro_m0049008  3
converted_mineiro_m0049009  3
converted_mineiro_m0049011  3
converted_mineiro_m0049012  3
converted_mineiro_m0049013  3
converted_mineiro_m0049014  3
converted_mineiro_m0049015  3
converted_mineiro_m0049016  3
converted_mineiro_m0049061  3
converted_mineiro_m0049062  3
converted_mineiro_m0049063  3
converted_mineiro_m0049064  3
converted_mineiro_m0049066  3
converted_mineiro_m0049067  3
converted_mineiro_m0049068  3 
converted_fluminense_m0035007  4
converted_fluminense_m0035008  4
converted_fluminense_m0035009  4
converted_fluminense_m0035010  4
converted_fluminense_m0035011  4
converted_fluminense_m0035012  4
converted_fluminense_m0035013  4
converted_fluminense_m0035014  4
converted_fluminense_m0035015  4
converted_fluminense_m0035016  4
converted_fluminense_m0035017  4
converted_fluminense_m0035018  4
converted_fluminense_m0035019  4
converted_fluminense_m0035020  4
converted_fluminense_m0035056  4
converted_fluminense_m0035057  4
converted_fluminense_m0035058  4
converted_fluminense_m0035059  4
converted_fluminense_m0035060  4
converted_fluminense_m0045001  4
converted_fluminense_m0045002  4
converted_fluminense_m0045003  4
converted_fluminense_m0045004  4
converted_fluminense_m0045005  4
converted_fluminense_m0045006  4
converted_fluminense_m0045007  4
converted_fluminense_m0045008  4
converted_fluminense_m0045009  4
converted_fluminense_m0045010  4
converted_fluminense_m0045011  4
converted_fluminense_m0045012  4
converted_fluminense_m0045013  4
converted_fluminense_m0045014  4
converted_fluminense_m0045015  4
converted_fluminense_m0045016  4
converted_fluminense_m0045017  4
converted_fluminense_m0045018  4
converted_fluminense_m0045019  4
converted_fluminense_m0045020  4
converted_fluminense_m0045061  4
converted_fluminense_m0045062  4
converted_fluminense_m0045063  4
converted_fluminense_m0045064  4
converted_fluminense_m0045065  4
converted_fluminense_m0045066  4
converted_fluminense_m0045067  4
converted_fluminense_m0045069  4
converted_fluminense_m0045070  4
converted_fluminense_m0045071  4
converted_fluminense_m0045072  4
converted_fluminense_m0045074  4
converted_fluminense_m0045075  4
converted_fluminense_m0045076  4
converted_fluminense_m0045077  4
converted_fluminense_m0045078  4
converted_fluminense_m0045079  4
converted_fluminense_m0045080  4
converted_nordestino_m0006017  6
converted_nordestino_m0006018  6
converted_nordestino_m0006019  6
converted_nordestino_m0006020  6
converted_nordestino_m0006061  6
converted_nordestino_m0006062  6
converted_nordestino_m0006063  6
converted_nordestino_m0006064  6
converted_nordestino_m0006065  6
converted_nordestino_m0006066  6
converted_nordestino_m0006067  6
converted_nordestino_m0006068  6
converted_nordestino_m0044001  6
converted_nordestino_m0044002  6
converted_nordestino_m0044003  6
converted_nordestino_m0044004  6
converted_nordestino_m0044005  6
converted_nordestino_m0044006  6
converted_nordestino_m0044007  6
converted_nordestino_m0044008  6
converted_nordestino_m0044009  6
converted_nordestino_m0044010  6
converted_nordestino_m0044011  6
converted_nordestino_m0044012  6
converted_nordestino_m0044013  6
converted_nordestino_m0044014  6
converted_nordestino_m0044015  6
converted_nordestino_m0044016  6
converted_nordestino_m0044017  6
converted_nordestino_m0044018  6
converted_nordestino_m0044019  6
converted_nordestino_m0044020  6
converted_nordestino_m0044061  6
converted_nordestino_m0044062  6
converted_nordestino_m0044063  6
converted_nordestino_m0044064  6
converted_nordestino_m0044065  6
converted_nordestino_m0044066  6
converted_nordestino_m0044067  6
converted_nordestino_m0044068  6
converted_sulista_m0027010  7
converted_sulista_m0027011  7
converted_sulista_m0027012  7
converted_sulista_m0027013  7
converted_sulista_m0027014  7
converted_sulista_m0027015  7
converted_sulista_m0027016  7
converted_sulista_m0027017  7
converted_sulista_m0027018  7
converted_sulista_m0027019  7
converted_sulista_m0027020  7
converted_sulista_m0027061  7
converted_sulista_m0027062  7
converted_sulista_m0027063  7
converted_sulista_m0027064  7
converted_sulista_m0027065  7
converted_sulista_m0027066  7
converted_sulista_m0028001  7
converted_sulista_m0028002  7
converted_sulista_m0028003  7
converted_sulista_m0028004  7
converted_sulista_m0028005  7
converted_sulista_m0028006  7
converted_sulista_m0028007  7
converted_sulista_m0028008  7
converted_sulista_m0028009  7
converted_sulista_m0028010  7
converted_sulista_m0028011  7
converted_sulista_m0028012  7
converted_sulista_m0028013  7
converted_sulista_m0028014  7
converted_sulista_m0028015  7
converted_sulista_m0028016  7
converted_sulista_m0028017  7
converted_sulista_m0028018  7
converted_sulista_m0028019  7
converted_sulista_m0028020  7
converted_sulista_m0028061  7
converted_sulista_m0028062  7
converted_sulista_m0028063  7
converted_sulista_m0028064  7
converted_sulista_m0028065  7
converted_sulista_m0028066  7
converted_sulista_m0028067  7
converted_sulista_m0029001  7
converted_sulista_m0029002  7
converted_sulista_m0029003  7
converted_sulista_m0029004  7
converted_sulista_m0029005  7
converted_sulista_m0029006  7
converted_sulista_m0029007  7
converted_sulista_m0029008  7
converted_sulista_m0029009  7
converted_sulista_m0029010  7
converted_sulista_m0029011  7
converted_sulista_m0029012  7
converted_sulista_m0029013  7
converted_sulista_m0029014  7
converted_sulista_m0029015  7
converted_sulista_m0029016  7
converted_sulista_m0029017  7
converted_sulista_m0029018  7
converted_sulista_m0029019  7
converted_sulista_m0029020  7
converted_sulista_m0029061  7
converted_sulista_m0029062  7
converted_sulista_m0029063  7
converted_sulista_m0029064  7
converted_sulista_m0029065  7
converted_sulista_m0029066  7
converted_sulista_m0032001  7
converted_sulista_m0032002  7
converted_sulista_m0032003  7
converted_sulista_m0032004  7
converted_sulista_m0032005  7
converted_sulista_m0032006  7
converted_sulista_m0032007  7
converted_sulista_m0032008  7
converted_sulista_m0032009  7
converted_sulista_m0032010  7
converted_sulista_m0032011  7
converted_sulista_m0032012  7
converted_sulista_m0032013  7
converted_sulista_m0032014  7
converted_sulista_m0032015  7
converted_sulista_m0032016  7
converted_sulista_m0032017  7
converted_sulista_m0032018  7
converted_sulista_m0032019  7
converted_sulista_m0032020  7
converted_sulista_m0032056  7
converted_sulista_m0032057  7
converted_sulista_m0032058  7
converted_sulista_m0032059  7
converted_sulista_m0032060  7
converted_sulista_m0032061  7
converted_sulista_m0032062  7
converted_sulista_m0032063  7
converted_sulista_m0033001  7
converted_sulista_m0033002  7
converted_sulista_m0033003  7
converted_sulista_m0033004  7
converted_sulista_m0033005  7
converted_sulista_m0033006  7
converted_sulista_m0033007  7
converted_sulista_m0033008  7
converted_sulista_m0033009  7
converted_sulista_m0033010  7
converted_sulista_m0033011  7
converted_sulista_m0033012  7
converted_sulista_m0033013  7
converted_sulista_m0033014  7
converted_sulista_m0033015  7
converted_sulista_m0033016  7
converted_sulista_m0033017  7
converted_sulista_m0033018  7
converted_sulista_m0033019  7
converted_sulista_m0033020  7
converted_sulista_m0033056  7
converted_sulista_m0033057  7
converted_sulista_m0033058  7
converted_sulista_m0033059  7
converted_sulista_m0033060  7
converted_sulista_m0033061  7
converted_sulista_m0036001  7
converted_sulista_m0036002  7
converted_sulista_m0036003  7
converted_sulista_m0036004  7
converted_sulista_m0036005  7
converted_sulista_m0036006  7
converted_sulista_m0036007  7
converted_sulista_m0036008  7
converted_sulista_m0036009  7
converted_sulista_m0036010  7
converted_sulista_m0036011  7
converted_sulista_m0036012  7
converted_sulista_m0036013  7
converted_sulista_m0036014  7
converted_sulista_m0036015  7
converted_sulista_m0036016  7
converted_sulista_m0036017  7
converted_sulista_m0036018  7
converted_sulista_m0036019  7
converted_sulista_m0036020  7
converted_sulista_m0036056  7
converted_sulista_m0036057  7
converted_sulista_m0036058  7
converted_sulista_m0036059  7
converted_sulista_m0036060  7
converted_sulista_m0036061  7
converted_sulista_m0037001  7
converted_sulista_m0037002  7
converted_sulista_m0037003  7
converted_sulista_m0037004  7
converted_sulista_m0037005  7
converted_sulista_m0037006  7
converted_sulista_m0037007  7
converted_sulista_m0037008  7
converted_sulista_m0037009  7
converted_sulista_m0037010  7
converted_sulista_m0037011  7
converted_sulista_m0037012  7
converted_sulista_m0037013  7
converted_sulista_m0037014  7
converted_sulista_m0037015  7
converted_sulista_m0037016  7
converted_sulista_m0037017  7
converted_sulista_m0037018  7
converted_sulista_m0037019  7
converted_sulista_m0037020  7
converted_sulista_m0037056  7
converted_sulista_m0037057  7
converted_sulista_m0037058  7
converted_sulista_m0037059  7
converted_sulista_m0037060  7
converted_sulista_m0037061  7
converted_sulista_m0038001  7
converted_sulista_m0038002  7
converted_sulista_m0038003  7
converted_sulista_m0038004  7
converted_sulista_m0038005  7
converted_sulista_m0038006  7
converted_sulista_m0038007  7
converted_sulista_m0038008  7
converted_sulista_m0038009  7
converted_sulista_m0038010  7
converted_sulista_m0038011  7
converted_sulista_m0038012  7
converted_sulista_m0038013  7
converted_sulista_m0038014  7
converted_sulista_m0038015  7
converted_sulista_m0038016  7
converted_sulista_m0038017  7
converted_sulista_m0038018  7
converted_sulista_m0038019  7
converted_sulista_m0038020  7
converted_sulista_m0038056  7
converted_sulista_m0038057  7
converted_sulista_m0038058  7
converted_sulista_m0038059  7
converted_sulista_m0038060  7
converted_sulista_m0038061  7
converted_sulista_m0038062  7
converted_sulista_m0039001  7
converted_sulista_m0039002  7
converted_sulista_m0039003  7
converted_sulista_m0039004  7
converted_sulista_m0039005  7
converted_sulista_m0039006  7
converted_sulista_m0039007  7
converted_sulista_m0039008  7
converted_sulista_m0039009  7
converted_sulista_m0039010  7
converted_sulista_m0039011  7
converted_sulista_m0039012  7
converted_sulista_m0039013  7
converted_sulista_m0039014  7
converted_sulista_m0039015  7
converted_sulista_m0039016  7
converted_sulista_m0039017  7
converted_sulista_m0039018  7
converted_sulista_m0039019  7
converted_sulista_m0039020  7
converted_sulista_m0039056  7
converted_sulista_m0039057  7
converted_sulista_m0039058  7
converted_sulista_m0039059  7
converted_sulista_m0039060  7
converted_sulista_m0039061  7
converted_sulista_m0041001  7
converted_sulista_m0041002  7
converted_sulista_m0041003  7
converted_sulista_m0041004  7
converted_sulista_m0041005  7
converted_sulista_m0041006  7
converted_sulista_m0041007  7
converted_sulista_m0041008  7
converted_sulista_m0041009  7
converted_sulista_m0041010  7
converted_sulista_m0041011  7
converted_sulista_m0041012  7
converted_sulista_m0041013  7
converted_sulista_m0041014  7
converted_sulista_m0041015  7
converted_sulista_m0041016  7
converted_sulista_m0041017  7
converted_sulista_m0041018  7
converted_sulista_m0041019  7
converted_sulista_m0041020  7
converted_sulista_m0041056  7
converted_sulista_m0041057  7
converted_sulista_m0041058  7
converted_sulista_m0041059  7
converted_sulista_m0041060  7
converted_sulista_m0041061  7
converted_sulista_m0041062  7
converted_sulista_m0042001  7
converted_sulista_m0042002  7
converted_sulista_m0042003  7
converted_sulista_m0042004  7
converted_sulista_m0042005  7
converted_sulista_m0042006  7
converted_sulista_m0042007  7
converted_sulista_m0042008  7
converted_sulista_m0042009  7
converted_sulista_m0042010  7
converted_sulista_m0042011  7
converted_sulista_m0042012  7
converted_sulista_m0042013  7
converted_sulista_m0042014  7
converted_sulista_m0042015  7
converted_sulista_m0042016  7
converted_sulista_m0042017  7
converted_sulista_m0042018  7
converted_sulista_m0042019  7
converted_sulista_m0042020  7
converted_sulista_m0042056  7
converted_sulista_m0042057  7
converted_sulista_m0042058  7
converted_sulista_m0042059  7
converted_sulista_m0042060  7
converted_sulista_m0042061  7
converted_sulista_m0042062  7
converted_sulista_m0042063  7
converted_sulista_m0042064  7
converted_sulista_m0043001  7
converted_sulista_m0043002  7
converted_sulista_m0043003  7
converted_sulista_m0043004  7
converted_sulista_m0043005  7
converted_sulista_m0043006  7
converted_sulista_m0043007  7
converted_sulista_m0043008  7
converted_sulista_m0043009  7
converted_sulista_m0043010  7
converted_sulista_m0043011  7
converted_sulista_m0043012  7
converted_sulista_m0043013  7
converted_sulista_m0043014  7
converted_sulista_m0043015  7
converted_sulista_m0043016  7
converted_sulista_m0043017  7
converted_sulista_m0043018  7
converted_sulista_m0043019  7
converted_sulista_m0043020  7
converted_sulista_m0043056  7
converted_sulista_m0043057  7
converted_sulista_m0043058  7
converted_sulista_m0043059  7
converted_sulista_m0043060  7
converted_sulista_m0046001  7
converted_sulista_m0046002  7
converted_sulista_m0046003  7
converted_sulista_m0046004  7
converted_sulista_m0046005  7
converted_sulista_m0046006  7
converted_sulista_m0046007  7
converted_sulista_m0046008  7
converted_sulista_m0046009  7
converted_sulista_m0046010  7
converted_sulista_m0046011  7
converted_sulista_m0046012  7
converted_sulista_m0046013  7
converted_sulista_m0046014  7
converted_sulista_m0046015  7
converted_sulista_m0046016  7
converted_sulista_m0046017  7
converted_sulista_m0046018  7
converted_sulista_m0046019  7
converted_sulista_m0046020  7
converted_sulista_m0046050  7
converted_sulista_m0046051  7
converted_sulista_m0046052  7
converted_sulista_m0046053  7
converted_sulista_m0046054  7
converted_sulista_m0046055  7
converted_sulista_m0046056  7
converted_sulista_m0046057  7
converted_sulista_m0046058  7
converted_sulista_m0046059  7
converted_sulista_m0046060  7
converted_sulista_m0046061  7
converted_sulista_m0046062  7
converted_sulista_m0046063  7
converted_sulista_m0046064  7
converted_sulista_m0046065  7
converted_sulista_m0046066  7
converted_sulista_m0046067  7
converted_sulista_m0046068  7
converted_sulista_m0046069  7
converted_sulista_m0047001  7
converted_sulista_m0047002  7
converted_sulista_m0047003  7
converted_sulista_m0047004  7
converted_sulista_m0047005  7
converted_sulista_m0047006  7
converted_sulista_m0047007  7
converted_sulista_m0047008  7
converted_sulista_m0047009  7
converted_sulista_m0047010  7
converted_sulista_m0047011  7
converted_sulista_m0047012  7
converted_sulista_m0047013  7
converted_sulista_m0047014  7
converted_sulista_m0047015  7
converted_sulista_m0047016  7
converted_sulista_m0047017  7
converted_sulista_m0047018  7
converted_sulista_m0047019  7
converted_sulista_m0047020  7
converted_sulista_m0047061  7
converted_sulista_m0047062  7
converted_sulista_m0047063  7
converted_sulista_m0047064  7
converted_sulista_m0047065  7
converted_sulista_m0047066  7
converted_sulista_m0047067  7
converted_sulista_m0047068  7
converted_sulista_m0047069  7
converted_sulista_m0047070  7
converted_sulista_m0047071  7
converted_sulista_m0047072  7
converted_sulista_m0047073  7
converted_sulista_m0047074  7
converted_sulista_m0047075  7
converted_sulista_m0047076  7
converted_sulista_m0047077  7
converted_sulista_m0047078  7
converted_sulista_m0047079  7
converted_sulista_m0047080  7
converted_sulista_m0048001  7
converted_sulista_m0048002  7
converted_sulista_m0048003  7
converted_sulista_m0048004  7
converted_sulista_m0048005  7
converted_sulista_m0048006  7
converted_sulista_m0048007  7
converted_sulista_m0048008  7
converted_sulista_m0048009  7
converted_sulista_m0048010  7
converted_sulista_m0048011  7
converted_sulista_m0048012  7
converted_sulista_m0048013  7
converted_sulista_m0048014  7
converted_sulista_m0048015  7
converted_sulista_m0048016  7
converted_sulista_m0048017  7
converted_sulista_m0048018  7
converted_sulista_m0048019  7
converted_sulista_m0048020  7
converted_sulista_m0048061  7
converted_sulista_m0048062  7
converted_sulista_m0048063  7
converted_sulista_m0048064  7
converted_sulista_m0048065  7
converted_sulista_m0048066  7
converted_sulista_m0048067  7
converted_sulista_m0048068  7
converted_sulista_m0048069  7
converted_sulista_m0048070  7
converted_sulista_m0048071  7
converted_sulista_m0048072  7
converted_sulista_m0048073  7
converted_sulista_m0048074  7
converted_sulista_m0048075  7
converted_sulista_m0048076  7
converted_sulista_m0048077  7
converted_sulista_m0048078  7
converted_sulista_m0048079  7
converted_sulista_m0048080  7
converted_sulista_m0050001  7
converted_sulista_m0050002  7
converted_sulista_m0050003  7
converted_sulista_m0050004  7
converted_sulista_m0050005  7
converted_sulista_m0050006  7
converted_sulista_m0050007  7
converted_sulista_m0050008  7
converted_sulista_m0050009  7
converted_sulista_m0050010  7
converted_sulista_m0050011  7
converted_sulista_m0050012  7
converted_sulista_m0050013  7
converted_sulista_m0050014  7
converted_sulista_m0050015  7
converted_sulista_m0050016  7
converted_sulista_m0050017  7
converted_sulista_m0050018  7
converted_sulista_m0050019  7
converted_sulista_m0050020  7
converted_sulista_m0050061  7
converted_sulista_m0050062  7
converted_sulista_m0050063  7
converted_sulista_m0050064  7
converted_sulista_m0050065  7
converted_sulista_m0050066  7
converted_sulista_m0050067  7
converted_sulista_m0050068  7
converted_sulista_m0050069  7
converted_sulista_m0050070  7
converted_sulista_m0050071  7
converted_sulista_m0050072  7
converted_sulista_m0050073  7
converted_sulista_m0050074  7
converted_sulista_m0050075  7
converted_sulista_m0050076  7
converted_sulista_m0050077  7
converted_sulista_m0050078  7
converted_sulista_m0050079  7
converted_sulista_m0050080  7
converted_sulista_m0051001  7
converted_sulista_m0051002  7
converted_sulista_m0051003  7
converted_sulista_m0051004  7
converted_sulista_m0051005  7
converted_sulista_m0051006  7
converted_sulista_m0051007  7
converted_sulista_m0051008  7
converted_sulista_m0051009  7
converted_sulista_m0051010  7
converted_sulista_m0051011  7
converted_sulista_m0051012  7
converted_sulista_m0051013  7
converted_sulista_m0051014  7
converted_sulista_m0051015  7
converted_sulista_m0051016  7
converted_sulista_m0051017  7
converted_sulista_m0051018  7
converted_sulista_m0051019  7
converted_sulista_m0051020  7
converted_sulista_m0051061  7
converted_sulista_m0051062  7
converted_sulista_m0051063  7
converted_sulista_m0051064  7
converted_sulista_m0051065  7
converted_sulista_m0051066  7
converted_sulista_m0051067  7
converted_sulista_m0051068  7
converted_sulista_m0051069  7
converted_sulista_m0051070  7
converted_sulista_m0051071  7
converted_sulista_m0051072  7
converted_sulista_m0051073  7
converted_sulista_m0051074  7
converted_sulista_m0051075  7
converted_sulista_m0051076  7
converted_sulista_m0051077  7
converted_sulista_m0051078  7
converted_sulista_m0051079  7
