converted_hj4hjo4oc_frase_15_2018-02-05_27_Parintins_Amazonas_Masculino_Mestrado 1
converted_hj4hjo4oc_frase_2_2018-02-05_27_Parintins_Amazonas_Masculino_Mestrado 1
converted_hj4hjo4oc_frase_3_2018-02-05_27_Parintins_Amazonas_Masculino_Mestrado 1
converted_hj4hjo4oc_frase_4_2018-02-05_27_Parintins_Amazonas_Masculino_Mestrado 1
converted_hj4hjo4oc_frase_5_2018-02-05_27_Parintins_Amazonas_Masculino_Mestrado 1
converted_hj4hjo4oc_frase_6_2018-02-05_27_Parintins_Amazonas_Masculino_Mestrado 1
converted_hj4hjo4oc_frase_7_2018-02-05_27_Parintins_Amazonas_Masculino_Mestrado 1
converted_hj4hjo4oc_frase_8_2018-02-05_27_Parintins_Amazonas_Masculino_Mestrado 1
converted_hj4hjo4oc_frase_9_2018-02-05_27_Parintins_Amazonas_Masculino_Mestrado 1
converted_irxckyggt_frase_2_2017-11-16_40_SaoFrancisco_MinasGerais_Masculino_Mestrado 2
converted_irxckyggt_frase_3_2017-11-16_40_SaoFrancisco_MinasGerais_Masculino_Mestrado 2
converted_irxckyggt_frase_4_2017-11-16_40_SaoFrancisco_MinasGerais_Masculino_Mestrado 2
converted_irxckyggt_frase_5_2017-11-16_40_SaoFrancisco_MinasGerais_Masculino_Mestrado 2
converted_irxckyggt_frase_6_2017-11-16_40_SaoFrancisco_MinasGerais_Masculino_Mestrado 2
converted_irxckyggt_frase_7_2017-11-16_40_SaoFrancisco_MinasGerais_Masculino_Mestrado 2
converted_irxckyggt_frase_8_2017-11-16_40_SaoFrancisco_MinasGerais_Masculino_Mestrado 2
converted_irxckyggt_frase_9_2017-11-16_40_SaoFrancisco_MinasGerais_Masculino_Mestrado 2
converted_qf7zn5b0x_frase_1_2017-11-29_20_Ipiau_Bahia_Masculino_EnsinoSuperiorIncompleto 2
converted_tdgxnlky5_frase_10_2018-08-29_62_Salvador_Bahia_Masculino_EnsinoMedioCompleto 2
converted_tdgxnlky5_frase_11_2018-08-29_62_Salvador_Bahia_Masculino_EnsinoMedioCompleto 2
converted_tdgxnlky5_frase_1_2018-08-29_62_Salvador_Bahia_Masculino_EnsinoMedioCompleto 2
converted_tdgxnlky5_frase_12_2018-08-29_62_Salvador_Bahia_Masculino_EnsinoMedioCompleto 2
converted_tdgxnlky5_frase_13_2018-08-29_62_Salvador_Bahia_Masculino_EnsinoMedioCompleto 2
converted_tdgxnlky5_frase_14_2018-08-29_62_Salvador_Bahia_Masculino_EnsinoMedioCompleto 2
converted_tdgxnlky5_frase_2_2018-08-29_62_Salvador_Bahia_Masculino_EnsinoMedioCompleto 2
converted_tdgxnlky5_frase_3_2018-08-29_62_Salvador_Bahia_Masculino_EnsinoMedioCompleto 2
converted_xvhot67xh_frase_1_2017-12-18_26_Salvador_Bahia_Masculino_EnsinoSuperiorIncompleto 2
converted_xvhot67xh_frase_2_2017-12-18_26_Salvador_Bahia_Masculino_EnsinoSuperiorIncompleto 2
converted_xvhot67xh_frase_3_2017-12-18_26_Salvador_Bahia_Masculino_EnsinoSuperiorIncompleto 2
converted_xvhot67xh_frase_4_2017-12-18_26_Salvador_Bahia_Masculino_EnsinoSuperiorIncompleto 2
converted_xvhot67xh_frase_5_2017-12-18_26_Salvador_Bahia_Masculino_EnsinoSuperiorIncompleto 2
converted_xvhot67xh_frase_6_2017-12-18_26_Salvador_Bahia_Masculino_EnsinoSuperiorIncompleto 2
converted_xvhot67xh_frase_7_2017-12-18_26_Salvador_Bahia_Masculino_EnsinoSuperiorIncompleto 2
converted_xvhot67xh_frase_9_2017-12-18_26_Salvador_Bahia_Masculino_EnsinoSuperiorIncompleto 2
converted_zziqxrrlm_frase_10_2018-06-25_25_FeiradeSantana_Bahia_Masculino_EnsinoMedioCompleto 2
converted_zziqxrrlm_frase_11_2018-06-25_25_FeiradeSantana_Bahia_Masculino_EnsinoMedioCompleto 2
converted_zziqxrrlm_frase_1_2018-06-25_25_FeiradeSantana_Bahia_Masculino_EnsinoMedioCompleto 2
converted_zziqxrrlm_frase_12_2018-06-25_25_FeiradeSantana_Bahia_Masculino_EnsinoMedioCompleto 2
converted_zziqxrrlm_frase_13_2018-06-25_25_FeiradeSantana_Bahia_Masculino_EnsinoMedioCompleto 2
converted_zziqxrrlm_frase_14_2018-06-25_25_FeiradeSantana_Bahia_Masculino_EnsinoMedioCompleto 2
converted_zziqxrrlm_frase_15_2018-06-25_25_FeiradeSantana_Bahia_Masculino_EnsinoMedioCompleto 2
converted_zziqxrrlm_frase_16_2018-06-25_25_FeiradeSantana_Bahia_Masculino_EnsinoMedioCompleto 2
converted_zziqxrrlm_frase_2_2018-06-25_25_FeiradeSantana_Bahia_Masculino_EnsinoMedioCompleto 2
converted_zziqxrrlm_frase_4_2018-06-25_25_FeiradeSantana_Bahia_Masculino_EnsinoMedioCompleto 2
converted_zziqxrrlm_frase_5_2018-06-25_25_FeiradeSantana_Bahia_Masculino_EnsinoMedioCompleto 2
converted_zziqxrrlm_frase_6_2018-06-25_25_FeiradeSantana_Bahia_Masculino_EnsinoMedioCompleto 2
converted_zziqxrrlm_frase_7_2018-06-25_25_FeiradeSantana_Bahia_Masculino_EnsinoMedioCompleto 2
converted_zziqxrrlm_frase_8_2018-06-25_25_FeiradeSantana_Bahia_Masculino_EnsinoMedioCompleto 2
converted_blrjazrs7_frase_5_2017-11-16_42_belohorizonte_MinasGerais_Masculino_EnsinoSuperiorCompleto 3
converted_blrjazrs7_frase_6_2017-11-16_42_belohorizonte_MinasGerais_Masculino_EnsinoSuperiorCompleto 3
converted_blrjazrs7_frase_7_2017-11-16_42_belohorizonte_MinasGerais_Masculino_EnsinoSuperiorCompleto 3
converted_blrjazrs7_frase_8_2017-11-16_42_belohorizonte_MinasGerais_Masculino_EnsinoSuperiorCompleto 3
converted_blrjazrs7_frase_9_2017-11-16_42_belohorizonte_MinasGerais_Masculino_EnsinoSuperiorCompleto 3
converted_c9653hhw4_frase_10_2017-11-17_39_BeloHorizonte_MinasGerais_Masculino_EnsinoSuperiorCompleto 3
converted_c9653hhw4_frase_11_2017-11-17_39_BeloHorizonte_MinasGerais_Masculino_EnsinoSuperiorCompleto 3
converted_c9653hhw4_frase_1_2017-11-17_39_BeloHorizonte_MinasGerais_Masculino_EnsinoSuperiorCompleto 3
converted_c9653hhw4_frase_12_2017-11-17_39_BeloHorizonte_MinasGerais_Masculino_EnsinoSuperiorCompleto 3
converted_c9653hhw4_frase_13_2017-11-17_39_BeloHorizonte_MinasGerais_Masculino_EnsinoSuperiorCompleto 3
converted_c9653hhw4_frase_14_2017-11-17_39_BeloHorizonte_MinasGerais_Masculino_EnsinoSuperiorCompleto 3
converted_c9653hhw4_frase_15_2017-11-17_39_BeloHorizonte_MinasGerais_Masculino_EnsinoSuperiorCompleto 3
converted_c9653hhw4_frase_16_2017-11-17_39_BeloHorizonte_MinasGerais_Masculino_EnsinoSuperiorCompleto 3
converted_c9653hhw4_frase_2_2017-11-17_39_BeloHorizonte_MinasGerais_Masculino_EnsinoSuperiorCompleto 3
converted_c9653hhw4_frase_3_2017-11-17_39_BeloHorizonte_MinasGerais_Masculino_EnsinoSuperiorCompleto 3
converted_c9653hhw4_frase_4_2017-11-17_39_BeloHorizonte_MinasGerais_Masculino_EnsinoSuperiorCompleto 3
converted_c9653hhw4_frase_5_2017-11-17_39_BeloHorizonte_MinasGerais_Masculino_EnsinoSuperiorCompleto 3
converted_c9653hhw4_frase_6_2017-11-17_39_BeloHorizonte_MinasGerais_Masculino_EnsinoSuperiorCompleto 3
converted_c9653hhw4_frase_7_2017-11-17_39_BeloHorizonte_MinasGerais_Masculino_EnsinoSuperiorCompleto 3
converted_c9653hhw4_frase_8_2017-11-17_39_BeloHorizonte_MinasGerais_Masculino_EnsinoSuperiorCompleto 3
converted_c9653hhw4_frase_9_2017-11-17_39_BeloHorizonte_MinasGerais_Masculino_EnsinoSuperiorCompleto 3
converted_t5qzu9h1s_frase_10_2017-11-16_25_PatosdeMinas_MinasGerais_Masculino_EnsinoSuperiorCompleto 3
converted_t5qzu9h1s_frase_11_2017-11-16_25_PatosdeMinas_MinasGerais_Masculino_EnsinoSuperiorCompleto 3
converted_t5qzu9h1s_frase_1_2017-11-16_25_PatosdeMinas_MinasGerais_Masculino_EnsinoSuperiorCompleto 3
converted_t5qzu9h1s_frase_12_2017-11-16_25_PatosdeMinas_MinasGerais_Masculino_EnsinoSuperiorCompleto 3
converted_t5qzu9h1s_frase_13_2017-11-16_25_PatosdeMinas_MinasGerais_Masculino_EnsinoSuperiorCompleto 3
converted_t5qzu9h1s_frase_14_2017-11-16_25_PatosdeMinas_MinasGerais_Masculino_EnsinoSuperiorCompleto 3
converted_t5qzu9h1s_frase_15_2017-11-16_25_PatosdeMinas_MinasGerais_Masculino_EnsinoSuperiorCompleto 3
converted_t5qzu9h1s_frase_16_2017-11-16_25_PatosdeMinas_MinasGerais_Masculino_EnsinoSuperiorCompleto 3
converted_t5qzu9h1s_frase_2_2017-11-16_25_PatosdeMinas_MinasGerais_Masculino_EnsinoSuperiorCompleto 3
converted_t5qzu9h1s_frase_3_2017-11-16_25_PatosdeMinas_MinasGerais_Masculino_EnsinoSuperiorCompleto 3
converted_t5qzu9h1s_frase_4_2017-11-16_25_PatosdeMinas_MinasGerais_Masculino_EnsinoSuperiorCompleto 3
converted_t5qzu9h1s_frase_5_2017-11-16_25_PatosdeMinas_MinasGerais_Masculino_EnsinoSuperiorCompleto 3
converted_t5qzu9h1s_frase_6_2017-11-16_25_PatosdeMinas_MinasGerais_Masculino_EnsinoSuperiorCompleto 3
converted_t5qzu9h1s_frase_7_2017-11-16_25_PatosdeMinas_MinasGerais_Masculino_EnsinoSuperiorCompleto 3
converted_t5qzu9h1s_frase_8_2017-11-16_25_PatosdeMinas_MinasGerais_Masculino_EnsinoSuperiorCompleto 3
converted_t5qzu9h1s_frase_9_2017-11-16_25_PatosdeMinas_MinasGerais_Masculino_EnsinoSuperiorCompleto 3
converted_wkqsnvsqk_frase_1_2018-07-06_24_JuizdeFora_MinasGerais_Masculino_EnsinoSuperiorCompleto 3
converted_wkqsnvsqk_frase_3_2018-07-06_24_JuizdeFora_MinasGerais_Masculino_EnsinoSuperiorCompleto 3
converted_wkqsnvsqk_frase_4_2018-07-06_24_JuizdeFora_MinasGerais_Masculino_EnsinoSuperiorCompleto 3
converted_wkqsnvsqk_frase_5_2018-07-06_24_JuizdeFora_MinasGerais_Masculino_EnsinoSuperiorCompleto 3
converted_wkqsnvsqk_frase_6_2018-07-06_24_JuizdeFora_MinasGerais_Masculino_EnsinoSuperiorCompleto 3
converted_lu0lksv4e_frase_3_2017-12-18_23_RiodeJaneiro_RiodeJaneiro_Masculino_EnsinoSuperiorIncompleto 4
converted_ydhvj5i8k_frase_10_2017-12-18_21_RiodeJaneiro_RiodeJaneiro_Masculino_EnsinoSuperiorIncompleto 4
converted_ydhvj5i8k_frase_11_2017-12-18_21_RiodeJaneiro_RiodeJaneiro_Masculino_EnsinoSuperiorIncompleto 4
converted_ydhvj5i8k_frase_1_2017-12-18_21_RiodeJaneiro_RiodeJaneiro_Masculino_EnsinoSuperiorIncompleto 4
converted_ydhvj5i8k_frase_12_2017-12-18_21_RiodeJaneiro_RiodeJaneiro_Masculino_EnsinoSuperiorIncompleto 4
converted_ydhvj5i8k_frase_13_2017-12-18_21_RiodeJaneiro_RiodeJaneiro_Masculino_EnsinoSuperiorIncompleto 4
converted_ydhvj5i8k_frase_14_2017-12-18_21_RiodeJaneiro_RiodeJaneiro_Masculino_EnsinoSuperiorIncompleto 4
converted_ydhvj5i8k_frase_15_2017-12-18_21_RiodeJaneiro_RiodeJaneiro_Masculino_EnsinoSuperiorIncompleto 4
converted_ydhvj5i8k_frase_16_2017-12-18_21_RiodeJaneiro_RiodeJaneiro_Masculino_EnsinoSuperiorIncompleto 4
converted_ydhvj5i8k_frase_2_2017-12-18_21_RiodeJaneiro_RiodeJaneiro_Masculino_EnsinoSuperiorIncompleto 4
converted_ydhvj5i8k_frase_3_2017-12-18_21_RiodeJaneiro_RiodeJaneiro_Masculino_EnsinoSuperiorIncompleto 4
converted_ydhvj5i8k_frase_4_2017-12-18_21_RiodeJaneiro_RiodeJaneiro_Masculino_EnsinoSuperiorIncompleto 4
converted_ydhvj5i8k_frase_5_2017-12-18_21_RiodeJaneiro_RiodeJaneiro_Masculino_EnsinoSuperiorIncompleto 4
converted_ydhvj5i8k_frase_6_2017-12-18_21_RiodeJaneiro_RiodeJaneiro_Masculino_EnsinoSuperiorIncompleto 4
converted_ydhvj5i8k_frase_7_2017-12-18_21_RiodeJaneiro_RiodeJaneiro_Masculino_EnsinoSuperiorIncompleto 4
converted_ydhvj5i8k_frase_8_2017-12-18_21_RiodeJaneiro_RiodeJaneiro_Masculino_EnsinoSuperiorIncompleto 4
converted_ydhvj5i8k_frase_9_2017-12-18_21_RiodeJaneiro_RiodeJaneiro_Masculino_EnsinoSuperiorIncompleto 4
converted_ou20jpxzg_frase_7_2018-08-30_28_Viana_EspiritoSanto_Masculino_EnsinoSuperiorCompleto 5
converted_ou20jpxzg_frase_8_2018-08-30_28_Viana_EspiritoSanto_Masculino_EnsinoSuperiorCompleto 5
converted_ou20jpxzg_frase_9_2018-08-30_28_Viana_EspiritoSanto_Masculino_EnsinoSuperiorCompleto 5
converted_wndd2vkl5_frase_10_2018-08-20_23_Linhares_EspiritoSanto_Masculino_EnsinoSuperiorCompleto 5
converted_wndd2vkl5_frase_11_2018-08-20_23_Linhares_EspiritoSanto_Masculino_EnsinoSuperiorCompleto 5
converted_wndd2vkl5_frase_12_2018-08-20_23_Linhares_EspiritoSanto_Masculino_EnsinoSuperiorCompleto 5
converted_wndd2vkl5_frase_13_2018-08-20_23_Linhares_EspiritoSanto_Masculino_EnsinoSuperiorCompleto 5
converted_wndd2vkl5_frase_14_2018-08-20_23_Linhares_EspiritoSanto_Masculino_EnsinoSuperiorCompleto 5
converted_wndd2vkl5_frase_15_2018-08-20_23_Linhares_EspiritoSanto_Masculino_EnsinoSuperiorCompleto 5
converted_wndd2vkl5_frase_16_2018-08-20_23_Linhares_EspiritoSanto_Masculino_EnsinoSuperiorCompleto 5
converted_wndd2vkl5_frase_2_2018-08-20_23_Linhares_EspiritoSanto_Masculino_EnsinoSuperiorCompleto 5
converted_wndd2vkl5_frase_6_2018-08-20_23_Linhares_EspiritoSanto_Masculino_EnsinoSuperiorCompleto 5
converted_wndd2vkl5_frase_7_2018-08-20_23_Linhares_EspiritoSanto_Masculino_EnsinoSuperiorCompleto 5
converted_y2j2ecpsh_frase_10_2018-09-03_25_Aracruz_EspiritoSanto_Masculino_EnsinoSuperiorCompleto 5
converted_y2j2ecpsh_frase_11_2018-09-03_25_Aracruz_EspiritoSanto_Masculino_EnsinoSuperiorCompleto 5
converted_y2j2ecpsh_frase_12_2018-09-03_25_Aracruz_EspiritoSanto_Masculino_EnsinoSuperiorCompleto 5
converted_y2j2ecpsh_frase_13_2018-09-03_25_Aracruz_EspiritoSanto_Masculino_EnsinoSuperiorCompleto 5
converted_y2j2ecpsh_frase_14_2018-09-03_25_Aracruz_EspiritoSanto_Masculino_EnsinoSuperiorCompleto 5
converted_y2j2ecpsh_frase_15_2018-09-03_25_Aracruz_EspiritoSanto_Masculino_EnsinoSuperiorCompleto 5
converted_y2j2ecpsh_frase_3_2018-09-03_25_Aracruz_EspiritoSanto_Masculino_EnsinoSuperiorCompleto 5
converted_y2j2ecpsh_frase_5_2018-09-03_25_Aracruz_EspiritoSanto_Masculino_EnsinoSuperiorCompleto 5
converted_y2j2ecpsh_frase_6_2018-09-03_25_Aracruz_EspiritoSanto_Masculino_EnsinoSuperiorCompleto 5
converted_y2j2ecpsh_frase_7_2018-09-03_25_Aracruz_EspiritoSanto_Masculino_EnsinoSuperiorCompleto 5
converted_y2j2ecpsh_frase_8_2018-09-03_25_Aracruz_EspiritoSanto_Masculino_EnsinoSuperiorCompleto 5
converted_y2j2ecpsh_frase_9_2018-09-03_25_Aracruz_EspiritoSanto_Masculino_EnsinoSuperiorCompleto 5
converted_o1ooalfpf_frase_14_2018-07-11_52_PauloAfonso_Bahia_Masculino_EnsinoSuperiorCompleto 6
converted_o1ooalfpf_frase_15_2018-07-11_52_PauloAfonso_Bahia_Masculino_EnsinoSuperiorCompleto 6
converted_o1ooalfpf_frase_2_2018-07-11_52_PauloAfonso_Bahia_Masculino_EnsinoSuperiorCompleto 6
converted_o1ooalfpf_frase_3_2018-07-11_52_PauloAfonso_Bahia_Masculino_EnsinoSuperiorCompleto 6
converted_o1ooalfpf_frase_4_2018-07-11_52_PauloAfonso_Bahia_Masculino_EnsinoSuperiorCompleto 6
converted_o1ooalfpf_frase_5_2018-07-11_52_PauloAfonso_Bahia_Masculino_EnsinoSuperiorCompleto 6
converted_o1ooalfpf_frase_6_2018-07-11_52_PauloAfonso_Bahia_Masculino_EnsinoSuperiorCompleto 6
converted_o1ooalfpf_frase_7_2018-07-11_52_PauloAfonso_Bahia_Masculino_EnsinoSuperiorCompleto 6
converted_o1ooalfpf_frase_8_2018-07-11_52_PauloAfonso_Bahia_Masculino_EnsinoSuperiorCompleto 6
converted_o1ooalfpf_frase_9_2018-07-11_52_PauloAfonso_Bahia_Masculino_EnsinoSuperiorCompleto 6
converted_sj5yb1877_frase_10_2017-11-22_26_Imperatriz_Maranhao_Masculino_Doutorado 6
converted_sj5yb1877_frase_11_2017-11-22_26_Imperatriz_Maranhao_Masculino_Doutorado 6
converted_sj5yb1877_frase_1_2017-11-22_26_Imperatriz_Maranhao_Masculino_Doutorado 6
converted_sj5yb1877_frase_12_2017-11-22_26_Imperatriz_Maranhao_Masculino_Doutorado 6
converted_sj5yb1877_frase_13_2017-11-22_26_Imperatriz_Maranhao_Masculino_Doutorado 6
converted_sj5yb1877_frase_14_2017-11-22_26_Imperatriz_Maranhao_Masculino_Doutorado 6
converted_sj5yb1877_frase_15_2017-11-22_26_Imperatriz_Maranhao_Masculino_Doutorado 6
converted_sj5yb1877_frase_16_2017-11-22_26_Imperatriz_Maranhao_Masculino_Doutorado 6
converted_sj5yb1877_frase_2_2017-11-22_26_Imperatriz_Maranhao_Masculino_Doutorado 6
converted_sj5yb1877_frase_3_2017-11-22_26_Imperatriz_Maranhao_Masculino_Doutorado 6
converted_sj5yb1877_frase_4_2017-11-22_26_Imperatriz_Maranhao_Masculino_Doutorado 6
converted_sj5yb1877_frase_5_2017-11-22_26_Imperatriz_Maranhao_Masculino_Doutorado 6
converted_sj5yb1877_frase_6_2017-11-22_26_Imperatriz_Maranhao_Masculino_Doutorado 6
converted_sj5yb1877_frase_7_2017-11-22_26_Imperatriz_Maranhao_Masculino_Doutorado 6
converted_sj5yb1877_frase_8_2017-11-22_26_Imperatriz_Maranhao_Masculino_Doutorado 6
converted_sj5yb1877_frase_9_2017-11-22_26_Imperatriz_Maranhao_Masculino_Doutorado 6
converted_skysc0f11_frase_10_2018-08-20_35_PauloAfonso_Bahia_Masculino_EnsinoSuperiorCompleto 6
converted_skysc0f11_frase_11_2018-08-20_35_PauloAfonso_Bahia_Masculino_EnsinoSuperiorCompleto 6
converted_skysc0f11_frase_1_2018-08-20_35_PauloAfonso_Bahia_Masculino_EnsinoSuperiorCompleto 6
converted_skysc0f11_frase_12_2018-08-20_35_PauloAfonso_Bahia_Masculino_EnsinoSuperiorCompleto 6
converted_skysc0f11_frase_13_2018-08-20_35_PauloAfonso_Bahia_Masculino_EnsinoSuperiorCompleto 6
converted_skysc0f11_frase_14_2018-08-20_35_PauloAfonso_Bahia_Masculino_EnsinoSuperiorCompleto 6
converted_skysc0f11_frase_15_2018-08-20_35_PauloAfonso_Bahia_Masculino_EnsinoSuperiorCompleto 6
converted_skysc0f11_frase_2_2018-08-20_35_PauloAfonso_Bahia_Masculino_EnsinoSuperiorCompleto 6
converted_skysc0f11_frase_3_2018-08-20_35_PauloAfonso_Bahia_Masculino_EnsinoSuperiorCompleto 6
converted_skysc0f11_frase_4_2018-08-20_35_PauloAfonso_Bahia_Masculino_EnsinoSuperiorCompleto 6
converted_skysc0f11_frase_5_2018-08-20_35_PauloAfonso_Bahia_Masculino_EnsinoSuperiorCompleto 6
converted_skysc0f11_frase_6_2018-08-20_35_PauloAfonso_Bahia_Masculino_EnsinoSuperiorCompleto 6
converted_skysc0f11_frase_7_2018-08-20_35_PauloAfonso_Bahia_Masculino_EnsinoSuperiorCompleto 6
converted_skysc0f11_frase_8_2018-08-20_35_PauloAfonso_Bahia_Masculino_EnsinoSuperiorCompleto 6
converted_skysc0f11_frase_9_2018-08-20_35_PauloAfonso_Bahia_Masculino_EnsinoSuperiorCompleto 6
converted_uak101neu_frase_16_2018-07-11_52_PauloAfonso_Bahia_Masculino_EnsinoSuperiorCompleto 6
converted_umnmgb9w1_frase_10_2018-02-06_31_CampinaGrande_Paraiba_Masculino_EnsinoSuperiorCompleto 6
converted_umnmgb9w1_frase_1_2018-02-06_31_CampinaGrande_Paraiba_Masculino_EnsinoSuperiorCompleto 6
converted_umnmgb9w1_frase_2_2018-02-06_31_CampinaGrande_Paraiba_Masculino_EnsinoSuperiorCompleto 6
converted_umnmgb9w1_frase_3_2018-02-06_31_CampinaGrande_Paraiba_Masculino_EnsinoSuperiorCompleto 6
converted_umnmgb9w1_frase_4_2018-02-06_31_CampinaGrande_Paraiba_Masculino_EnsinoSuperiorCompleto 6
converted_umnmgb9w1_frase_5_2018-02-06_31_CampinaGrande_Paraiba_Masculino_EnsinoSuperiorCompleto 6
converted_umnmgb9w1_frase_6_2018-02-06_31_CampinaGrande_Paraiba_Masculino_EnsinoSuperiorCompleto 6
converted_umnmgb9w1_frase_8_2018-02-06_31_CampinaGrande_Paraiba_Masculino_EnsinoSuperiorCompleto 6
converted_umnmgb9w1_frase_9_2018-02-06_31_CampinaGrande_Paraiba_Masculino_EnsinoSuperiorCompleto 6
converted_uxlf9uawg_frase_1_1975-04-04_42_PauloAfonso_Bahia_Masculino_EnsinoMedioCompleto 6
converted_uxlf9uawg_frase_2_1975-04-04_42_PauloAfonso_Bahia_Masculino_EnsinoMedioCompleto 6
converted_uxlf9uawg_frase_3_1975-04-04_42_PauloAfonso_Bahia_Masculino_EnsinoMedioCompleto 6
converted_vy2pg5pak_frase_1_2017-12-12_26_CampinaGrande_Paraiba_Masculino_Mestrado 6
converted_vy2pg5pak_frase_2_2017-12-12_26_CampinaGrande_Paraiba_Masculino_Mestrado 6
converted_vy2pg5pak_frase_3_2017-12-12_26_CampinaGrande_Paraiba_Masculino_Mestrado 6
converted_wgolwdw0a_frase_10_2018-08-25_28_CampinaGrande_Paraiba_Masculino_EnsinoSuperiorIncompleto 6
converted_wgolwdw0a_frase_11_2018-08-25_28_CampinaGrande_Paraiba_Masculino_EnsinoSuperiorIncompleto 6
converted_wgolwdw0a_frase_1_2018-08-25_28_CampinaGrande_Paraiba_Masculino_EnsinoSuperiorIncompleto 6
converted_wgolwdw0a_frase_12_2018-08-25_28_CampinaGrande_Paraiba_Masculino_EnsinoSuperiorIncompleto 6
converted_wgolwdw0a_frase_13_2018-08-25_28_CampinaGrande_Paraiba_Masculino_EnsinoSuperiorIncompleto 6
converted_wgolwdw0a_frase_5_2018-08-25_28_CampinaGrande_Paraiba_Masculino_EnsinoSuperiorIncompleto 6
converted_wgolwdw0a_frase_6_2018-08-25_28_CampinaGrande_Paraiba_Masculino_EnsinoSuperiorIncompleto 6
converted_wgolwdw0a_frase_7_2018-08-25_28_CampinaGrande_Paraiba_Masculino_EnsinoSuperiorIncompleto 6
converted_wgolwdw0a_frase_8_2018-08-25_28_CampinaGrande_Paraiba_Masculino_EnsinoSuperiorIncompleto 6
converted_wgolwdw0a_frase_9_2018-08-25_28_CampinaGrande_Paraiba_Masculino_EnsinoSuperiorIncompleto 6
converted_x2e1a91ag_frase_10_2018-08-08_26_PauloAfonso_Bahia_Masculino_EnsinoSuperiorCompleto 6
converted_x2e1a91ag_frase_11_2018-08-08_26_PauloAfonso_Bahia_Masculino_EnsinoSuperiorCompleto 6
converted_x2e1a91ag_frase_1_2018-08-08_26_PauloAfonso_Bahia_Masculino_EnsinoSuperiorCompleto 6
converted_x2e1a91ag_frase_12_2018-08-08_26_PauloAfonso_Bahia_Masculino_EnsinoSuperiorCompleto 6
converted_x2e1a91ag_frase_13_2018-08-08_26_PauloAfonso_Bahia_Masculino_EnsinoSuperiorCompleto 6
converted_x2e1a91ag_frase_14_2018-08-08_26_PauloAfonso_Bahia_Masculino_EnsinoSuperiorCompleto 6
converted_x2e1a91ag_frase_15_2018-08-08_26_PauloAfonso_Bahia_Masculino_EnsinoSuperiorCompleto 6
converted_x2e1a91ag_frase_16_2018-08-08_26_PauloAfonso_Bahia_Masculino_EnsinoSuperiorCompleto 6
converted_x2e1a91ag_frase_2_2018-08-08_26_PauloAfonso_Bahia_Masculino_EnsinoSuperiorCompleto 6
converted_x2e1a91ag_frase_3_2018-08-08_26_PauloAfonso_Bahia_Masculino_EnsinoSuperiorCompleto 6
converted_x2e1a91ag_frase_4_2018-08-08_26_PauloAfonso_Bahia_Masculino_EnsinoSuperiorCompleto 6
converted_x2e1a91ag_frase_5_2018-08-08_26_PauloAfonso_Bahia_Masculino_EnsinoSuperiorCompleto 6
converted_x2e1a91ag_frase_6_2018-08-08_26_PauloAfonso_Bahia_Masculino_EnsinoSuperiorCompleto 6
converted_x2e1a91ag_frase_7_2018-08-08_26_PauloAfonso_Bahia_Masculino_EnsinoSuperiorCompleto 6
converted_x2e1a91ag_frase_8_2018-08-08_26_PauloAfonso_Bahia_Masculino_EnsinoSuperiorCompleto 6
converted_x2e1a91ag_frase_9_2018-08-08_26_PauloAfonso_Bahia_Masculino_EnsinoSuperiorCompleto 6
converted_ygh1abzml_frase_10_2017-12-06_30_Pesqueira_Pernambuco_Masculino_Mestrado 6
converted_ygh1abzml_frase_11_2017-12-06_30_Pesqueira_Pernambuco_Masculino_Mestrado 6
converted_ygh1abzml_frase_1_2017-12-06_30_Pesqueira_Pernambuco_Masculino_Mestrado 6
converted_ygh1abzml_frase_12_2017-12-06_30_Pesqueira_Pernambuco_Masculino_Mestrado 6
converted_ygh1abzml_frase_13_2017-12-06_30_Pesqueira_Pernambuco_Masculino_Mestrado 6
converted_ygh1abzml_frase_14_2017-12-06_30_Pesqueira_Pernambuco_Masculino_Mestrado 6
converted_ygh1abzml_frase_15_2017-12-06_30_Pesqueira_Pernambuco_Masculino_Mestrado 6
converted_ygh1abzml_frase_16_2017-12-06_30_Pesqueira_Pernambuco_Masculino_Mestrado 6
converted_ygh1abzml_frase_2_2017-12-06_30_Pesqueira_Pernambuco_Masculino_Mestrado 6
converted_ygh1abzml_frase_3_2017-12-06_30_Pesqueira_Pernambuco_Masculino_Mestrado 6
converted_ygh1abzml_frase_4_2017-12-06_30_Pesqueira_Pernambuco_Masculino_Mestrado 6
converted_ygh1abzml_frase_5_2017-12-06_30_Pesqueira_Pernambuco_Masculino_Mestrado 6
converted_ygh1abzml_frase_6_2017-12-06_30_Pesqueira_Pernambuco_Masculino_Mestrado 6
converted_ygh1abzml_frase_7_2017-12-06_30_Pesqueira_Pernambuco_Masculino_Mestrado 6
converted_ygh1abzml_frase_8_2017-12-06_30_Pesqueira_Pernambuco_Masculino_Mestrado 6
converted_ygh1abzml_frase_9_2017-12-06_30_Pesqueira_Pernambuco_Masculino_Mestrado 6
converted_du4bgnsnv_frase_9_1996-01-17_21_Tatui_SaoPaulo_Masculino_EnsinoSuperiorIncompleto 7
converted_dzpv98zjg_frase_10_2017-11-28_23_bauru_SaoPaulo_Masculino_EnsinoMedioCompleto 7
converted_dzpv98zjg_frase_11_2017-11-28_23_bauru_SaoPaulo_Masculino_EnsinoMedioCompleto 7
converted_dzpv98zjg_frase_1_2017-11-28_23_bauru_SaoPaulo_Masculino_EnsinoMedioCompleto 7
converted_dzpv98zjg_frase_12_2017-11-28_23_bauru_SaoPaulo_Masculino_EnsinoMedioCompleto 7
converted_dzpv98zjg_frase_13_2017-11-28_23_bauru_SaoPaulo_Masculino_EnsinoMedioCompleto 7
converted_dzpv98zjg_frase_14_2017-11-28_23_bauru_SaoPaulo_Masculino_EnsinoMedioCompleto 7
converted_dzpv98zjg_frase_15_2017-11-28_23_bauru_SaoPaulo_Masculino_EnsinoMedioCompleto 7
converted_dzpv98zjg_frase_16_2017-11-28_23_bauru_SaoPaulo_Masculino_EnsinoMedioCompleto 7
converted_dzpv98zjg_frase_2_2017-11-28_23_bauru_SaoPaulo_Masculino_EnsinoMedioCompleto 7
converted_dzpv98zjg_frase_3_2017-11-28_23_bauru_SaoPaulo_Masculino_EnsinoMedioCompleto 7
converted_dzpv98zjg_frase_4_2017-11-28_23_bauru_SaoPaulo_Masculino_EnsinoMedioCompleto 7
converted_dzpv98zjg_frase_5_2017-11-28_23_bauru_SaoPaulo_Masculino_EnsinoMedioCompleto 7
converted_dzpv98zjg_frase_6_2017-11-28_23_bauru_SaoPaulo_Masculino_EnsinoMedioCompleto 7
converted_dzpv98zjg_frase_7_2017-11-28_23_bauru_SaoPaulo_Masculino_EnsinoMedioCompleto 7
converted_dzpv98zjg_frase_8_2017-11-28_23_bauru_SaoPaulo_Masculino_EnsinoMedioCompleto 7
converted_dzpv98zjg_frase_9_2017-11-28_23_bauru_SaoPaulo_Masculino_EnsinoMedioCompleto 7
converted_fqbodmipf_frase_10_2017-11-16_24_Piracicaba_SaoPaulo_Masculino_EnsinoSuperiorCompleto 7
converted_fqbodmipf_frase_11_2017-11-16_24_Piracicaba_SaoPaulo_Masculino_EnsinoSuperiorCompleto 7
converted_fqbodmipf_frase_1_2017-11-16_24_Piracicaba_SaoPaulo_Masculino_EnsinoSuperiorCompleto 7
converted_fqbodmipf_frase_12_2017-11-16_24_Piracicaba_SaoPaulo_Masculino_EnsinoSuperiorCompleto 7
converted_fqbodmipf_frase_13_2017-11-16_24_Piracicaba_SaoPaulo_Masculino_EnsinoSuperiorCompleto 7
converted_fqbodmipf_frase_14_2017-11-16_24_Piracicaba_SaoPaulo_Masculino_EnsinoSuperiorCompleto 7
converted_fqbodmipf_frase_15_2017-11-16_24_Piracicaba_SaoPaulo_Masculino_EnsinoSuperiorCompleto 7
converted_fqbodmipf_frase_16_2017-11-16_24_Piracicaba_SaoPaulo_Masculino_EnsinoSuperiorCompleto 7
converted_fqbodmipf_frase_2_2017-11-16_24_Piracicaba_SaoPaulo_Masculino_EnsinoSuperiorCompleto 7
converted_fqbodmipf_frase_3_2017-11-16_24_Piracicaba_SaoPaulo_Masculino_EnsinoSuperiorCompleto 7
converted_fqbodmipf_frase_4_2017-11-16_24_Piracicaba_SaoPaulo_Masculino_EnsinoSuperiorCompleto 7
converted_fqbodmipf_frase_5_2017-11-16_24_Piracicaba_SaoPaulo_Masculino_EnsinoSuperiorCompleto 7
converted_fqbodmipf_frase_6_2017-11-16_24_Piracicaba_SaoPaulo_Masculino_EnsinoSuperiorCompleto 7
converted_fqbodmipf_frase_7_2017-11-16_24_Piracicaba_SaoPaulo_Masculino_EnsinoSuperiorCompleto 7
converted_fqbodmipf_frase_8_2017-11-16_24_Piracicaba_SaoPaulo_Masculino_EnsinoSuperiorCompleto 7
converted_fqbodmipf_frase_9_2017-11-16_24_Piracicaba_SaoPaulo_Masculino_EnsinoSuperiorCompleto 7
converted_g0rwl15zv_frase_10_2017-12-06_23_Botucatu_SaoPaulo_Masculino_EnsinoSuperiorCompleto 7
converted_g0rwl15zv_frase_11_2017-12-06_23_Botucatu_SaoPaulo_Masculino_EnsinoSuperiorCompleto 7
converted_g0rwl15zv_frase_1_2017-12-06_23_Botucatu_SaoPaulo_Masculino_EnsinoSuperiorCompleto 7
converted_g0rwl15zv_frase_12_2017-12-06_23_Botucatu_SaoPaulo_Masculino_EnsinoSuperiorCompleto 7
converted_g0rwl15zv_frase_13_2017-12-06_23_Botucatu_SaoPaulo_Masculino_EnsinoSuperiorCompleto 7
converted_g0rwl15zv_frase_14_2017-12-06_23_Botucatu_SaoPaulo_Masculino_EnsinoSuperiorCompleto 7
converted_g0rwl15zv_frase_15_2017-12-06_23_Botucatu_SaoPaulo_Masculino_EnsinoSuperiorCompleto 7
converted_g0rwl15zv_frase_16_2017-12-06_23_Botucatu_SaoPaulo_Masculino_EnsinoSuperiorCompleto 7
converted_g0rwl15zv_frase_2_2017-12-06_23_Botucatu_SaoPaulo_Masculino_EnsinoSuperiorCompleto 7
converted_g0rwl15zv_frase_3_2017-12-06_23_Botucatu_SaoPaulo_Masculino_EnsinoSuperiorCompleto 7
converted_g0rwl15zv_frase_4_2017-12-06_23_Botucatu_SaoPaulo_Masculino_EnsinoSuperiorCompleto 7
converted_g0rwl15zv_frase_5_2017-12-06_23_Botucatu_SaoPaulo_Masculino_EnsinoSuperiorCompleto 7
converted_g0rwl15zv_frase_6_2017-12-06_23_Botucatu_SaoPaulo_Masculino_EnsinoSuperiorCompleto 7
converted_g0rwl15zv_frase_7_2017-12-06_23_Botucatu_SaoPaulo_Masculino_EnsinoSuperiorCompleto 7
converted_g0rwl15zv_frase_8_2017-12-06_23_Botucatu_SaoPaulo_Masculino_EnsinoSuperiorCompleto 7
converted_g0rwl15zv_frase_9_2017-12-06_23_Botucatu_SaoPaulo_Masculino_EnsinoSuperiorCompleto 7
converted_ghpeehsvb_frase_1_2017-12-05_40_CaxiasdoSul_RioGrandedoSul_Masculino_EnsinoMedioIncompleto 7
converted_ghpeehsvb_frase_2_2017-12-05_40_CaxiasdoSul_RioGrandedoSul_Masculino_EnsinoMedioIncompleto 7
converted_ghpeehsvb_frase_3_2017-12-05_40_CaxiasdoSul_RioGrandedoSul_Masculino_EnsinoMedioIncompleto 7
converted_ghpeehsvb_frase_4_2017-12-05_40_CaxiasdoSul_RioGrandedoSul_Masculino_EnsinoMedioIncompleto 7
converted_ghpeehsvb_frase_5_2017-12-05_40_CaxiasdoSul_RioGrandedoSul_Masculino_EnsinoMedioIncompleto 7
converted_hy6e8106s_frase_10_2017-11-19_16_SaoJosedosCampos_SaoPaulo_Masculino_EnsinoMedioCompleto 7
converted_hy6e8106s_frase_11_2017-11-19_16_SaoJosedosCampos_SaoPaulo_Masculino_EnsinoMedioCompleto 7
converted_hy6e8106s_frase_1_2017-11-19_16_SaoJosedosCampos_SaoPaulo_Masculino_EnsinoMedioCompleto 7
converted_hy6e8106s_frase_12_2017-11-19_16_SaoJosedosCampos_SaoPaulo_Masculino_EnsinoMedioCompleto 7
converted_hy6e8106s_frase_2_2017-11-19_16_SaoJosedosCampos_SaoPaulo_Masculino_EnsinoMedioCompleto 7
converted_hy6e8106s_frase_3_2017-11-19_16_SaoJosedosCampos_SaoPaulo_Masculino_EnsinoMedioCompleto 7
converted_hy6e8106s_frase_4_2017-11-19_16_SaoJosedosCampos_SaoPaulo_Masculino_EnsinoMedioCompleto 7
converted_hy6e8106s_frase_5_2017-11-19_16_SaoJosedosCampos_SaoPaulo_Masculino_EnsinoMedioCompleto 7
converted_hy6e8106s_frase_6_2017-11-19_16_SaoJosedosCampos_SaoPaulo_Masculino_EnsinoMedioCompleto 7
converted_hy6e8106s_frase_7_2017-11-19_16_SaoJosedosCampos_SaoPaulo_Masculino_EnsinoMedioCompleto 7
converted_hy6e8106s_frase_8_2017-11-19_16_SaoJosedosCampos_SaoPaulo_Masculino_EnsinoMedioCompleto 7
converted_hy6e8106s_frase_9_2017-11-19_16_SaoJosedosCampos_SaoPaulo_Masculino_EnsinoMedioCompleto 7
converted_o2r3tpyf7_frase_10_2017-11-17_27_Limeira_SaoPaulo_Masculino_Doutorado 7
converted_o2r3tpyf7_frase_11_2017-11-17_27_Limeira_SaoPaulo_Masculino_Doutorado 7
converted_o2r3tpyf7_frase_1_2017-11-17_27_Limeira_SaoPaulo_Masculino_Doutorado 7
converted_o2r3tpyf7_frase_12_2017-11-17_27_Limeira_SaoPaulo_Masculino_Doutorado 7
converted_o2r3tpyf7_frase_13_2017-11-17_27_Limeira_SaoPaulo_Masculino_Doutorado 7
converted_o2r3tpyf7_frase_14_2017-11-17_27_Limeira_SaoPaulo_Masculino_Doutorado 7
converted_o2r3tpyf7_frase_15_2017-11-17_27_Limeira_SaoPaulo_Masculino_Doutorado 7
converted_o2r3tpyf7_frase_16_2017-11-17_27_Limeira_SaoPaulo_Masculino_Doutorado 7
converted_o2r3tpyf7_frase_2_2017-11-17_27_Limeira_SaoPaulo_Masculino_Doutorado 7
converted_o2r3tpyf7_frase_3_2017-11-17_27_Limeira_SaoPaulo_Masculino_Doutorado 7
converted_o2r3tpyf7_frase_4_2017-11-17_27_Limeira_SaoPaulo_Masculino_Doutorado 7
converted_o2r3tpyf7_frase_5_2017-11-17_27_Limeira_SaoPaulo_Masculino_Doutorado 7
converted_o2r3tpyf7_frase_6_2017-11-17_27_Limeira_SaoPaulo_Masculino_Doutorado 7
converted_o2r3tpyf7_frase_7_2017-11-17_27_Limeira_SaoPaulo_Masculino_Doutorado 7
converted_o2r3tpyf7_frase_8_2017-11-17_27_Limeira_SaoPaulo_Masculino_Doutorado 7
converted_o2r3tpyf7_frase_9_2017-11-17_27_Limeira_SaoPaulo_Masculino_Doutorado 7
converted_od3yzydgk_frase_10_2017-11-22_28_Palmital_SaoPaulo_Masculino_EnsinoSuperiorCompleto 7
converted_od3yzydgk_frase_11_2017-11-22_28_Palmital_SaoPaulo_Masculino_EnsinoSuperiorCompleto 7
converted_od3yzydgk_frase_1_2017-11-22_28_Palmital_SaoPaulo_Masculino_EnsinoSuperiorCompleto 7
converted_od3yzydgk_frase_12_2017-11-22_28_Palmital_SaoPaulo_Masculino_EnsinoSuperiorCompleto 7
converted_od3yzydgk_frase_13_2017-11-22_28_Palmital_SaoPaulo_Masculino_EnsinoSuperiorCompleto 7
converted_od3yzydgk_frase_14_2017-11-22_28_Palmital_SaoPaulo_Masculino_EnsinoSuperiorCompleto 7
converted_od3yzydgk_frase_15_2017-11-22_28_Palmital_SaoPaulo_Masculino_EnsinoSuperiorCompleto 7
converted_od3yzydgk_frase_16_2017-11-22_28_Palmital_SaoPaulo_Masculino_EnsinoSuperiorCompleto 7
converted_od3yzydgk_frase_2_2017-11-22_28_Palmital_SaoPaulo_Masculino_EnsinoSuperiorCompleto 7
converted_od3yzydgk_frase_3_2017-11-22_28_Palmital_SaoPaulo_Masculino_EnsinoSuperiorCompleto 7
converted_od3yzydgk_frase_4_2017-11-22_28_Palmital_SaoPaulo_Masculino_EnsinoSuperiorCompleto 7
converted_od3yzydgk_frase_5_2017-11-22_28_Palmital_SaoPaulo_Masculino_EnsinoSuperiorCompleto 7
converted_od3yzydgk_frase_6_2017-11-22_28_Palmital_SaoPaulo_Masculino_EnsinoSuperiorCompleto 7
converted_od3yzydgk_frase_7_2017-11-22_28_Palmital_SaoPaulo_Masculino_EnsinoSuperiorCompleto 7
converted_od3yzydgk_frase_8_2017-11-22_28_Palmital_SaoPaulo_Masculino_EnsinoSuperiorCompleto 7
converted_od3yzydgk_frase_9_2017-11-22_28_Palmital_SaoPaulo_Masculino_EnsinoSuperiorCompleto 7
converted_qmsyb18h9_frase_2_2017-11-21_18_SaoPaulo_SaoPaulo_Masculino_EnsinoMedioCompleto 7
converted_r1o9odgok_frase_10_2018-06-11_27_Brasilia_DistritoFederal_Masculino_Mestrado 7
converted_r1o9odgok_frase_11_2018-06-11_27_Brasilia_DistritoFederal_Masculino_Mestrado 7
converted_r1o9odgok_frase_1_2018-06-11_27_Brasilia_DistritoFederal_Masculino_Mestrado 7
converted_r1o9odgok_frase_12_2018-06-11_27_Brasilia_DistritoFederal_Masculino_Mestrado 7
converted_r1o9odgok_frase_13_2018-06-11_27_Brasilia_DistritoFederal_Masculino_Mestrado 7
converted_r1o9odgok_frase_14_2018-06-11_27_Brasilia_DistritoFederal_Masculino_Mestrado 7
converted_r1o9odgok_frase_15_2018-06-11_27_Brasilia_DistritoFederal_Masculino_Mestrado 7
converted_r1o9odgok_frase_16_2018-06-11_27_Brasilia_DistritoFederal_Masculino_Mestrado 7
converted_r1o9odgok_frase_2_2018-06-11_27_Brasilia_DistritoFederal_Masculino_Mestrado 7
converted_r1o9odgok_frase_3_2018-06-11_27_Brasilia_DistritoFederal_Masculino_Mestrado 7
converted_r1o9odgok_frase_4_2018-06-11_27_Brasilia_DistritoFederal_Masculino_Mestrado 7
converted_r1o9odgok_frase_5_2018-06-11_27_Brasilia_DistritoFederal_Masculino_Mestrado 7
converted_r1o9odgok_frase_6_2018-06-11_27_Brasilia_DistritoFederal_Masculino_Mestrado 7
converted_r1o9odgok_frase_7_2018-06-11_27_Brasilia_DistritoFederal_Masculino_Mestrado 7
converted_r1o9odgok_frase_8_2018-06-11_27_Brasilia_DistritoFederal_Masculino_Mestrado 7
converted_r1o9odgok_frase_9_2018-06-11_27_Brasilia_DistritoFederal_Masculino_Mestrado 7
converted_s554xpzfx_frase_1_2018-02-05_24_Goiania_Goias_Masculino_EnsinoSuperiorIncompleto 7
converted_s554xpzfx_frase_2_2018-02-05_24_Goiania_Goias_Masculino_EnsinoSuperiorIncompleto 7
converted_s554xpzfx_frase_4_2018-02-05_24_Goiania_Goias_Masculino_EnsinoSuperiorIncompleto 7
converted_s554xpzfx_frase_5_2018-02-05_24_Goiania_Goias_Masculino_EnsinoSuperiorIncompleto 7
converted_s554xpzfx_frase_6_2018-02-05_24_Goiania_Goias_Masculino_EnsinoSuperiorIncompleto 7
converted_sxnrc01tw_frase_10_2017-11-17_23_CachoeiradoSul_RioGrandedoSul_Masculino_EnsinoSuperiorCompleto 7
converted_sxnrc01tw_frase_11_2017-11-17_23_CachoeiradoSul_RioGrandedoSul_Masculino_EnsinoSuperiorCompleto 7
converted_sxnrc01tw_frase_1_2017-11-17_23_CachoeiradoSul_RioGrandedoSul_Masculino_EnsinoSuperiorCompleto 7
converted_sxnrc01tw_frase_12_2017-11-17_23_CachoeiradoSul_RioGrandedoSul_Masculino_EnsinoSuperiorCompleto 7
converted_sxnrc01tw_frase_13_2017-11-17_23_CachoeiradoSul_RioGrandedoSul_Masculino_EnsinoSuperiorCompleto 7
converted_sxnrc01tw_frase_14_2017-11-17_23_CachoeiradoSul_RioGrandedoSul_Masculino_EnsinoSuperiorCompleto 7
converted_sxnrc01tw_frase_15_2017-11-17_23_CachoeiradoSul_RioGrandedoSul_Masculino_EnsinoSuperiorCompleto 7
converted_sxnrc01tw_frase_16_2017-11-17_23_CachoeiradoSul_RioGrandedoSul_Masculino_EnsinoSuperiorCompleto 7
converted_sxnrc01tw_frase_2_2017-11-17_23_CachoeiradoSul_RioGrandedoSul_Masculino_EnsinoSuperiorCompleto 7
converted_sxnrc01tw_frase_3_2017-11-17_23_CachoeiradoSul_RioGrandedoSul_Masculino_EnsinoSuperiorCompleto 7
converted_sxnrc01tw_frase_4_2017-11-17_23_CachoeiradoSul_RioGrandedoSul_Masculino_EnsinoSuperiorCompleto 7
converted_sxnrc01tw_frase_5_2017-11-17_23_CachoeiradoSul_RioGrandedoSul_Masculino_EnsinoSuperiorCompleto 7
converted_sxnrc01tw_frase_6_2017-11-17_23_CachoeiradoSul_RioGrandedoSul_Masculino_EnsinoSuperiorCompleto 7
converted_sxnrc01tw_frase_7_2017-11-17_23_CachoeiradoSul_RioGrandedoSul_Masculino_EnsinoSuperiorCompleto 7
converted_sxnrc01tw_frase_8_2017-11-17_23_CachoeiradoSul_RioGrandedoSul_Masculino_EnsinoSuperiorCompleto 7
converted_sxnrc01tw_frase_9_2017-11-17_23_CachoeiradoSul_RioGrandedoSul_Masculino_EnsinoSuperiorCompleto 7
converted_un8vc8pvv_frase_10_2018-06-11_22_CampoGrande_MatoGrossodoSul_Masculino_EnsinoSuperiorIncompleto 7
converted_un8vc8pvv_frase_11_2018-06-11_22_CampoGrande_MatoGrossodoSul_Masculino_EnsinoSuperiorIncompleto 7
converted_un8vc8pvv_frase_1_2018-06-11_22_CampoGrande_MatoGrossodoSul_Masculino_EnsinoSuperiorIncompleto 7
converted_un8vc8pvv_frase_12_2018-06-11_22_CampoGrande_MatoGrossodoSul_Masculino_EnsinoSuperiorIncompleto 7
converted_un8vc8pvv_frase_13_2018-06-11_22_CampoGrande_MatoGrossodoSul_Masculino_EnsinoSuperiorIncompleto 7
converted_un8vc8pvv_frase_14_2018-06-11_22_CampoGrande_MatoGrossodoSul_Masculino_EnsinoSuperiorIncompleto 7
converted_un8vc8pvv_frase_15_2018-06-11_22_CampoGrande_MatoGrossodoSul_Masculino_EnsinoSuperiorIncompleto 7
converted_un8vc8pvv_frase_16_2018-06-11_22_CampoGrande_MatoGrossodoSul_Masculino_EnsinoSuperiorIncompleto 7
converted_un8vc8pvv_frase_2_2018-06-11_22_CampoGrande_MatoGrossodoSul_Masculino_EnsinoSuperiorIncompleto 7
converted_un8vc8pvv_frase_3_2018-06-11_22_CampoGrande_MatoGrossodoSul_Masculino_EnsinoSuperiorIncompleto 7
converted_un8vc8pvv_frase_4_2018-06-11_22_CampoGrande_MatoGrossodoSul_Masculino_EnsinoSuperiorIncompleto 7
converted_un8vc8pvv_frase_5_2018-06-11_22_CampoGrande_MatoGrossodoSul_Masculino_EnsinoSuperiorIncompleto 7
converted_un8vc8pvv_frase_6_2018-06-11_22_CampoGrande_MatoGrossodoSul_Masculino_EnsinoSuperiorIncompleto 7
converted_un8vc8pvv_frase_7_2018-06-11_22_CampoGrande_MatoGrossodoSul_Masculino_EnsinoSuperiorIncompleto 7
converted_un8vc8pvv_frase_8_2018-06-11_22_CampoGrande_MatoGrossodoSul_Masculino_EnsinoSuperiorIncompleto 7
converted_un8vc8pvv_frase_9_2018-06-11_22_CampoGrande_MatoGrossodoSul_Masculino_EnsinoSuperiorIncompleto 7
converted_v4mk2ig7j_frase_10_2017-11-20_31_PortoAlegre_RioGrandedoSul_Masculino_Doutorado 7
converted_v4mk2ig7j_frase_11_2017-11-20_31_PortoAlegre_RioGrandedoSul_Masculino_Doutorado 7
converted_v4mk2ig7j_frase_1_2017-11-20_31_PortoAlegre_RioGrandedoSul_Masculino_Doutorado 7
converted_v4mk2ig7j_frase_12_2017-11-20_31_PortoAlegre_RioGrandedoSul_Masculino_Doutorado 7
converted_v4mk2ig7j_frase_13_2017-11-20_31_PortoAlegre_RioGrandedoSul_Masculino_Doutorado 7
converted_v4mk2ig7j_frase_14_2017-11-20_31_PortoAlegre_RioGrandedoSul_Masculino_Doutorado 7
converted_v4mk2ig7j_frase_15_2017-11-20_31_PortoAlegre_RioGrandedoSul_Masculino_Doutorado 7
converted_v4mk2ig7j_frase_16_2017-11-20_31_PortoAlegre_RioGrandedoSul_Masculino_Doutorado 7
converted_v4mk2ig7j_frase_2_2017-11-20_31_PortoAlegre_RioGrandedoSul_Masculino_Doutorado 7
converted_v4mk2ig7j_frase_3_2017-11-20_31_PortoAlegre_RioGrandedoSul_Masculino_Doutorado 7
converted_v4mk2ig7j_frase_4_2017-11-20_31_PortoAlegre_RioGrandedoSul_Masculino_Doutorado 7
converted_v4mk2ig7j_frase_6_2017-11-20_31_PortoAlegre_RioGrandedoSul_Masculino_Doutorado 7
converted_v4mk2ig7j_frase_7_2017-11-20_31_PortoAlegre_RioGrandedoSul_Masculino_Doutorado 7
converted_v4mk2ig7j_frase_8_2017-11-20_31_PortoAlegre_RioGrandedoSul_Masculino_Doutorado 7
converted_v4mk2ig7j_frase_9_2017-11-20_31_PortoAlegre_RioGrandedoSul_Masculino_Doutorado 7
converted_wosoa6712_frase_10_2018-08-24_29_Campinas_SaoPaulo_Masculino_EnsinoSuperiorCompleto 7
converted_wosoa6712_frase_11_2018-08-24_29_Campinas_SaoPaulo_Masculino_EnsinoSuperiorCompleto 7
converted_wosoa6712_frase_1_2018-08-24_29_Campinas_SaoPaulo_Masculino_EnsinoSuperiorCompleto 7
converted_wosoa6712_frase_12_2018-08-24_29_Campinas_SaoPaulo_Masculino_EnsinoSuperiorCompleto 7
converted_wosoa6712_frase_13_2018-08-24_29_Campinas_SaoPaulo_Masculino_EnsinoSuperiorCompleto 7
converted_wosoa6712_frase_14_2018-08-24_29_Campinas_SaoPaulo_Masculino_EnsinoSuperiorCompleto 7
converted_wosoa6712_frase_15_2018-08-24_29_Campinas_SaoPaulo_Masculino_EnsinoSuperiorCompleto 7
converted_wosoa6712_frase_16_2018-08-24_29_Campinas_SaoPaulo_Masculino_EnsinoSuperiorCompleto 7
converted_wosoa6712_frase_2_2018-08-24_29_Campinas_SaoPaulo_Masculino_EnsinoSuperiorCompleto 7
converted_wosoa6712_frase_3_2018-08-24_29_Campinas_SaoPaulo_Masculino_EnsinoSuperiorCompleto 7
converted_wosoa6712_frase_4_2018-08-24_29_Campinas_SaoPaulo_Masculino_EnsinoSuperiorCompleto 7
converted_wosoa6712_frase_5_2018-08-24_29_Campinas_SaoPaulo_Masculino_EnsinoSuperiorCompleto 7
converted_wosoa6712_frase_6_2018-08-24_29_Campinas_SaoPaulo_Masculino_EnsinoSuperiorCompleto 7
converted_wosoa6712_frase_7_2018-08-24_29_Campinas_SaoPaulo_Masculino_EnsinoSuperiorCompleto 7
converted_wosoa6712_frase_8_2018-08-24_29_Campinas_SaoPaulo_Masculino_EnsinoSuperiorCompleto 7
converted_wosoa6712_frase_9_2018-08-24_29_Campinas_SaoPaulo_Masculino_EnsinoSuperiorCompleto 7
converted_y9tnecd40_frase_10_2017-11-20_27_Curitiba_Parana_Masculino_EnsinoMedioCompleto 7
converted_y9tnecd40_frase_11_2017-11-20_27_Curitiba_Parana_Masculino_EnsinoMedioCompleto 7
converted_y9tnecd40_frase_1_2017-11-20_27_Curitiba_Parana_Masculino_EnsinoMedioCompleto 7
converted_y9tnecd40_frase_12_2017-11-20_27_Curitiba_Parana_Masculino_EnsinoMedioCompleto 7
converted_y9tnecd40_frase_13_2017-11-20_27_Curitiba_Parana_Masculino_EnsinoMedioCompleto 7
converted_y9tnecd40_frase_14_2017-11-20_27_Curitiba_Parana_Masculino_EnsinoMedioCompleto 7
converted_y9tnecd40_frase_15_2017-11-20_27_Curitiba_Parana_Masculino_EnsinoMedioCompleto 7
converted_y9tnecd40_frase_16_2017-11-20_27_Curitiba_Parana_Masculino_EnsinoMedioCompleto 7
converted_y9tnecd40_frase_2_2017-11-20_27_Curitiba_Parana_Masculino_EnsinoMedioCompleto 7
converted_y9tnecd40_frase_3_2017-11-20_27_Curitiba_Parana_Masculino_EnsinoMedioCompleto 7
converted_y9tnecd40_frase_4_2017-11-20_27_Curitiba_Parana_Masculino_EnsinoMedioCompleto 7
converted_y9tnecd40_frase_5_2017-11-20_27_Curitiba_Parana_Masculino_EnsinoMedioCompleto 7
converted_y9tnecd40_frase_6_2017-11-20_27_Curitiba_Parana_Masculino_EnsinoMedioCompleto 7
converted_y9tnecd40_frase_7_2017-11-20_27_Curitiba_Parana_Masculino_EnsinoMedioCompleto 7
converted_y9tnecd40_frase_8_2017-11-20_27_Curitiba_Parana_Masculino_EnsinoMedioCompleto 7
converted_y9tnecd40_frase_9_2017-11-20_27_Curitiba_Parana_Masculino_EnsinoMedioCompleto 7
converted_z8v7gyx0k_frase_1_2017-11-20_16_Curitiba_Parana_Masculino_EnsinoMedioIncompleto 7
converted_z8v7gyx0k_frase_2_2017-11-20_16_Curitiba_Parana_Masculino_EnsinoMedioIncompleto 7
converted_z8v7gyx0k_frase_3_2017-11-20_16_Curitiba_Parana_Masculino_EnsinoMedioIncompleto 7
converted_z8v7gyx0k_frase_5_2017-11-20_16_Curitiba_Parana_Masculino_EnsinoMedioIncompleto 7
converted_z8v7gyx0k_frase_6_2017-11-20_16_Curitiba_Parana_Masculino_EnsinoMedioIncompleto 7
